This file contains any messages produced by compilers while
running configure, to aid debugging if configure makes a mistake.

It was created by libvorbis configure 1.2.3, which was
generated by GNU Autoconf 2.65.  Invocation command line was

  $ ./configure --host=mipsel-linux --build=x86_64-linux-gnu --enable-shared --enable-static --prefix= --disable-oggtest --with-ogg-includes=/home/forgotfun/project/Rainbow/shibby_110/release/src-rt/router/libogg/include --with-ogg-libraries=/home/forgotfun/project/Rainbow/shibby_110/release/src-rt/router/libogg/src/.libs build_alias=x86_64-linux-gnu host_alias=mipsel-linux CC=mipsel-uclibc-gcc CFLAGS=-Os -Wall -DLINUX26 -DCONFIG_BCMWL5 -pipe -DBCMWPA2 -funit-at-a-time -Wno-pointer-sign -mtune=mips32 -mips32   -fPIC -ffunction-sections -fdata-sections LDFLAGS=-L/home/forgotfun/project/Rainbow/shibby_110/release/src-rt/router/libogg/src/.libs -fPIC -ffunction-sections -fdata-sections -Wl,--gc-sections CPPFLAGS=-I/home/forgotfun/project/Rainbow/shibby_110/release/src-rt/router/libogg/include --no-create --no-recursion

## --------- ##
## Platform. ##
## --------- ##

hostname = ThinkPad-X230
uname -m = x86_64
uname -r = 3.8.0-34-generic
uname -s = Linux
uname -v = #49-Ubuntu SMP Tue Nov 12 18:00:10 UTC 2013

/usr/bin/uname -p = unknown
/bin/uname -X     = unknown

/bin/arch              = unknown
/usr/bin/arch -k       = unknown
/usr/convex/getsysinfo = unknown
/usr/bin/hostinfo      = unknown
/bin/machine           = unknown
/usr/bin/oslevel       = unknown
/bin/universe          = unknown

PATH: /home/forgotfun/project/NewStageCode/shibby_110/release/tools
PATH: /projects/hnd/tools/linux/hndtools-arm-linux-2.6.36-uclibc-4.5.3/bin/
PATH: /usr/lib/lightdm/lightdm
PATH: /usr/local/sbin
PATH: /usr/local/bin
PATH: /usr/sbin
PATH: /usr/bin
PATH: /sbin
PATH: /bin
PATH: /usr/games
PATH: /usr/local/games
PATH: /opt/brcm/hndtools-mipsel-linux/bin
PATH: /opt/brcm/hndtools-mipsel-uclibc/bin


## ----------- ##
## Core tests. ##
## ----------- ##

configure:2605: checking build system type
configure:2619: result: x86_64-pc-linux-gnu
configure:2639: checking host system type
configure:2652: result: mipsel-unknown-linux-gnu
configure:2672: checking target system type
configure:2685: result: mipsel-unknown-linux-gnu
configure:2728: checking for a BSD-compatible install
configure:2796: result: /usr/bin/install -c
configure:2807: checking whether build environment is sane
configure:2844: result: yes
configure:2869: checking for a thread-safe mkdir -p
configure:2908: result: /bin/mkdir -p
configure:2921: checking for gawk
configure:2937: found /usr/bin/gawk
configure:2948: result: gawk
configure:2959: checking whether make sets $(MAKE)
configure:2981: result: yes
configure:3059: checking for mipsel-linux-strip
configure:3086: result: mipsel-uclibc-strip -R .note -R .comment
configure:3202: checking for mipsel-linux-gcc
configure:3229: result: mipsel-uclibc-gcc
configure:3498: checking for C compiler version
configure:3507: mipsel-uclibc-gcc --version >&5
mipsel-uclibc-gcc (GCC) 4.2.4
Copyright (C) 2007 Free Software Foundation, Inc.
This is free software; see the source for copying conditions.  There is NO
warranty; not even for MERCHANTABILITY or FITNESS FOR A PARTICULAR PURPOSE.

configure:3518: $? = 0
configure:3507: mipsel-uclibc-gcc -v >&5
Using built-in specs.
Target: mipsel-linux-uclibc
Configured with: /home/shibby/openwrt/tomato.toolchain/t/build_dir/toolchain-mipsel_gcc4.2.4/gcc-4.2.4/configure --prefix=/opt/brcm/hndtools-mipsel-uclibc-4.2.4 --build=x86_64-linux-gnu --host=x86_64-linux-gnu --target=mipsel-linux-uclibc --with-gnu-ld --enable-target-optspace --disable-libgomp --disable-libmudflap --disable-multilib --disable-nls --disable-__cxa_atexit --enable-libssp --enable-languages=c,c++ --enable-shared --enable-threads --enable-tls
Thread model: posix
gcc version 4.2.4
configure:3518: $? = 0
configure:3507: mipsel-uclibc-gcc -V >&5
mipsel-uclibc-gcc: '-V' option must have argument
configure:3518: $? = 1
configure:3507: mipsel-uclibc-gcc -qversion >&5
mipsel-uclibc-gcc: unrecognized option '-qversion'
mipsel-uclibc-gcc: no input files
configure:3518: $? = 1
configure:3538: checking whether the C compiler works
configure:3560: mipsel-uclibc-gcc -Os -Wall -DLINUX26 -DCONFIG_BCMWL5 -pipe -DBCMWPA2 -funit-at-a-time -Wno-pointer-sign -mtune=mips32 -mips32   -fPIC -ffunction-sections -fdata-sections -I/home/forgotfun/project/Rainbow/shibby_110/release/src-rt/router/libogg/include -L/home/forgotfun/project/Rainbow/shibby_110/release/src-rt/router/libogg/src/.libs -fPIC -ffunction-sections -fdata-sections -Wl,--gc-sections conftest.c  >&5
configure:3564: $? = 0
configure:3613: result: yes
configure:3616: checking for C compiler default output file name
configure:3618: result: a.out
configure:3624: checking for suffix of executables
configure:3631: mipsel-uclibc-gcc -o conftest -Os -Wall -DLINUX26 -DCONFIG_BCMWL5 -pipe -DBCMWPA2 -funit-at-a-time -Wno-pointer-sign -mtune=mips32 -mips32   -fPIC -ffunction-sections -fdata-sections -I/home/forgotfun/project/Rainbow/shibby_110/release/src-rt/router/libogg/include -L/home/forgotfun/project/Rainbow/shibby_110/release/src-rt/router/libogg/src/.libs -fPIC -ffunction-sections -fdata-sections -Wl,--gc-sections conftest.c  >&5
configure:3635: $? = 0
configure:3657: result: 
configure:3679: checking whether we are cross compiling
configure:3717: result: yes
configure:3722: checking for suffix of object files
configure:3744: mipsel-uclibc-gcc -c -Os -Wall -DLINUX26 -DCONFIG_BCMWL5 -pipe -DBCMWPA2 -funit-at-a-time -Wno-pointer-sign -mtune=mips32 -mips32   -fPIC -ffunction-sections -fdata-sections -I/home/forgotfun/project/Rainbow/shibby_110/release/src-rt/router/libogg/include conftest.c >&5
configure:3748: $? = 0
configure:3769: result: o
configure:3773: checking whether we are using the GNU C compiler
configure:3792: mipsel-uclibc-gcc -c -Os -Wall -DLINUX26 -DCONFIG_BCMWL5 -pipe -DBCMWPA2 -funit-at-a-time -Wno-pointer-sign -mtune=mips32 -mips32   -fPIC -ffunction-sections -fdata-sections -I/home/forgotfun/project/Rainbow/shibby_110/release/src-rt/router/libogg/include conftest.c >&5
configure:3792: $? = 0
configure:3801: result: yes
configure:3810: checking whether mipsel-uclibc-gcc accepts -g
configure:3830: mipsel-uclibc-gcc -c -g -I/home/forgotfun/project/Rainbow/shibby_110/release/src-rt/router/libogg/include conftest.c >&5
configure:3830: $? = 0
configure:3871: result: yes
configure:3888: checking for mipsel-uclibc-gcc option to accept ISO C89
configure:3952: mipsel-uclibc-gcc  -c -Os -Wall -DLINUX26 -DCONFIG_BCMWL5 -pipe -DBCMWPA2 -funit-at-a-time -Wno-pointer-sign -mtune=mips32 -mips32   -fPIC -ffunction-sections -fdata-sections -I/home/forgotfun/project/Rainbow/shibby_110/release/src-rt/router/libogg/include conftest.c >&5
configure:3952: $? = 0
configure:3965: result: none needed
configure:3996: checking for style of include used by make
configure:4024: result: GNU
configure:4049: checking dependency style of mipsel-uclibc-gcc
configure:4140: result: gcc3
configure:4160: checking how to run the C preprocessor
configure:4191: mipsel-uclibc-gcc -E -I/home/forgotfun/project/Rainbow/shibby_110/release/src-rt/router/libogg/include conftest.c
configure:4191: $? = 0
configure:4205: mipsel-uclibc-gcc -E -I/home/forgotfun/project/Rainbow/shibby_110/release/src-rt/router/libogg/include conftest.c
conftest.c:11:28: error: ac_nonexistent.h: No such file or directory
configure:4205: $? = 1
configure: failed program was:
| /* confdefs.h */
| #define PACKAGE_NAME "libvorbis"
| #define PACKAGE_TARNAME "libvorbis"
| #define PACKAGE_VERSION "1.2.3"
| #define PACKAGE_STRING "libvorbis 1.2.3"
| #define PACKAGE_BUGREPORT "vorbis-dev@xiph.org"
| #define PACKAGE_URL ""
| #define PACKAGE "libvorbis"
| #define VERSION "1.2.3"
| /* end confdefs.h.  */
| #include <ac_nonexistent.h>
configure:4230: result: mipsel-uclibc-gcc -E
configure:4250: mipsel-uclibc-gcc -E -I/home/forgotfun/project/Rainbow/shibby_110/release/src-rt/router/libogg/include conftest.c
configure:4250: $? = 0
configure:4264: mipsel-uclibc-gcc -E -I/home/forgotfun/project/Rainbow/shibby_110/release/src-rt/router/libogg/include conftest.c
conftest.c:11:28: error: ac_nonexistent.h: No such file or directory
configure:4264: $? = 1
configure: failed program was:
| /* confdefs.h */
| #define PACKAGE_NAME "libvorbis"
| #define PACKAGE_TARNAME "libvorbis"
| #define PACKAGE_VERSION "1.2.3"
| #define PACKAGE_STRING "libvorbis 1.2.3"
| #define PACKAGE_BUGREPORT "vorbis-dev@xiph.org"
| #define PACKAGE_URL ""
| #define PACKAGE "libvorbis"
| #define VERSION "1.2.3"
| /* end confdefs.h.  */
| #include <ac_nonexistent.h>
configure:4295: checking for inline
configure:4311: mipsel-uclibc-gcc -c -Os -Wall -DLINUX26 -DCONFIG_BCMWL5 -pipe -DBCMWPA2 -funit-at-a-time -Wno-pointer-sign -mtune=mips32 -mips32   -fPIC -ffunction-sections -fdata-sections -I/home/forgotfun/project/Rainbow/shibby_110/release/src-rt/router/libogg/include conftest.c >&5
configure:4311: $? = 0
configure:4319: result: inline
configure:4412: checking for a sed that does not truncate output
configure:4468: result: /bin/sed
configure:4471: checking for grep that handles long lines and -e
configure:4529: result: /bin/grep
configure:4534: checking for egrep
configure:4596: result: /bin/grep -E
configure:4612: checking for ld used by mipsel-uclibc-gcc
configure:4679: result: mipsel-uclibc-ld
configure:4686: checking if the linker (mipsel-uclibc-ld) is GNU ld
configure:4701: result: yes
configure:4706: checking for mipsel-uclibc-ld option to reload object files
configure:4713: result: -r
configure:4731: checking for BSD-compatible nm
configure:4780: result: mipsel-uclibc-nm
configure:4784: checking whether ln -s works
configure:4788: result: yes
configure:4795: checking how to recognize dependent libraries
configure:4981: result: pass_all
configure:5474: checking for ANSI C header files
configure:5494: mipsel-uclibc-gcc -c -Os -Wall -DLINUX26 -DCONFIG_BCMWL5 -pipe -DBCMWPA2 -funit-at-a-time -Wno-pointer-sign -mtune=mips32 -mips32   -fPIC -ffunction-sections -fdata-sections -I/home/forgotfun/project/Rainbow/shibby_110/release/src-rt/router/libogg/include conftest.c >&5
configure:5494: $? = 0
configure:5578: result: yes
configure:5591: checking for sys/types.h
configure:5591: mipsel-uclibc-gcc -c -Os -Wall -DLINUX26 -DCONFIG_BCMWL5 -pipe -DBCMWPA2 -funit-at-a-time -Wno-pointer-sign -mtune=mips32 -mips32   -fPIC -ffunction-sections -fdata-sections -I/home/forgotfun/project/Rainbow/shibby_110/release/src-rt/router/libogg/include conftest.c >&5
configure:5591: $? = 0
configure:5591: result: yes
configure:5591: checking for sys/stat.h
configure:5591: mipsel-uclibc-gcc -c -Os -Wall -DLINUX26 -DCONFIG_BCMWL5 -pipe -DBCMWPA2 -funit-at-a-time -Wno-pointer-sign -mtune=mips32 -mips32   -fPIC -ffunction-sections -fdata-sections -I/home/forgotfun/project/Rainbow/shibby_110/release/src-rt/router/libogg/include conftest.c >&5
configure:5591: $? = 0
configure:5591: result: yes
configure:5591: checking for stdlib.h
configure:5591: mipsel-uclibc-gcc -c -Os -Wall -DLINUX26 -DCONFIG_BCMWL5 -pipe -DBCMWPA2 -funit-at-a-time -Wno-pointer-sign -mtune=mips32 -mips32   -fPIC -ffunction-sections -fdata-sections -I/home/forgotfun/project/Rainbow/shibby_110/release/src-rt/router/libogg/include conftest.c >&5
configure:5591: $? = 0
configure:5591: result: yes
configure:5591: checking for string.h
configure:5591: mipsel-uclibc-gcc -c -Os -Wall -DLINUX26 -DCONFIG_BCMWL5 -pipe -DBCMWPA2 -funit-at-a-time -Wno-pointer-sign -mtune=mips32 -mips32   -fPIC -ffunction-sections -fdata-sections -I/home/forgotfun/project/Rainbow/shibby_110/release/src-rt/router/libogg/include conftest.c >&5
configure:5591: $? = 0
configure:5591: result: yes
configure:5591: checking for memory.h
configure:5591: mipsel-uclibc-gcc -c -Os -Wall -DLINUX26 -DCONFIG_BCMWL5 -pipe -DBCMWPA2 -funit-at-a-time -Wno-pointer-sign -mtune=mips32 -mips32   -fPIC -ffunction-sections -fdata-sections -I/home/forgotfun/project/Rainbow/shibby_110/release/src-rt/router/libogg/include conftest.c >&5
configure:5591: $? = 0
configure:5591: result: yes
configure:5591: checking for strings.h
configure:5591: mipsel-uclibc-gcc -c -Os -Wall -DLINUX26 -DCONFIG_BCMWL5 -pipe -DBCMWPA2 -funit-at-a-time -Wno-pointer-sign -mtune=mips32 -mips32   -fPIC -ffunction-sections -fdata-sections -I/home/forgotfun/project/Rainbow/shibby_110/release/src-rt/router/libogg/include conftest.c >&5
configure:5591: $? = 0
configure:5591: result: yes
configure:5591: checking for inttypes.h
configure:5591: mipsel-uclibc-gcc -c -Os -Wall -DLINUX26 -DCONFIG_BCMWL5 -pipe -DBCMWPA2 -funit-at-a-time -Wno-pointer-sign -mtune=mips32 -mips32   -fPIC -ffunction-sections -fdata-sections -I/home/forgotfun/project/Rainbow/shibby_110/release/src-rt/router/libogg/include conftest.c >&5
configure:5591: $? = 0
configure:5591: result: yes
configure:5591: checking for stdint.h
configure:5591: mipsel-uclibc-gcc -c -Os -Wall -DLINUX26 -DCONFIG_BCMWL5 -pipe -DBCMWPA2 -funit-at-a-time -Wno-pointer-sign -mtune=mips32 -mips32   -fPIC -ffunction-sections -fdata-sections -I/home/forgotfun/project/Rainbow/shibby_110/release/src-rt/router/libogg/include conftest.c >&5
configure:5591: $? = 0
configure:5591: result: yes
configure:5591: checking for unistd.h
configure:5591: mipsel-uclibc-gcc -c -Os -Wall -DLINUX26 -DCONFIG_BCMWL5 -pipe -DBCMWPA2 -funit-at-a-time -Wno-pointer-sign -mtune=mips32 -mips32   -fPIC -ffunction-sections -fdata-sections -I/home/forgotfun/project/Rainbow/shibby_110/release/src-rt/router/libogg/include conftest.c >&5
configure:5591: $? = 0
configure:5591: result: yes
configure:5606: checking dlfcn.h usability
configure:5606: mipsel-uclibc-gcc -c -Os -Wall -DLINUX26 -DCONFIG_BCMWL5 -pipe -DBCMWPA2 -funit-at-a-time -Wno-pointer-sign -mtune=mips32 -mips32   -fPIC -ffunction-sections -fdata-sections -I/home/forgotfun/project/Rainbow/shibby_110/release/src-rt/router/libogg/include conftest.c >&5
configure:5606: $? = 0
configure:5606: result: yes
configure:5606: checking dlfcn.h presence
configure:5606: mipsel-uclibc-gcc -E -I/home/forgotfun/project/Rainbow/shibby_110/release/src-rt/router/libogg/include conftest.c
configure:5606: $? = 0
configure:5606: result: yes
configure:5606: checking for dlfcn.h
configure:5606: result: yes
configure:5630: checking for mipsel-linux-g++
configure:5646: found /opt/brcm/hndtools-mipsel-linux/bin/mipsel-linux-g++
configure:5657: result: mipsel-linux-g++
configure:5728: checking for C++ compiler version
configure:5737: mipsel-linux-g++ --version >&5
mipsel-linux-g++ (GCC) 4.2.4
Copyright (C) 2007 Free Software Foundation, Inc.
This is free software; see the source for copying conditions.  There is NO
warranty; not even for MERCHANTABILITY or FITNESS FOR A PARTICULAR PURPOSE.

configure:5748: $? = 0
configure:5737: mipsel-linux-g++ -v >&5
Using built-in specs.
Target: mipsel-linux-uclibc
Configured with: /home/shibby/openwrt/tomato.toolchain/t/build_dir/toolchain-mipsel_gcc4.2.4/gcc-4.2.4/configure --prefix=/opt/brcm/hndtools-mipsel-uclibc-4.2.4 --build=x86_64-linux-gnu --host=x86_64-linux-gnu --target=mipsel-linux-uclibc --with-gnu-ld --enable-target-optspace --disable-libgomp --disable-libmudflap --disable-multilib --disable-nls --disable-__cxa_atexit --enable-libssp --enable-languages=c,c++ --enable-shared --enable-threads --enable-tls
Thread model: posix
gcc version 4.2.4
configure:5748: $? = 0
configure:5737: mipsel-linux-g++ -V >&5
mipsel-linux-g++: '-V' option must have argument
configure:5748: $? = 1
configure:5737: mipsel-linux-g++ -qversion >&5
mipsel-linux-g++: unrecognized option '-qversion'
mipsel-linux-g++: no input files
configure:5748: $? = 1
configure:5752: checking whether we are using the GNU C++ compiler
configure:5771: mipsel-linux-g++ -c  -I/home/forgotfun/project/Rainbow/shibby_110/release/src-rt/router/libogg/include conftest.cpp >&5
configure:5771: $? = 0
configure:5780: result: yes
configure:5789: checking whether mipsel-linux-g++ accepts -g
configure:5809: mipsel-linux-g++ -c -g -I/home/forgotfun/project/Rainbow/shibby_110/release/src-rt/router/libogg/include conftest.cpp >&5
configure:5809: $? = 0
configure:5850: result: yes
configure:5875: checking dependency style of mipsel-linux-g++
configure:5966: result: gcc3
configure:5991: checking how to run the C++ preprocessor
configure:6018: mipsel-linux-g++ -E -I/home/forgotfun/project/Rainbow/shibby_110/release/src-rt/router/libogg/include conftest.cpp
configure:6018: $? = 0
configure:6032: mipsel-linux-g++ -E -I/home/forgotfun/project/Rainbow/shibby_110/release/src-rt/router/libogg/include conftest.cpp
conftest.cpp:22:28: error: ac_nonexistent.h: No such file or directory
configure:6032: $? = 1
configure: failed program was:
| /* confdefs.h */
| #define PACKAGE_NAME "libvorbis"
| #define PACKAGE_TARNAME "libvorbis"
| #define PACKAGE_VERSION "1.2.3"
| #define PACKAGE_STRING "libvorbis 1.2.3"
| #define PACKAGE_BUGREPORT "vorbis-dev@xiph.org"
| #define PACKAGE_URL ""
| #define PACKAGE "libvorbis"
| #define VERSION "1.2.3"
| #define STDC_HEADERS 1
| #define HAVE_SYS_TYPES_H 1
| #define HAVE_SYS_STAT_H 1
| #define HAVE_STDLIB_H 1
| #define HAVE_STRING_H 1
| #define HAVE_MEMORY_H 1
| #define HAVE_STRINGS_H 1
| #define HAVE_INTTYPES_H 1
| #define HAVE_STDINT_H 1
| #define HAVE_UNISTD_H 1
| #define HAVE_DLFCN_H 1
| /* end confdefs.h.  */
| #include <ac_nonexistent.h>
configure:6057: result: mipsel-linux-g++ -E
configure:6077: mipsel-linux-g++ -E -I/home/forgotfun/project/Rainbow/shibby_110/release/src-rt/router/libogg/include conftest.cpp
configure:6077: $? = 0
configure:6091: mipsel-linux-g++ -E -I/home/forgotfun/project/Rainbow/shibby_110/release/src-rt/router/libogg/include conftest.cpp
conftest.cpp:22:28: error: ac_nonexistent.h: No such file or directory
configure:6091: $? = 1
configure: failed program was:
| /* confdefs.h */
| #define PACKAGE_NAME "libvorbis"
| #define PACKAGE_TARNAME "libvorbis"
| #define PACKAGE_VERSION "1.2.3"
| #define PACKAGE_STRING "libvorbis 1.2.3"
| #define PACKAGE_BUGREPORT "vorbis-dev@xiph.org"
| #define PACKAGE_URL ""
| #define PACKAGE "libvorbis"
| #define VERSION "1.2.3"
| #define STDC_HEADERS 1
| #define HAVE_SYS_TYPES_H 1
| #define HAVE_SYS_STAT_H 1
| #define HAVE_STDLIB_H 1
| #define HAVE_STRING_H 1
| #define HAVE_MEMORY_H 1
| #define HAVE_STRINGS_H 1
| #define HAVE_INTTYPES_H 1
| #define HAVE_STDINT_H 1
| #define HAVE_UNISTD_H 1
| #define HAVE_DLFCN_H 1
| /* end confdefs.h.  */
| #include <ac_nonexistent.h>
configure:6131: checking for mipsel-linux-g77
configure:6161: result: no
configure:6131: checking for mipsel-linux-xlf
configure:6161: result: no
configure:6131: checking for mipsel-linux-f77
configure:6161: result: no
configure:6131: checking for mipsel-linux-frt
configure:6161: result: no
configure:6131: checking for mipsel-linux-pgf77
configure:6161: result: no
configure:6131: checking for mipsel-linux-cf77
configure:6161: result: no
configure:6131: checking for mipsel-linux-fort77
configure:6161: result: no
configure:6131: checking for mipsel-linux-fl32
configure:6161: result: no
configure:6131: checking for mipsel-linux-af77
configure:6161: result: no
configure:6131: checking for mipsel-linux-xlf90
configure:6161: result: no
configure:6131: checking for mipsel-linux-f90
configure:6161: result: no
configure:6131: checking for mipsel-linux-pgf90
configure:6161: result: no
configure:6131: checking for mipsel-linux-pghpf
configure:6161: result: no
configure:6131: checking for mipsel-linux-epcf90
configure:6161: result: no
configure:6131: checking for mipsel-linux-gfortran
configure:6161: result: no
configure:6131: checking for mipsel-linux-g95
configure:6161: result: no
configure:6131: checking for mipsel-linux-xlf95
configure:6161: result: no
configure:6131: checking for mipsel-linux-f95
configure:6161: result: no
configure:6131: checking for mipsel-linux-fort
configure:6161: result: no
configure:6131: checking for mipsel-linux-ifort
configure:6161: result: no
configure:6131: checking for mipsel-linux-ifc
configure:6161: result: no
configure:6131: checking for mipsel-linux-efc
configure:6161: result: no
configure:6131: checking for mipsel-linux-pgf95
configure:6161: result: no
configure:6131: checking for mipsel-linux-lf95
configure:6161: result: no
configure:6131: checking for mipsel-linux-ftn
configure:6161: result: no
configure:6175: checking for g77
configure:6205: result: no
configure:6175: checking for xlf
configure:6205: result: no
configure:6175: checking for f77
configure:6205: result: no
configure:6175: checking for frt
configure:6205: result: no
configure:6175: checking for pgf77
configure:6205: result: no
configure:6175: checking for cf77
configure:6205: result: no
configure:6175: checking for fort77
configure:6205: result: no
configure:6175: checking for fl32
configure:6205: result: no
configure:6175: checking for af77
configure:6205: result: no
configure:6175: checking for xlf90
configure:6205: result: no
configure:6175: checking for f90
configure:6205: result: no
configure:6175: checking for pgf90
configure:6205: result: no
configure:6175: checking for pghpf
configure:6205: result: no
configure:6175: checking for epcf90
configure:6205: result: no
configure:6175: checking for gfortran
configure:6205: result: no
configure:6175: checking for g95
configure:6205: result: no
configure:6175: checking for xlf95
configure:6205: result: no
configure:6175: checking for f95
configure:6205: result: no
configure:6175: checking for fort
configure:6205: result: no
configure:6175: checking for ifort
configure:6205: result: no
configure:6175: checking for ifc
configure:6205: result: no
configure:6175: checking for efc
configure:6205: result: no
configure:6175: checking for pgf95
configure:6205: result: no
configure:6175: checking for lf95
configure:6205: result: no
configure:6175: checking for ftn
configure:6205: result: no
configure:6228: checking for Fortran 77 compiler version
configure:6237:  --version >&5
./configure: line 6239: --version: command not found
configure:6248: $? = 127
configure:6237:  -v >&5
./configure: line 6239: -v: command not found
configure:6248: $? = 127
configure:6237:  -V >&5
./configure: line 6239: -V: command not found
configure:6248: $? = 127
configure:6237:  -qversion >&5
./configure: line 6239: -qversion: command not found
configure:6248: $? = 127
configure:6257: checking whether we are using the GNU Fortran 77 compiler
configure:6270:  -c  conftest.F >&5
./configure: line 2155: -c: command not found
configure:6270: $? = 127
configure: failed program was:
|       program main
| #ifndef __GNUC__
|        choke me
| #endif
| 
|       end
configure:6279: result: no
configure:6285: checking whether  accepts -g
configure:6296:  -c -g conftest.f >&5
./configure: line 2155: -c: command not found
configure:6296: $? = 127
configure: failed program was:
|       program main
| 
|       end
configure:6304: result: no
configure:6337: checking the maximum length of command line arguments
configure:6449: result: 3458764513820540925
configure:6461: checking command to parse mipsel-uclibc-nm output from mipsel-uclibc-gcc object
configure:6566: mipsel-uclibc-gcc -c -Os -Wall -DLINUX26 -DCONFIG_BCMWL5 -pipe -DBCMWPA2 -funit-at-a-time -Wno-pointer-sign -mtune=mips32 -mips32   -fPIC -ffunction-sections -fdata-sections -I/home/forgotfun/project/Rainbow/shibby_110/release/src-rt/router/libogg/include conftest.c >&5
configure:6569: $? = 0
configure:6573: mipsel-uclibc-nm conftest.o \| sed -n -e 's/^.*[ 	]\([ABCDGIRSTW][ABCDGIRSTW]*\)[ 	][ 	]*\([_A-Za-z][_A-Za-z0-9]*\)$/\1 \2 \2/p' \> conftest.nm
configure:6576: $? = 0
configure:6628: mipsel-uclibc-gcc -o conftest -Os -Wall -DLINUX26 -DCONFIG_BCMWL5 -pipe -DBCMWPA2 -funit-at-a-time -Wno-pointer-sign -mtune=mips32 -mips32   -fPIC -ffunction-sections -fdata-sections -I/home/forgotfun/project/Rainbow/shibby_110/release/src-rt/router/libogg/include -L/home/forgotfun/project/Rainbow/shibby_110/release/src-rt/router/libogg/src/.libs -fPIC -ffunction-sections -fdata-sections -Wl,--gc-sections conftest.c conftstm.o >&5
configure:6631: $? = 0
configure:6669: result: ok
configure:6673: checking for objdir
configure:6688: result: .libs
configure:6740: checking for mipsel-linux-ar
configure:6767: result: mipsel-uclibc-ar
configure:6832: checking for mipsel-linux-ranlib
configure:6859: result: mipsel-uclibc-ranlib
configure:6924: checking for mipsel-linux-strip
configure:6951: result: mipsel-uclibc-strip -R .note -R .comment
configure:7552: checking if mipsel-uclibc-gcc supports -fno-rtti -fno-exceptions
configure:7570: mipsel-uclibc-gcc -c -Os -Wall -DLINUX26 -DCONFIG_BCMWL5 -pipe -DBCMWPA2 -funit-at-a-time -Wno-pointer-sign -mtune=mips32 -mips32   -fPIC -ffunction-sections -fdata-sections -I/home/forgotfun/project/Rainbow/shibby_110/release/src-rt/router/libogg/include -fno-rtti -fno-exceptions conftest.c >&5
cc1: warning: command line option "-fno-rtti" is valid for C++/ObjC++ but not for C
configure:7574: $? = 0
configure:7587: result: no
configure:7602: checking for mipsel-uclibc-gcc option to produce PIC
configure:7834: result: -fPIC
configure:7842: checking if mipsel-uclibc-gcc PIC flag -fPIC works
configure:7860: mipsel-uclibc-gcc -c -Os -Wall -DLINUX26 -DCONFIG_BCMWL5 -pipe -DBCMWPA2 -funit-at-a-time -Wno-pointer-sign -mtune=mips32 -mips32   -fPIC -ffunction-sections -fdata-sections -I/home/forgotfun/project/Rainbow/shibby_110/release/src-rt/router/libogg/include -fPIC -DPIC conftest.c >&5
configure:7864: $? = 0
configure:7877: result: yes
configure:7905: checking if mipsel-uclibc-gcc static flag -static works
configure:7933: result: yes
configure:7943: checking if mipsel-uclibc-gcc supports -c -o file.o
configure:7964: mipsel-uclibc-gcc -c -Os -Wall -DLINUX26 -DCONFIG_BCMWL5 -pipe -DBCMWPA2 -funit-at-a-time -Wno-pointer-sign -mtune=mips32 -mips32   -fPIC -ffunction-sections -fdata-sections -I/home/forgotfun/project/Rainbow/shibby_110/release/src-rt/router/libogg/include -o out/conftest2.o conftest.c >&5
configure:7968: $? = 0
configure:7990: result: yes
configure:8016: checking whether the mipsel-uclibc-gcc linker (mipsel-uclibc-ld) supports shared libraries
configure:8943: result: yes
configure:8964: checking whether -lc should be explicitly linked in
configure:8969: mipsel-uclibc-gcc -c -Os -Wall -DLINUX26 -DCONFIG_BCMWL5 -pipe -DBCMWPA2 -funit-at-a-time -Wno-pointer-sign -mtune=mips32 -mips32   -fPIC -ffunction-sections -fdata-sections -I/home/forgotfun/project/Rainbow/shibby_110/release/src-rt/router/libogg/include conftest.c >&5
configure:8972: $? = 0
configure:8987: mipsel-uclibc-gcc -shared conftest.o  -v -Wl,-soname -Wl,conftest -o conftest 2\>\&1 \| grep  -lc  \>/dev/null 2\>\&1
configure:8990: $? = 0
configure:9002: result: no
configure:9010: checking dynamic linker characteristics
configure:9624: result: GNU/Linux ld.so
configure:9648: checking how to hardcode library paths into programs
configure:9673: result: immediate
configure:9687: checking whether stripping libraries is possible
configure:9692: result: yes
configure:10209: checking if libtool supports shared libraries
configure:10211: result: yes
configure:10214: checking whether to build shared libraries
configure:10235: result: yes
configure:10238: checking whether to build static libraries
configure:10242: result: yes
configure:10336: creating libtool
configure:10925: checking for ld used by mipsel-linux-g++
configure:10992: result: mipsel-uclibc-ld
configure:10999: checking if the linker (mipsel-uclibc-ld) is GNU ld
configure:11014: result: yes
configure:11065: checking whether the mipsel-linux-g++ linker (mipsel-uclibc-ld) supports shared libraries
configure:11957: result: yes
configure:11974: mipsel-linux-g++ -c -g -O2 -I/home/forgotfun/project/Rainbow/shibby_110/release/src-rt/router/libogg/include conftest.cpp >&5
configure:11977: $? = 0
configure:12133: checking for mipsel-linux-g++ option to produce PIC
configure:12417: result: -fPIC
configure:12425: checking if mipsel-linux-g++ PIC flag -fPIC works
configure:12443: mipsel-linux-g++ -c -g -O2 -I/home/forgotfun/project/Rainbow/shibby_110/release/src-rt/router/libogg/include -fPIC -DPIC conftest.cpp >&5
configure:12447: $? = 0
configure:12460: result: yes
configure:12488: checking if mipsel-linux-g++ static flag -static works
configure:12516: result: yes
configure:12526: checking if mipsel-linux-g++ supports -c -o file.o
configure:12547: mipsel-linux-g++ -c -g -O2 -I/home/forgotfun/project/Rainbow/shibby_110/release/src-rt/router/libogg/include -o out/conftest2.o conftest.cpp >&5
configure:12551: $? = 0
configure:12573: result: yes
configure:12599: checking whether the mipsel-linux-g++ linker (mipsel-uclibc-ld) supports shared libraries
configure:12628: result: yes
configure:12695: checking dynamic linker characteristics
configure:13257: result: GNU/Linux ld.so
configure:13281: checking how to hardcode library paths into programs
configure:13306: result: immediate
configure:19450: checking whether mipsel-uclibc-gcc and cc understand -c and -o together
configure:19481: mipsel-uclibc-gcc -c conftest.c -o conftest2.o >&5
configure:19485: $? = 0
configure:19491: mipsel-uclibc-gcc -c conftest.c -o conftest2.o >&5
configure:19495: $? = 0
configure:19506: cc -c conftest.c >&5
configure:19510: $? = 0
configure:19518: cc -c conftest.c -o conftest2.o >&5
configure:19522: $? = 0
configure:19528: cc -c conftest.c -o conftest2.o >&5
configure:19532: $? = 0
configure:19550: result: yes
configure:19707: checking GCC version
configure:19710: result: 4.2.4
configure:19847: checking if mipsel-uclibc-gcc accepts -Wdeclaration-after-statement
configure:19862: mipsel-uclibc-gcc -o conftest -O20 -Wall -Wextra -ffast-math -D_REENTRANT -fsigned-char -Wdeclaration-after-statement -I/home/forgotfun/project/Rainbow/shibby_110/release/src-rt/router/libogg/include -L/home/forgotfun/project/Rainbow/shibby_110/release/src-rt/router/libogg/src/.libs -fPIC -ffunction-sections -fdata-sections -Wl,--gc-sections conftest.c  >&5
configure:19862: $? = 0
configure:19863: result: yes
configure:19877: checking for memory.h
configure:19877: result: yes
configure:19889: checking for cos in -lm
configure:19914: mipsel-uclibc-gcc -o conftest -O20 -Wall -Wextra -ffast-math -D_REENTRANT -fsigned-char -Wdeclaration-after-statement -Os -Wall -DLINUX26 -DCONFIG_BCMWL5 -pipe -DBCMWPA2 -funit-at-a-time -Wno-pointer-sign -mtune=mips32 -mips32   -fPIC -ffunction-sections -fdata-sections -DUSE_MEMORY_H -I/home/forgotfun/project/Rainbow/shibby_110/release/src-rt/router/libogg/include -L/home/forgotfun/project/Rainbow/shibby_110/release/src-rt/router/libogg/src/.libs -fPIC -ffunction-sections -fdata-sections -Wl,--gc-sections conftest.c -lm   >&5
conftest.c:29: warning: conflicting types for built-in function 'cos'
configure:19914: $? = 0
configure:19923: result: yes
configure:19931: checking for pthread_create in -lpthread
configure:19956: mipsel-uclibc-gcc -o conftest -O20 -Wall -Wextra -ffast-math -D_REENTRANT -fsigned-char -Wdeclaration-after-statement -Os -Wall -DLINUX26 -DCONFIG_BCMWL5 -pipe -DBCMWPA2 -funit-at-a-time -Wno-pointer-sign -mtune=mips32 -mips32   -fPIC -ffunction-sections -fdata-sections -DUSE_MEMORY_H -I/home/forgotfun/project/Rainbow/shibby_110/release/src-rt/router/libogg/include -L/home/forgotfun/project/Rainbow/shibby_110/release/src-rt/router/libogg/src/.libs -fPIC -ffunction-sections -fdata-sections -Wl,--gc-sections conftest.c -lpthread   >&5
configure:19956: $? = 0
configure:19965: result: yes
configure:19980: checking for mipsel-linux-pkg-config
configure:20013: result: no
configure:20023: checking for pkg-config
configure:20041: found /usr/bin/pkg-config
configure:20053: result: /usr/bin/pkg-config
configure:20065: WARNING: using cross tools not prefixed with host triplet
configure:20078: checking pkg-config is at least version 0.9.0
configure:20081: result: yes
configure:20096: checking for OGG
configure:20104: $PKG_CONFIG --exists --print-errors "ogg >= 1.0"
Package ogg was not found in the pkg-config search path.
Perhaps you should add the directory containing `ogg.pc'
to the PKG_CONFIG_PATH environment variable
No package 'ogg' found
configure:20107: $? = 1
configure:20122: $PKG_CONFIG --exists --print-errors "ogg >= 1.0"
Package ogg was not found in the pkg-config search path.
Perhaps you should add the directory containing `ogg.pc'
to the PKG_CONFIG_PATH environment variable
No package 'ogg' found
configure:20125: $? = 1
No package 'ogg' found
configure:20153: result: no
configure:20224: checking for Ogg
configure:20277: result: yes
configure:20333: checking for oggpack_writealign
configure:20333: mipsel-uclibc-gcc -o conftest -O20 -Wall -Wextra -ffast-math -D_REENTRANT -fsigned-char -Wdeclaration-after-statement -Os -Wall -DLINUX26 -DCONFIG_BCMWL5 -pipe -DBCMWPA2 -funit-at-a-time -Wno-pointer-sign -mtune=mips32 -mips32   -fPIC -ffunction-sections -fdata-sections -DUSE_MEMORY_H -I/home/forgotfun/project/Rainbow/shibby_110/release/src-rt/router/libogg/include -L/home/forgotfun/project/Rainbow/shibby_110/release/src-rt/router/libogg/src/.libs -fPIC -ffunction-sections -fdata-sections -Wl,--gc-sections conftest.c -L/home/forgotfun/project/Rainbow/shibby_110/release/src-rt/router/libogg/src/.libs -logg -lm >&5
configure:20333: $? = 0
configure:20333: result: yes
configure:20346: checking for working alloca.h
configure:20363: mipsel-uclibc-gcc -o conftest -O20 -Wall -Wextra -ffast-math -D_REENTRANT -fsigned-char -Wdeclaration-after-statement -Os -Wall -DLINUX26 -DCONFIG_BCMWL5 -pipe -DBCMWPA2 -funit-at-a-time -Wno-pointer-sign -mtune=mips32 -mips32   -fPIC -ffunction-sections -fdata-sections -DUSE_MEMORY_H -I/home/forgotfun/project/Rainbow/shibby_110/release/src-rt/router/libogg/include -L/home/forgotfun/project/Rainbow/shibby_110/release/src-rt/router/libogg/src/.libs -fPIC -ffunction-sections -fdata-sections -Wl,--gc-sections conftest.c  >&5
configure:20363: $? = 0
configure:20371: result: yes
configure:20379: checking for alloca
configure:20416: mipsel-uclibc-gcc -o conftest -O20 -Wall -Wextra -ffast-math -D_REENTRANT -fsigned-char -Wdeclaration-after-statement -Os -Wall -DLINUX26 -DCONFIG_BCMWL5 -pipe -DBCMWPA2 -funit-at-a-time -Wno-pointer-sign -mtune=mips32 -mips32   -fPIC -ffunction-sections -fdata-sections -DUSE_MEMORY_H -I/home/forgotfun/project/Rainbow/shibby_110/release/src-rt/router/libogg/include -L/home/forgotfun/project/Rainbow/shibby_110/release/src-rt/router/libogg/src/.libs -fPIC -ffunction-sections -fdata-sections -Wl,--gc-sections conftest.c  >&5
configure:20416: $? = 0
configure:20424: result: yes
configure:20534: checking for working memcmp
configure:20587: result: no
configure:20725: creating ./config.status

## ---------------- ##
## Cache variables. ##
## ---------------- ##

ac_cv_build=x86_64-pc-linux-gnu
ac_cv_c_compiler_gnu=yes
ac_cv_c_inline=inline
ac_cv_cxx_compiler_gnu=yes
ac_cv_env_CCC_set=
ac_cv_env_CCC_value=
ac_cv_env_CC_set=set
ac_cv_env_CC_value=mipsel-uclibc-gcc
ac_cv_env_CFLAGS_set=set
ac_cv_env_CFLAGS_value='-Os -Wall -DLINUX26 -DCONFIG_BCMWL5 -pipe -DBCMWPA2 -funit-at-a-time -Wno-pointer-sign -mtune=mips32 -mips32   -fPIC -ffunction-sections -fdata-sections'
ac_cv_env_CPPFLAGS_set=set
ac_cv_env_CPPFLAGS_value=-I/home/forgotfun/project/Rainbow/shibby_110/release/src-rt/router/libogg/include
ac_cv_env_CPP_set=
ac_cv_env_CPP_value=
ac_cv_env_CXXCPP_set=
ac_cv_env_CXXCPP_value=
ac_cv_env_CXXFLAGS_set=
ac_cv_env_CXXFLAGS_value=
ac_cv_env_CXX_set=
ac_cv_env_CXX_value=
ac_cv_env_F77_set=
ac_cv_env_F77_value=
ac_cv_env_FFLAGS_set=
ac_cv_env_FFLAGS_value=
ac_cv_env_LDFLAGS_set=set
ac_cv_env_LDFLAGS_value='-L/home/forgotfun/project/Rainbow/shibby_110/release/src-rt/router/libogg/src/.libs -fPIC -ffunction-sections -fdata-sections -Wl,--gc-sections'
ac_cv_env_LIBS_set=
ac_cv_env_LIBS_value=
ac_cv_env_OGG_CFLAGS_set=
ac_cv_env_OGG_CFLAGS_value=
ac_cv_env_OGG_LIBS_set=
ac_cv_env_OGG_LIBS_value=
ac_cv_env_PKG_CONFIG_set=
ac_cv_env_PKG_CONFIG_value=
ac_cv_env_build_alias_set=set
ac_cv_env_build_alias_value=x86_64-linux-gnu
ac_cv_env_host_alias_set=set
ac_cv_env_host_alias_value=mipsel-linux
ac_cv_env_target_alias_set=
ac_cv_env_target_alias_value=
ac_cv_f77_compiler_gnu=no
ac_cv_func_alloca_works=yes
ac_cv_func_malloc_0_nonnull=yes
ac_cv_func_memcmp_working=no
ac_cv_func_oggpack_writealign=yes
ac_cv_header_dlfcn_h=yes
ac_cv_header_inttypes_h=yes
ac_cv_header_memory_h=yes
ac_cv_header_stdc=yes
ac_cv_header_stdint_h=yes
ac_cv_header_stdlib_h=yes
ac_cv_header_string_h=yes
ac_cv_header_strings_h=yes
ac_cv_header_sys_stat_h=yes
ac_cv_header_sys_types_h=yes
ac_cv_header_unistd_h=yes
ac_cv_host=mipsel-unknown-linux-gnu
ac_cv_lib_m_cos=yes
ac_cv_lib_pthread_pthread_create=yes
ac_cv_objext=o
ac_cv_path_EGREP='/bin/grep -E'
ac_cv_path_GREP=/bin/grep
ac_cv_path_ac_pt_PKG_CONFIG=/usr/bin/pkg-config
ac_cv_path_install='/usr/bin/install -c'
ac_cv_path_mkdir=/bin/mkdir
ac_cv_prog_AR=mipsel-uclibc-ar
ac_cv_prog_AWK=gawk
ac_cv_prog_CC=mipsel-uclibc-gcc
ac_cv_prog_CPP='mipsel-uclibc-gcc -E'
ac_cv_prog_CXX=mipsel-linux-g++
ac_cv_prog_CXXCPP='mipsel-linux-g++ -E'
ac_cv_prog_RANLIB=mipsel-uclibc-ranlib
ac_cv_prog_STRIP='mipsel-uclibc-strip -R .note -R .comment'
ac_cv_prog_cc_c89=
ac_cv_prog_cc_g=yes
ac_cv_prog_cc_mipsel_uclibc_gcc_c_o=yes
ac_cv_prog_cxx_g=yes
ac_cv_prog_f77_g=no
ac_cv_prog_make_make_set=yes
ac_cv_target=mipsel-unknown-linux-gnu
ac_cv_working_alloca_h=yes
am_cv_CC_dependencies_compiler_type=gcc3
am_cv_CXX_dependencies_compiler_type=gcc3
lt_cv_deplibs_check_method=pass_all
lt_cv_file_magic_cmd='$MAGIC_CMD'
lt_cv_file_magic_test_file=
lt_cv_ld_reload_flag=-r
lt_cv_objdir=.libs
lt_cv_path_LD=mipsel-uclibc-ld
lt_cv_path_LDCXX=mipsel-uclibc-ld
lt_cv_path_NM=mipsel-uclibc-nm
lt_cv_path_SED=/bin/sed
lt_cv_prog_compiler_c_o=yes
lt_cv_prog_compiler_c_o_CXX=yes
lt_cv_prog_compiler_pic_works=yes
lt_cv_prog_compiler_pic_works_CXX=yes
lt_cv_prog_compiler_rtti_exceptions=no
lt_cv_prog_compiler_static_works=yes
lt_cv_prog_compiler_static_works_CXX=yes
lt_cv_prog_gnu_ld=yes
lt_cv_prog_gnu_ldcxx=yes
lt_cv_sys_global_symbol_pipe='sed -n -e '\''s/^.*[ 	]\([ABCDGIRSTW][ABCDGIRSTW]*\)[ 	][ 	]*\([_A-Za-z][_A-Za-z0-9]*\)$/\1 \2 \2/p'\'''
lt_cv_sys_global_symbol_to_c_name_address='sed -n -e '\''s/^: \([^ ]*\) $/  {\"\1\", (lt_ptr) 0},/p'\'' -e '\''s/^[BCDEGRST] \([^ ]*\) \([^ ]*\)$/  {"\2", (lt_ptr) \&\2},/p'\'''
lt_cv_sys_global_symbol_to_cdecl='sed -n -e '\''s/^. .* \(.*\)$/extern int \1;/p'\'''
lt_cv_sys_lib_dlsearch_path_spec='/lib /usr/lib /usr/lib/i386-linux-gnu/mesa /lib/i386-linux-gnu /usr/lib/i386-linux-gnu /lib/i686-linux-gnu /usr/lib/i686-linux-gnu /usr/local/lib /lib/x86_64-linux-gnu /usr/lib/x86_64-linux-gnu /usr/lib/x86_64-linux-gnu/mesa-egl /usr/lib/x86_64-linux-gnu/mesa /lib32 /usr/lib32 /libx32 /usr/libx32 '
lt_cv_sys_lib_search_path_spec='/opt/brcm/K26/hndtools-mipsel-uclibc-4.2.4/lib/gcc/mipsel-linux-uclibc/4.2.4 /opt/brcm/K26/hndtools-mipsel-uclibc-4.2.4/lib/gcc /opt/brcm/K26/hndtools-mipsel-uclibc-4.2.4/mipsel-linux-uclibc/lib'
lt_cv_sys_max_cmd_len=3458764513820540925
lt_lt_cv_prog_compiler_c_o='"yes"'
lt_lt_cv_prog_compiler_c_o_CXX='"yes"'
lt_lt_cv_sys_global_symbol_pipe='"sed -n -e '\''s/^.*[ 	]\\([ABCDGIRSTW][ABCDGIRSTW]*\\)[ 	][ 	]*\\([_A-Za-z][_A-Za-z0-9]*\\)\$/\\1 \\2 \\2/p'\''"'
lt_lt_cv_sys_global_symbol_to_c_name_address='"sed -n -e '\''s/^: \\([^ ]*\\) \$/  {\\\"\\1\\\", (lt_ptr) 0},/p'\'' -e '\''s/^[BCDEGRST] \\([^ ]*\\) \\([^ ]*\\)\$/  {\"\\2\", (lt_ptr) \\&\\2},/p'\''"'
lt_lt_cv_sys_global_symbol_to_cdecl='"sed -n -e '\''s/^. .* \\(.*\\)\$/extern int \\1;/p'\''"'

## ----------------- ##
## Output variables. ##
## ----------------- ##

ACLOCAL='${SHELL} /home/forgotfun/project/NewStageCode/shibby_110/release/src/router/libvorbis/missing --run aclocal-1.10'
ACLOCAL_AMFLAGS='-I m4'
ALLOCA=''
AMDEPBACKSLASH='\'
AMDEP_FALSE='#'
AMDEP_TRUE=''
AMTAR='${SHELL} /home/forgotfun/project/NewStageCode/shibby_110/release/src/router/libvorbis/missing --run tar'
AR='mipsel-uclibc-ar'
AS='mipsel-uclibc-as'
AUTOCONF='${SHELL} /home/forgotfun/project/NewStageCode/shibby_110/release/src/router/libvorbis/missing --run autoconf'
AUTOHEADER='${SHELL} /home/forgotfun/project/NewStageCode/shibby_110/release/src/router/libvorbis/missing --run autoheader'
AUTOMAKE='${SHELL} /home/forgotfun/project/NewStageCode/shibby_110/release/src/router/libvorbis/missing --run automake-1.10'
AWK='gawk'
BUILD_DOCS_FALSE=''
BUILD_DOCS_TRUE='#'
CC='mipsel-uclibc-gcc'
CCDEPMODE='depmode=gcc3'
CFLAGS='-O20 -Wall -Wextra -ffast-math -D_REENTRANT -fsigned-char -Wdeclaration-after-statement -Os -Wall -DLINUX26 -DCONFIG_BCMWL5 -pipe -DBCMWPA2 -funit-at-a-time -Wno-pointer-sign -mtune=mips32 -mips32   -fPIC -ffunction-sections -fdata-sections -DUSE_MEMORY_H'
CPP='mipsel-uclibc-gcc -E'
CPPFLAGS='-I/home/forgotfun/project/Rainbow/shibby_110/release/src-rt/router/libogg/include'
CXX='mipsel-linux-g++'
CXXCPP='mipsel-linux-g++ -E'
CXXDEPMODE='depmode=gcc3'
CXXFLAGS='-g -O2'
CYGPATH_W='echo'
DEBUG='-g -Wall -Wextra -D_REENTRANT -D__NO_MATH_INLINES -fsigned-char'
DEFS='-DHAVE_CONFIG_H'
DEPDIR='.deps'
DLLTOOL='dlltool'
DSYMUTIL=''
ECHO='echo'
ECHO_C=''
ECHO_N='-n'
ECHO_T=''
EGREP='/bin/grep -E'
EXEEXT=''
F77=''
FFLAGS=''
GREP='/bin/grep'
HTLATEX=''
INSTALL_DATA='${INSTALL} -m 644'
INSTALL_PROGRAM='${INSTALL}'
INSTALL_SCRIPT='${INSTALL}'
INSTALL_STRIP_PROGRAM='$(install_sh) -c -s'
LDFLAGS='-L/home/forgotfun/project/Rainbow/shibby_110/release/src-rt/router/libogg/src/.libs -fPIC -ffunction-sections -fdata-sections -Wl,--gc-sections'
LIBOBJS=' ${LIBOBJDIR}memcmp$U.o'
LIBS=''
LIBTOOL='$(SHELL) $(top_builddir)/libtool'
LIBTOOL_DEPS='./ltmain.sh'
LN_S='ln -s'
LTLIBOBJS=' ${LIBOBJDIR}memcmp$U.lo'
MAKEINFO='${SHELL} /home/forgotfun/project/NewStageCode/shibby_110/release/src/router/libvorbis/missing --run makeinfo'
MKDIR_P='/bin/mkdir -p'
NMEDIT=''
OBJDUMP='objdump'
OBJEXT='o'
OGG_CFLAGS='-I/home/forgotfun/project/Rainbow/shibby_110/release/src-rt/router/libogg/include'
OGG_LIBS='-L/home/forgotfun/project/Rainbow/shibby_110/release/src-rt/router/libogg/src/.libs -logg'
PACKAGE='libvorbis'
PACKAGE_BUGREPORT='vorbis-dev@xiph.org'
PACKAGE_NAME='libvorbis'
PACKAGE_STRING='libvorbis 1.2.3'
PACKAGE_TARNAME='libvorbis'
PACKAGE_URL=''
PACKAGE_VERSION='1.2.3'
PATH_SEPARATOR=':'
PDFLATEX=''
PKG_CONFIG='/usr/bin/pkg-config'
PROFILE='-pg -g -O20 -ffast-math -D_REENTRANT -fsigned-char'
RANLIB='mipsel-uclibc-ranlib'
SED='/bin/sed'
SET_MAKE=''
SHELL='/bin/sh'
STRIP='mipsel-uclibc-strip -R .note -R .comment'
VERSION='1.2.3'
VE_LIB_AGE='0'
VE_LIB_CURRENT='2'
VE_LIB_REVISION='6'
VF_LIB_AGE='3'
VF_LIB_CURRENT='6'
VF_LIB_REVISION='2'
VORBIS_LIBS='-lm'
V_LIB_AGE='4'
V_LIB_CURRENT='4'
V_LIB_REVISION='3'
ac_ct_CC=''
ac_ct_CXX=''
ac_ct_F77=''
am__fastdepCC_FALSE='#'
am__fastdepCC_TRUE=''
am__fastdepCXX_FALSE='#'
am__fastdepCXX_TRUE=''
am__include='include'
am__isrc=''
am__leading_dot='.'
am__quote=''
am__tar='${AMTAR} chof - "$$tardir"'
am__untar='${AMTAR} xf -'
bindir='${exec_prefix}/bin'
build='x86_64-pc-linux-gnu'
build_alias='x86_64-linux-gnu'
build_cpu='x86_64'
build_os='linux-gnu'
build_vendor='pc'
datadir='${datarootdir}'
datarootdir='${prefix}/share'
docdir='${datarootdir}/doc/${PACKAGE_TARNAME}'
dvidir='${docdir}'
exec_prefix='${prefix}'
host='mipsel-unknown-linux-gnu'
host_alias='mipsel-linux'
host_cpu='mipsel'
host_os='linux-gnu'
host_vendor='unknown'
htmldir='${docdir}'
includedir='${prefix}/include'
infodir='${datarootdir}/info'
install_sh='$(SHELL) /home/forgotfun/project/NewStageCode/shibby_110/release/src/router/libvorbis/install-sh'
libdir='${exec_prefix}/lib'
libexecdir='${exec_prefix}/libexec'
localedir='${datarootdir}/locale'
localstatedir='${prefix}/var'
mandir='${datarootdir}/man'
mkdir_p='/bin/mkdir -p'
oldincludedir='/usr/include'
pdfdir='${docdir}'
prefix=''
program_transform_name='s,x,x,'
psdir='${docdir}'
pthread_lib='-lpthread'
sbindir='${exec_prefix}/sbin'
sharedstatedir='${prefix}/com'
sysconfdir='${prefix}/etc'
target='mipsel-unknown-linux-gnu'
target_alias=''
target_cpu='mipsel'
target_os='linux-gnu'
target_vendor='unknown'

## ----------- ##
## confdefs.h. ##
## ----------- ##

/* confdefs.h */
#define PACKAGE_NAME "libvorbis"
#define PACKAGE_TARNAME "libvorbis"
#define PACKAGE_VERSION "1.2.3"
#define PACKAGE_STRING "libvorbis 1.2.3"
#define PACKAGE_BUGREPORT "vorbis-dev@xiph.org"
#define PACKAGE_URL ""
#define PACKAGE "libvorbis"
#define VERSION "1.2.3"
#define STDC_HEADERS 1
#define HAVE_SYS_TYPES_H 1
#define HAVE_SYS_STAT_H 1
#define HAVE_STDLIB_H 1
#define HAVE_STRING_H 1
#define HAVE_MEMORY_H 1
#define HAVE_STRINGS_H 1
#define HAVE_INTTYPES_H 1
#define HAVE_STDINT_H 1
#define HAVE_UNISTD_H 1
#define HAVE_DLFCN_H 1
#define HAVE_ALLOCA_H 1
#define HAVE_ALLOCA 1

configure: exit 0

## ---------------------- ##
## Running config.status. ##
## ---------------------- ##

This file was extended by libvorbis config.status 1.2.3, which was
generated by GNU Autoconf 2.65.  Invocation command line was

  CONFIG_FILES    = 
  CONFIG_HEADERS  = 
  CONFIG_LINKS    = 
  CONFIG_COMMANDS = 
  $ ./config.status 

on ThinkPad-X230

config.status:930: creating Makefile
config.status:930: creating m4/Makefile
config.status:930: creating lib/Makefile
config.status:930: creating lib/modes/Makefile
config.status:930: creating lib/books/Makefile
config.status:930: creating lib/books/coupled/Makefile
config.status:930: creating lib/books/uncoupled/Makefile
config.status:930: creating lib/books/floor/Makefile
config.status:930: creating doc/Makefile
config.status:930: creating doc/vorbisfile/Makefile
config.status:930: creating doc/vorbisenc/Makefile
config.status:930: creating include/Makefile
config.status:930: creating include/vorbis/Makefile
config.status:930: creating examples/Makefile
config.status:930: creating test/Makefile
config.status:930: creating vq/Makefile
config.status:930: creating libvorbis.spec
config.status:930: creating vorbis.pc
config.status:930: creating vorbisenc.pc
config.status:930: creating vorbisfile.pc
config.status:930: creating vorbis-uninstalled.pc
config.status:930: creating vorbisenc-uninstalled.pc
config.status:930: creating vorbisfile-uninstalled.pc
config.status:930: creating config.h
config.status:1102: config.h is unchanged
config.status:1150: executing depfiles commands
