This file contains any messages produced by compilers while
running configure, to aid debugging if configure makes a mistake.

It was created by libnfnetlink configure 1.0.1, which was
generated by GNU Autoconf 2.65.  Invocation command line was

  $ ./configure --host=mipsel-linux --build=x86_64-linux-gnu --prefix=/usr --enable-shared --enable-static

## --------- ##
## Platform. ##
## --------- ##

hostname = rainkid
uname -m = x86_64
uname -r = 3.2.0-60-generic
uname -s = Linux
uname -v = #91-Ubuntu SMP Wed Feb 19 03:54:44 UTC 2014

/usr/bin/uname -p = unknown
/bin/uname -X     = unknown

/bin/arch              = unknown
/usr/bin/arch -k       = unknown
/usr/convex/getsysinfo = unknown
/usr/bin/hostinfo      = unknown
/bin/machine           = unknown
/usr/bin/oslevel       = unknown
/bin/universe          = unknown

PATH: /home/rainkid/workspace/bcwifi/release/tools
PATH: /home/rainkid/workspace/bcwifi/release/tools
PATH: /home/rainkid/workspace/bcwifi/release/tools
PATH: /home/rainkid/workspace/bcwifi/release/tools
PATH: /opt/brcm/hndtools-mipsel-uclibc/bin
PATH: /opt/brcm/hndtools-mipsel-linux/bin
PATH: .
PATH: /opt/SenchaSDKTools-2.0.0-beta3
PATH: /opt/SenchaSDKTools-2.0.0-beta3
PATH: /home/rainkid/bin
PATH: /usr/lib/lightdm/lightdm
PATH: /usr/local/sbin
PATH: /usr/local/bin
PATH: /usr/sbin
PATH: /usr/bin
PATH: /sbin
PATH: /bin
PATH: /usr/games
PATH: /home/rainkid/bin
PATH: /home/rainkid/go/pkg/tool/linux_amd63/


## ----------- ##
## Core tests. ##
## ----------- ##

configure:2105: checking build system type
configure:2119: result: x86_64-pc-linux-gnu
configure:2139: checking host system type
configure:2152: result: mipsel-unknown-linux-gnu
configure:2189: checking for a BSD-compatible install
configure:2257: result: /usr/bin/install -c
configure:2268: checking whether build environment is sane
configure:2318: result: yes
configure:2367: checking for mipsel-linux-strip
configure:2394: result: mipsel-uclibc-strip
configure:2459: checking for a thread-safe mkdir -p
configure:2498: result: /bin/mkdir -p
configure:2511: checking for gawk
configure:2527: found /usr/bin/gawk
configure:2538: result: gawk
configure:2549: checking whether make sets $(MAKE)
configure:2571: result: yes
configure:2646: checking how to create a pax tar archive
configure:2659: tar --version
tar (GNU tar) 1.26
Copyright (C) 2011 Free Software Foundation, Inc.
License GPLv3+: GNU GPL version 3 or later <http://gnu.org/licenses/gpl.html>.
This is free software: you are free to change and redistribute it.
There is NO WARRANTY, to the extent permitted by law.

Written by John Gilmore and Jay Fenlason.
configure:2662: $? = 0
configure:2702: tardir=conftest.dir && eval tar --format=posix -chf - "$tardir" >conftest.tar
configure:2705: $? = 0
configure:2709: tar -xf - <conftest.tar
configure:2712: $? = 0
configure:2725: result: gnutar
configure:2754: checking for mipsel-linux-gcc
configure:2781: result: mipsel-uclibc-gcc
configure:3050: checking for C compiler version
configure:3059: mipsel-uclibc-gcc --version >&5
mipsel-uclibc-gcc (GCC) 4.2.4
Copyright (C) 2007 Free Software Foundation, Inc.
This is free software; see the source for copying conditions.  There is NO
warranty; not even for MERCHANTABILITY or FITNESS FOR A PARTICULAR PURPOSE.

configure:3070: $? = 0
configure:3059: mipsel-uclibc-gcc -v >&5
Using built-in specs.
Target: mipsel-linux-uclibc
Configured with: /home/fedork/tomato/toolchain/build_dir/toolchain-mipsel_gcc4.2.4/gcc-4.2.4/configure --prefix=/opt/brcm/hndtools-mipsel-uclibc-4.2.4 --build=i486-linux-gnu --host=i486-linux-gnu --target=mipsel-linux-uclibc --with-gnu-ld --enable-target-optspace --disable-libgomp --disable-libmudflap --disable-multilib --disable-nls --disable-__cxa_atexit --enable-libssp --enable-languages=c,c++ --enable-shared --enable-threads --enable-tls
Thread model: posix
gcc version 4.2.4
configure:3070: $? = 0
configure:3059: mipsel-uclibc-gcc -V >&5
mipsel-uclibc-gcc: '-V' option must have argument
configure:3070: $? = 1
configure:3059: mipsel-uclibc-gcc -qversion >&5
mipsel-uclibc-gcc: unrecognized option '-qversion'
mipsel-uclibc-gcc: no input files
configure:3070: $? = 1
configure:3090: checking whether the C compiler works
configure:3112: mipsel-uclibc-gcc -Os -Wall -DLINUX26 -DCONFIG_BCMWL5 -pipe -DBCMWPA2 -funit-at-a-time -Wno-pointer-sign -mtune=mips32 -mips32   -ffunction-sections -fdata-sections  -ffunction-sections -fdata-sections -Wl,--gc-sections conftest.c  >&5
configure:3116: $? = 0
configure:3165: result: yes
configure:3168: checking for C compiler default output file name
configure:3170: result: a.out
configure:3176: checking for suffix of executables
configure:3183: mipsel-uclibc-gcc -o conftest -Os -Wall -DLINUX26 -DCONFIG_BCMWL5 -pipe -DBCMWPA2 -funit-at-a-time -Wno-pointer-sign -mtune=mips32 -mips32   -ffunction-sections -fdata-sections  -ffunction-sections -fdata-sections -Wl,--gc-sections conftest.c  >&5
configure:3187: $? = 0
configure:3209: result: 
configure:3231: checking whether we are cross compiling
configure:3269: result: yes
configure:3274: checking for suffix of object files
configure:3296: mipsel-uclibc-gcc -c -Os -Wall -DLINUX26 -DCONFIG_BCMWL5 -pipe -DBCMWPA2 -funit-at-a-time -Wno-pointer-sign -mtune=mips32 -mips32   -ffunction-sections -fdata-sections  conftest.c >&5
configure:3300: $? = 0
configure:3321: result: o
configure:3325: checking whether we are using the GNU C compiler
configure:3344: mipsel-uclibc-gcc -c -Os -Wall -DLINUX26 -DCONFIG_BCMWL5 -pipe -DBCMWPA2 -funit-at-a-time -Wno-pointer-sign -mtune=mips32 -mips32   -ffunction-sections -fdata-sections  conftest.c >&5
configure:3344: $? = 0
configure:3353: result: yes
configure:3362: checking whether mipsel-uclibc-gcc accepts -g
configure:3382: mipsel-uclibc-gcc -c -g  conftest.c >&5
configure:3382: $? = 0
configure:3423: result: yes
configure:3440: checking for mipsel-uclibc-gcc option to accept ISO C89
configure:3504: mipsel-uclibc-gcc  -c -Os -Wall -DLINUX26 -DCONFIG_BCMWL5 -pipe -DBCMWPA2 -funit-at-a-time -Wno-pointer-sign -mtune=mips32 -mips32   -ffunction-sections -fdata-sections  conftest.c >&5
configure:3504: $? = 0
configure:3517: result: none needed
configure:3548: checking for style of include used by make
configure:3576: result: GNU
configure:3601: checking dependency style of mipsel-uclibc-gcc
configure:3711: result: gcc3
configure:3727: checking whether mipsel-uclibc-gcc and cc understand -c and -o together
configure:3758: mipsel-uclibc-gcc -c conftest.c -o conftest2.o >&5
configure:3762: $? = 0
configure:3768: mipsel-uclibc-gcc -c conftest.c -o conftest2.o >&5
configure:3772: $? = 0
configure:3783: cc -c conftest.c >&5
configure:3787: $? = 0
configure:3795: cc -c conftest.c -o conftest2.o >&5
configure:3799: $? = 0
configure:3805: cc -c conftest.c -o conftest2.o >&5
configure:3809: $? = 0
configure:3827: result: yes
configure:3929: checking how to print strings
configure:3956: result: printf
configure:3977: checking for a sed that does not truncate output
configure:4041: result: /bin/sed
configure:4059: checking for grep that handles long lines and -e
configure:4117: result: /bin/grep
configure:4122: checking for egrep
configure:4184: result: /bin/grep -E
configure:4189: checking for fgrep
configure:4251: result: /bin/grep -F
configure:4286: checking for ld used by mipsel-uclibc-gcc
configure:4353: result: mipsel-uclibc-ld
configure:4360: checking if the linker (mipsel-uclibc-ld) is GNU ld
configure:4375: result: yes
configure:4387: checking for BSD- or MS-compatible name lister (nm)
configure:4436: result: mipsel-uclibc-nm
configure:4566: checking the name lister (mipsel-uclibc-nm) interface
configure:4573: mipsel-uclibc-gcc -c -Os -Wall -DLINUX26 -DCONFIG_BCMWL5 -pipe -DBCMWPA2 -funit-at-a-time -Wno-pointer-sign -mtune=mips32 -mips32   -ffunction-sections -fdata-sections  conftest.c >&5
configure:4576: mipsel-uclibc-nm "conftest.o"
configure:4579: output
00000000 B some_variable
configure:4586: result: BSD nm
configure:4589: checking whether ln -s works
configure:4593: result: yes
configure:4601: checking the maximum length of command line arguments
configure:4731: result: 3458764513820540925
configure:4748: checking whether the shell understands some XSI constructs
configure:4758: result: yes
configure:4762: checking whether the shell understands "+="
configure:4768: result: yes
configure:4803: checking how to convert x86_64-pc-linux-gnu file names to mipsel-unknown-linux-gnu format
configure:4843: result: func_convert_file_noop
configure:4850: checking how to convert x86_64-pc-linux-gnu file names to toolchain format
configure:4870: result: func_convert_file_noop
configure:4877: checking for mipsel-uclibc-ld option to reload object files
configure:4884: result: -r
configure:4918: checking for mipsel-linux-objdump
configure:4934: found /opt/brcm/hndtools-mipsel-uclibc/bin/mipsel-linux-objdump
configure:4945: result: mipsel-linux-objdump
configure:5017: checking how to recognize dependent libraries
configure:5215: result: pass_all
configure:5260: checking for mipsel-linux-dlltool
configure:5290: result: no
configure:5300: checking for dlltool
configure:5330: result: no
configure:5360: checking how to associate runtime and link libraries
configure:5387: result: printf %s\n
configure:5404: checking for mipsel-linux-ar
configure:5431: result: mipsel-uclibc-ar
configure:5512: checking for archiver @FILE support
configure:5529: mipsel-uclibc-gcc -c -Os -Wall -DLINUX26 -DCONFIG_BCMWL5 -pipe -DBCMWPA2 -funit-at-a-time -Wno-pointer-sign -mtune=mips32 -mips32   -ffunction-sections -fdata-sections  conftest.c >&5
configure:5529: $? = 0
configure:5532: mipsel-uclibc-ar cru libconftest.a @conftest.lst >&5
configure:5535: $? = 0
configure:5540: mipsel-uclibc-ar cru libconftest.a @conftest.lst >&5
mipsel-uclibc-ar: conftest.o: No such file or directory
configure:5543: $? = 1
configure:5555: result: @
configure:5573: checking for mipsel-linux-strip
configure:5600: result: mipsel-uclibc-strip
configure:5672: checking for mipsel-linux-ranlib
configure:5699: result: mipsel-uclibc-ranlib
configure:5841: checking command to parse mipsel-uclibc-nm output from mipsel-uclibc-gcc object
configure:5961: mipsel-uclibc-gcc -c -Os -Wall -DLINUX26 -DCONFIG_BCMWL5 -pipe -DBCMWPA2 -funit-at-a-time -Wno-pointer-sign -mtune=mips32 -mips32   -ffunction-sections -fdata-sections  conftest.c >&5
configure:5964: $? = 0
configure:5968: mipsel-uclibc-nm conftest.o \| sed -n -e 's/^.*[ ]\([ABCDGIRSTW][ABCDGIRSTW]*\)[ ][ ]*\([_A-Za-z][_A-Za-z0-9]*\)$/\1 \2 \2/p' | sed '/ __gnu_lto/d' \> conftest.nm
configure:5971: $? = 0
configure:6037: mipsel-uclibc-gcc -o conftest -Os -Wall -DLINUX26 -DCONFIG_BCMWL5 -pipe -DBCMWPA2 -funit-at-a-time -Wno-pointer-sign -mtune=mips32 -mips32   -ffunction-sections -fdata-sections  -ffunction-sections -fdata-sections -Wl,--gc-sections conftest.c conftstm.o >&5
configure:6040: $? = 0
configure:6078: result: ok
configure:6115: checking for sysroot
configure:6145: result: no
configure:6361: checking for mipsel-linux-mt
configure:6391: result: no
configure:6401: checking for mt
configure:6417: found /bin/mt
configure:6428: result: mt
configure:6440: WARNING: using cross tools not prefixed with host triplet
configure:6451: checking if mt is a manifest tool
configure:6457: mt '-?'
configure:6465: result: no
configure:7107: checking how to run the C preprocessor
configure:7138: mipsel-uclibc-gcc -E  conftest.c
configure:7138: $? = 0
configure:7152: mipsel-uclibc-gcc -E  conftest.c
conftest.c:11:28: error: ac_nonexistent.h: No such file or directory
configure:7152: $? = 1
configure: failed program was:
| /* confdefs.h */
| #define PACKAGE_NAME "libnfnetlink"
| #define PACKAGE_TARNAME "libnfnetlink"
| #define PACKAGE_VERSION "1.0.1"
| #define PACKAGE_STRING "libnfnetlink 1.0.1"
| #define PACKAGE_BUGREPORT ""
| #define PACKAGE_URL ""
| #define PACKAGE "libnfnetlink"
| #define VERSION "1.0.1"
| /* end confdefs.h.  */
| #include <ac_nonexistent.h>
configure:7177: result: mipsel-uclibc-gcc -E
configure:7197: mipsel-uclibc-gcc -E  conftest.c
configure:7197: $? = 0
configure:7211: mipsel-uclibc-gcc -E  conftest.c
conftest.c:11:28: error: ac_nonexistent.h: No such file or directory
configure:7211: $? = 1
configure: failed program was:
| /* confdefs.h */
| #define PACKAGE_NAME "libnfnetlink"
| #define PACKAGE_TARNAME "libnfnetlink"
| #define PACKAGE_VERSION "1.0.1"
| #define PACKAGE_STRING "libnfnetlink 1.0.1"
| #define PACKAGE_BUGREPORT ""
| #define PACKAGE_URL ""
| #define PACKAGE "libnfnetlink"
| #define VERSION "1.0.1"
| /* end confdefs.h.  */
| #include <ac_nonexistent.h>
configure:7240: checking for ANSI C header files
configure:7260: mipsel-uclibc-gcc -c -Os -Wall -DLINUX26 -DCONFIG_BCMWL5 -pipe -DBCMWPA2 -funit-at-a-time -Wno-pointer-sign -mtune=mips32 -mips32   -ffunction-sections -fdata-sections  conftest.c >&5
configure:7260: $? = 0
configure:7344: result: yes
configure:7357: checking for sys/types.h
configure:7357: mipsel-uclibc-gcc -c -Os -Wall -DLINUX26 -DCONFIG_BCMWL5 -pipe -DBCMWPA2 -funit-at-a-time -Wno-pointer-sign -mtune=mips32 -mips32   -ffunction-sections -fdata-sections  conftest.c >&5
configure:7357: $? = 0
configure:7357: result: yes
configure:7357: checking for sys/stat.h
configure:7357: mipsel-uclibc-gcc -c -Os -Wall -DLINUX26 -DCONFIG_BCMWL5 -pipe -DBCMWPA2 -funit-at-a-time -Wno-pointer-sign -mtune=mips32 -mips32   -ffunction-sections -fdata-sections  conftest.c >&5
configure:7357: $? = 0
configure:7357: result: yes
configure:7357: checking for stdlib.h
configure:7357: mipsel-uclibc-gcc -c -Os -Wall -DLINUX26 -DCONFIG_BCMWL5 -pipe -DBCMWPA2 -funit-at-a-time -Wno-pointer-sign -mtune=mips32 -mips32   -ffunction-sections -fdata-sections  conftest.c >&5
configure:7357: $? = 0
configure:7357: result: yes
configure:7357: checking for string.h
configure:7357: mipsel-uclibc-gcc -c -Os -Wall -DLINUX26 -DCONFIG_BCMWL5 -pipe -DBCMWPA2 -funit-at-a-time -Wno-pointer-sign -mtune=mips32 -mips32   -ffunction-sections -fdata-sections  conftest.c >&5
configure:7357: $? = 0
configure:7357: result: yes
configure:7357: checking for memory.h
configure:7357: mipsel-uclibc-gcc -c -Os -Wall -DLINUX26 -DCONFIG_BCMWL5 -pipe -DBCMWPA2 -funit-at-a-time -Wno-pointer-sign -mtune=mips32 -mips32   -ffunction-sections -fdata-sections  conftest.c >&5
configure:7357: $? = 0
configure:7357: result: yes
configure:7357: checking for strings.h
configure:7357: mipsel-uclibc-gcc -c -Os -Wall -DLINUX26 -DCONFIG_BCMWL5 -pipe -DBCMWPA2 -funit-at-a-time -Wno-pointer-sign -mtune=mips32 -mips32   -ffunction-sections -fdata-sections  conftest.c >&5
configure:7357: $? = 0
configure:7357: result: yes
configure:7357: checking for inttypes.h
configure:7357: mipsel-uclibc-gcc -c -Os -Wall -DLINUX26 -DCONFIG_BCMWL5 -pipe -DBCMWPA2 -funit-at-a-time -Wno-pointer-sign -mtune=mips32 -mips32   -ffunction-sections -fdata-sections  conftest.c >&5
configure:7357: $? = 0
configure:7357: result: yes
configure:7357: checking for stdint.h
configure:7357: mipsel-uclibc-gcc -c -Os -Wall -DLINUX26 -DCONFIG_BCMWL5 -pipe -DBCMWPA2 -funit-at-a-time -Wno-pointer-sign -mtune=mips32 -mips32   -ffunction-sections -fdata-sections  conftest.c >&5
configure:7357: $? = 0
configure:7357: result: yes
configure:7357: checking for unistd.h
configure:7357: mipsel-uclibc-gcc -c -Os -Wall -DLINUX26 -DCONFIG_BCMWL5 -pipe -DBCMWPA2 -funit-at-a-time -Wno-pointer-sign -mtune=mips32 -mips32   -ffunction-sections -fdata-sections  conftest.c >&5
configure:7357: $? = 0
configure:7357: result: yes
configure:7372: checking for dlfcn.h
configure:7372: mipsel-uclibc-gcc -c -Os -Wall -DLINUX26 -DCONFIG_BCMWL5 -pipe -DBCMWPA2 -funit-at-a-time -Wno-pointer-sign -mtune=mips32 -mips32   -ffunction-sections -fdata-sections  conftest.c >&5
configure:7372: $? = 0
configure:7372: result: yes
configure:7548: checking for objdir
configure:7563: result: .libs
configure:7834: checking if mipsel-uclibc-gcc supports -fno-rtti -fno-exceptions
configure:7852: mipsel-uclibc-gcc -c -Os -Wall -DLINUX26 -DCONFIG_BCMWL5 -pipe -DBCMWPA2 -funit-at-a-time -Wno-pointer-sign -mtune=mips32 -mips32   -ffunction-sections -fdata-sections  -fno-rtti -fno-exceptions conftest.c >&5
cc1: warning: command line option "-fno-rtti" is valid for C++/ObjC++ but not for C
configure:7856: $? = 0
configure:7869: result: no
configure:8196: checking for mipsel-uclibc-gcc option to produce PIC
configure:8203: result: -fPIC -DPIC
configure:8211: checking if mipsel-uclibc-gcc PIC flag -fPIC -DPIC works
configure:8229: mipsel-uclibc-gcc -c -Os -Wall -DLINUX26 -DCONFIG_BCMWL5 -pipe -DBCMWPA2 -funit-at-a-time -Wno-pointer-sign -mtune=mips32 -mips32   -ffunction-sections -fdata-sections  -fPIC -DPIC -DPIC conftest.c >&5
configure:8233: $? = 0
configure:8246: result: yes
configure:8275: checking if mipsel-uclibc-gcc static flag -static works
configure:8303: result: yes
configure:8318: checking if mipsel-uclibc-gcc supports -c -o file.o
configure:8339: mipsel-uclibc-gcc -c -Os -Wall -DLINUX26 -DCONFIG_BCMWL5 -pipe -DBCMWPA2 -funit-at-a-time -Wno-pointer-sign -mtune=mips32 -mips32   -ffunction-sections -fdata-sections  -o out/conftest2.o conftest.c >&5
configure:8343: $? = 0
configure:8365: result: yes
configure:8373: checking if mipsel-uclibc-gcc supports -c -o file.o
configure:8420: result: yes
configure:8453: checking whether the mipsel-uclibc-gcc linker (mipsel-uclibc-ld) supports shared libraries
configure:9610: result: yes
configure:9647: checking whether -lc should be explicitly linked in
configure:9655: mipsel-uclibc-gcc -c -Os -Wall -DLINUX26 -DCONFIG_BCMWL5 -pipe -DBCMWPA2 -funit-at-a-time -Wno-pointer-sign -mtune=mips32 -mips32   -ffunction-sections -fdata-sections  conftest.c >&5
configure:9658: $? = 0
configure:9673: mipsel-uclibc-gcc -shared  -fPIC -DPIC conftest.o  -v -Wl,-soname -Wl,conftest -o conftest 2\>\&1 \| /bin/grep  -lc  \>/dev/null 2\>\&1
configure:9676: $? = 0
configure:9690: result: no
configure:9850: checking dynamic linker characteristics
configure:10350: mipsel-uclibc-gcc -o conftest -Os -Wall -DLINUX26 -DCONFIG_BCMWL5 -pipe -DBCMWPA2 -funit-at-a-time -Wno-pointer-sign -mtune=mips32 -mips32   -ffunction-sections -fdata-sections  -ffunction-sections -fdata-sections -Wl,--gc-sections -Wl,-rpath -Wl,/foo conftest.c  >&5
configure:10350: $? = 0
configure:10584: result: GNU/Linux ld.so
configure:10691: checking how to hardcode library paths into programs
configure:10716: result: immediate
configure:11256: checking whether stripping libraries is possible
configure:11261: result: yes
configure:11296: checking if libtool supports shared libraries
configure:11298: result: yes
configure:11301: checking whether to build shared libraries
configure:11322: result: yes
configure:11325: checking whether to build static libraries
configure:11329: result: yes
configure:11531: creating ./config.status

## ---------------------- ##
## Running config.status. ##
## ---------------------- ##

This file was extended by libnfnetlink config.status 1.0.1, which was
generated by GNU Autoconf 2.65.  Invocation command line was

  CONFIG_FILES    = 
  CONFIG_HEADERS  = 
  CONFIG_LINKS    = 
  CONFIG_COMMANDS = 
  $ ./config.status 

on rainkid

config.status:1008: creating Makefile
config.status:1008: creating src/Makefile
config.status:1008: creating include/Makefile
config.status:1008: creating include/libnfnetlink/Makefile
config.status:1008: creating utils/Makefile
config.status:1008: creating libnfnetlink.pc
config.status:1171: executing depfiles commands
config.status:1171: executing libtool commands

## ---------------- ##
## Cache variables. ##
## ---------------- ##

ac_cv_build=x86_64-pc-linux-gnu
ac_cv_c_compiler_gnu=yes
ac_cv_env_CC_set=set
ac_cv_env_CC_value=mipsel-uclibc-gcc
ac_cv_env_CFLAGS_set=set
ac_cv_env_CFLAGS_value='-Os -Wall -DLINUX26 -DCONFIG_BCMWL5 -pipe -DBCMWPA2 -funit-at-a-time -Wno-pointer-sign -mtune=mips32 -mips32   -ffunction-sections -fdata-sections'
ac_cv_env_CPPFLAGS_set=
ac_cv_env_CPPFLAGS_value=
ac_cv_env_CPP_set=
ac_cv_env_CPP_value=
ac_cv_env_LDFLAGS_set=set
ac_cv_env_LDFLAGS_value='-ffunction-sections -fdata-sections -Wl,--gc-sections'
ac_cv_env_LIBS_set=
ac_cv_env_LIBS_value=
ac_cv_env_build_alias_set=set
ac_cv_env_build_alias_value=x86_64-linux-gnu
ac_cv_env_host_alias_set=set
ac_cv_env_host_alias_value=mipsel-linux
ac_cv_env_target_alias_set=
ac_cv_env_target_alias_value=
ac_cv_func_malloc_0_nonnull=yes
ac_cv_header_dlfcn_h=yes
ac_cv_header_inttypes_h=yes
ac_cv_header_memory_h=yes
ac_cv_header_stdc=yes
ac_cv_header_stdint_h=yes
ac_cv_header_stdlib_h=yes
ac_cv_header_string_h=yes
ac_cv_header_strings_h=yes
ac_cv_header_sys_stat_h=yes
ac_cv_header_sys_types_h=yes
ac_cv_header_unistd_h=yes
ac_cv_host=mipsel-unknown-linux-gnu
ac_cv_objext=o
ac_cv_path_EGREP='/bin/grep -E'
ac_cv_path_FGREP='/bin/grep -F'
ac_cv_path_GREP=/bin/grep
ac_cv_path_SED=/bin/sed
ac_cv_path_install='/usr/bin/install -c'
ac_cv_path_mkdir=/bin/mkdir
ac_cv_prog_AR=mipsel-uclibc-ar
ac_cv_prog_AWK=gawk
ac_cv_prog_CC=mipsel-uclibc-gcc
ac_cv_prog_CPP='mipsel-uclibc-gcc -E'
ac_cv_prog_OBJDUMP=mipsel-linux-objdump
ac_cv_prog_RANLIB=mipsel-uclibc-ranlib
ac_cv_prog_STRIP=mipsel-uclibc-strip
ac_cv_prog_ac_ct_MANIFEST_TOOL=mt
ac_cv_prog_cc_c89=
ac_cv_prog_cc_g=yes
ac_cv_prog_cc_mipsel_uclibc_gcc_c_o=yes
ac_cv_prog_make_make_set=yes
am_cv_CC_dependencies_compiler_type=gcc3
am_cv_prog_tar_pax=gnutar
lt_cv_ar_at_file=@
lt_cv_archive_cmds_need_lc=no
lt_cv_deplibs_check_method=pass_all
lt_cv_file_magic_cmd='$MAGIC_CMD'
lt_cv_file_magic_test_file=
lt_cv_ld_reload_flag=-r
lt_cv_nm_interface='BSD nm'
lt_cv_objdir=.libs
lt_cv_path_LD=mipsel-uclibc-ld
lt_cv_path_NM=mipsel-uclibc-nm
lt_cv_path_mainfest_tool=no
lt_cv_prog_compiler_c_o=yes
lt_cv_prog_compiler_pic='-fPIC -DPIC'
lt_cv_prog_compiler_pic_works=yes
lt_cv_prog_compiler_rtti_exceptions=no
lt_cv_prog_compiler_static_works=yes
lt_cv_prog_gnu_ld=yes
lt_cv_sharedlib_from_linklib_cmd='printf %s\n'
lt_cv_shlibpath_overrides_runpath=no
lt_cv_sys_global_symbol_pipe='sed -n -e '\''s/^.*[	 ]\([ABCDGIRSTW][ABCDGIRSTW]*\)[	 ][	 ]*\([_A-Za-z][_A-Za-z0-9]*\)$/\1 \2 \2/p'\'' | sed '\''/ __gnu_lto/d'\'''
lt_cv_sys_global_symbol_to_c_name_address='sed -n -e '\''s/^: \([^ ]*\)[ ]*$/  {\"\1\", (void *) 0},/p'\'' -e '\''s/^[ABCDGIRSTW]* \([^ ]*\) \([^ ]*\)$/  {"\2", (void *) \&\2},/p'\'''
lt_cv_sys_global_symbol_to_c_name_address_lib_prefix='sed -n -e '\''s/^: \([^ ]*\)[ ]*$/  {\"\1\", (void *) 0},/p'\'' -e '\''s/^[ABCDGIRSTW]* \([^ ]*\) \(lib[^ ]*\)$/  {"\2", (void *) \&\2},/p'\'' -e '\''s/^[ABCDGIRSTW]* \([^ ]*\) \([^ ]*\)$/  {"lib\2", (void *) \&\2},/p'\'''
lt_cv_sys_global_symbol_to_cdecl='sed -n -e '\''s/^T .* \(.*\)$/extern int \1();/p'\'' -e '\''s/^[ABCDGIRSTW]* .* \(.*\)$/extern char \1;/p'\'''
lt_cv_sys_max_cmd_len=3458764513820540925
lt_cv_to_host_file_cmd=func_convert_file_noop
lt_cv_to_tool_file_cmd=func_convert_file_noop

## ----------------- ##
## Output variables. ##
## ----------------- ##

ACLOCAL='${SHELL} /home/rainkid/workspace/bcwifi/release/src-rt/router/libnfnetlink/build-aux/missing --run aclocal-1.11'
AMDEPBACKSLASH='\'
AMDEP_FALSE='#'
AMDEP_TRUE=''
AMTAR='${SHELL} /home/rainkid/workspace/bcwifi/release/src-rt/router/libnfnetlink/build-aux/missing --run tar'
AM_BACKSLASH='\'
AM_DEFAULT_VERBOSITY='0'
AR='mipsel-uclibc-ar'
AUTOCONF='${SHELL} /home/rainkid/workspace/bcwifi/release/src-rt/router/libnfnetlink/build-aux/missing --run autoconf'
AUTOHEADER='${SHELL} /home/rainkid/workspace/bcwifi/release/src-rt/router/libnfnetlink/build-aux/missing --run autoheader'
AUTOMAKE='${SHELL} /home/rainkid/workspace/bcwifi/release/src-rt/router/libnfnetlink/build-aux/missing --run automake-1.11'
AWK='gawk'
CC='mipsel-uclibc-gcc'
CCDEPMODE='depmode=gcc3'
CFLAGS='-Os -Wall -DLINUX26 -DCONFIG_BCMWL5 -pipe -DBCMWPA2 -funit-at-a-time -Wno-pointer-sign -mtune=mips32 -mips32   -ffunction-sections -fdata-sections'
CPP='mipsel-uclibc-gcc -E'
CPPFLAGS=''
CYGPATH_W='echo'
DEFS='-DPACKAGE_NAME=\"libnfnetlink\" -DPACKAGE_TARNAME=\"libnfnetlink\" -DPACKAGE_VERSION=\"1.0.1\" -DPACKAGE_STRING=\"libnfnetlink\ 1.0.1\" -DPACKAGE_BUGREPORT=\"\" -DPACKAGE_URL=\"\" -DPACKAGE=\"libnfnetlink\" -DVERSION=\"1.0.1\" -DSTDC_HEADERS=1 -DHAVE_SYS_TYPES_H=1 -DHAVE_SYS_STAT_H=1 -DHAVE_STDLIB_H=1 -DHAVE_STRING_H=1 -DHAVE_MEMORY_H=1 -DHAVE_STRINGS_H=1 -DHAVE_INTTYPES_H=1 -DHAVE_STDINT_H=1 -DHAVE_UNISTD_H=1 -DHAVE_DLFCN_H=1 -DLT_OBJDIR=\".libs/\"'
DEPDIR='.deps'
DLLTOOL='false'
DSYMUTIL=''
DUMPBIN=''
ECHO_C=''
ECHO_N='-n'
ECHO_T=''
EGREP='/bin/grep -E'
EXEEXT=''
FGREP='/bin/grep -F'
GREP='/bin/grep'
INSTALL_DATA='${INSTALL} -m 644'
INSTALL_PROGRAM='${INSTALL}'
INSTALL_SCRIPT='${INSTALL}'
INSTALL_STRIP_PROGRAM='$(install_sh) -c -s'
LD='mipsel-uclibc-ld'
LDFLAGS='-ffunction-sections -fdata-sections -Wl,--gc-sections'
LIBOBJS=''
LIBS=''
LIBTOOL='$(SHELL) $(top_builddir)/libtool'
LIPO=''
LN_S='ln -s'
LTLIBOBJS=''
MAKEINFO='${SHELL} /home/rainkid/workspace/bcwifi/release/src-rt/router/libnfnetlink/build-aux/missing --run makeinfo'
MANIFEST_TOOL=':'
MKDIR_P='/bin/mkdir -p'
NM='mipsel-uclibc-nm'
NMEDIT=''
OBJDUMP='mipsel-linux-objdump'
OBJEXT='o'
OTOOL64=''
OTOOL=''
PACKAGE='libnfnetlink'
PACKAGE_BUGREPORT=''
PACKAGE_NAME='libnfnetlink'
PACKAGE_STRING='libnfnetlink 1.0.1'
PACKAGE_TARNAME='libnfnetlink'
PACKAGE_URL=''
PACKAGE_VERSION='1.0.1'
PATH_SEPARATOR=':'
RANLIB='mipsel-uclibc-ranlib'
SED='/bin/sed'
SET_MAKE=''
SHELL='/bin/bash'
STRIP='mipsel-uclibc-strip'
VERSION='1.0.1'
ac_ct_AR=''
ac_ct_CC=''
ac_ct_DUMPBIN=''
am__EXEEXT_FALSE=''
am__EXEEXT_TRUE='#'
am__fastdepCC_FALSE='#'
am__fastdepCC_TRUE=''
am__include='include'
am__isrc=''
am__leading_dot='.'
am__quote=''
am__tar='tar --format=posix -chf - "$$tardir"'
am__untar='tar -xf -'
bindir='${exec_prefix}/bin'
build='x86_64-pc-linux-gnu'
build_alias='x86_64-linux-gnu'
build_cpu='x86_64'
build_os='linux-gnu'
build_vendor='pc'
datadir='${datarootdir}'
datarootdir='${prefix}/share'
docdir='${datarootdir}/doc/${PACKAGE_TARNAME}'
dvidir='${docdir}'
exec_prefix='${prefix}'
host='mipsel-unknown-linux-gnu'
host_alias='mipsel-linux'
host_cpu='mipsel'
host_os='linux-gnu'
host_vendor='unknown'
htmldir='${docdir}'
includedir='${prefix}/include'
infodir='${datarootdir}/info'
install_sh='${SHELL} /home/rainkid/workspace/bcwifi/release/src-rt/router/libnfnetlink/build-aux/install-sh'
libdir='${exec_prefix}/lib'
libexecdir='${exec_prefix}/libexec'
localedir='${datarootdir}/locale'
localstatedir='${prefix}/var'
mandir='${datarootdir}/man'
mkdir_p='/bin/mkdir -p'
oldincludedir='/usr/include'
pdfdir='${docdir}'
prefix='/usr'
program_transform_name='s,x,x,'
psdir='${docdir}'
sbindir='${exec_prefix}/sbin'
sharedstatedir='${prefix}/com'
sysconfdir='${prefix}/etc'
target_alias=''

## ----------- ##
## confdefs.h. ##
## ----------- ##

/* confdefs.h */
#define PACKAGE_NAME "libnfnetlink"
#define PACKAGE_TARNAME "libnfnetlink"
#define PACKAGE_VERSION "1.0.1"
#define PACKAGE_STRING "libnfnetlink 1.0.1"
#define PACKAGE_BUGREPORT ""
#define PACKAGE_URL ""
#define PACKAGE "libnfnetlink"
#define VERSION "1.0.1"
#define STDC_HEADERS 1
#define HAVE_SYS_TYPES_H 1
#define HAVE_SYS_STAT_H 1
#define HAVE_STDLIB_H 1
#define HAVE_STRING_H 1
#define HAVE_MEMORY_H 1
#define HAVE_STRINGS_H 1
#define HAVE_INTTYPES_H 1
#define HAVE_STDINT_H 1
#define HAVE_UNISTD_H 1
#define HAVE_DLFCN_H 1
#define LT_OBJDIR ".libs/"

configure: exit 0
