This file contains any messages produced by compilers while
running configure, to aid debugging if configure makes a mistake.

It was created by libnfsidmap configure 0.24, which was
generated by GNU Autoconf 2.69.  Invocation command line was

  $ ./configure --host=mipsel-linux --build=x86_64-linux-gnu --prefix=/usr --enable-shared --enable-static build_alias=x86_64-linux-gnu host_alias=mipsel-linux CC=mipsel-uclibc-gcc CFLAGS=-Os -Wall -DLINUX26 -DCONFIG_BCMWL5 -pipe -DBCMWPA2 -funit-at-a-time -Wno-pointer-sign -mtune=mips32 -mips32   --no-create --no-recursion

## --------- ##
## Platform. ##
## --------- ##

hostname = ThinkPad-X230
uname -m = x86_64
uname -r = 3.8.0-34-generic
uname -s = Linux
uname -v = #49-Ubuntu SMP Tue Nov 12 18:00:10 UTC 2013

/usr/bin/uname -p = unknown
/bin/uname -X     = unknown

/bin/arch              = unknown
/usr/bin/arch -k       = unknown
/usr/convex/getsysinfo = unknown
/usr/bin/hostinfo      = unknown
/bin/machine           = unknown
/usr/bin/oslevel       = unknown
/bin/universe          = unknown

PATH: /home/forgotfun/project/NewStageCode/shibby_110/release/tools
PATH: /projects/hnd/tools/linux/hndtools-arm-linux-2.6.36-uclibc-4.5.3/bin/
PATH: /usr/lib/lightdm/lightdm
PATH: /usr/local/sbin
PATH: /usr/local/bin
PATH: /usr/sbin
PATH: /usr/bin
PATH: /sbin
PATH: /bin
PATH: /usr/games
PATH: /usr/local/games
PATH: /opt/brcm/hndtools-mipsel-linux/bin
PATH: /opt/brcm/hndtools-mipsel-uclibc/bin


## ----------- ##
## Core tests. ##
## ----------- ##

configure:2300: checking for a BSD-compatible install
configure:2368: result: /usr/bin/install -c
configure:2379: checking whether build environment is sane
configure:2429: result: yes
configure:2478: checking for mipsel-linux-strip
configure:2505: result: mipsel-uclibc-strip -R .note -R .comment
configure:2570: checking for a thread-safe mkdir -p
configure:2609: result: /bin/mkdir -p
configure:2622: checking for gawk
configure:2638: found /usr/bin/gawk
configure:2649: result: gawk
configure:2660: checking whether make sets $(MAKE)
configure:2682: result: yes
configure:2791: checking build system type
configure:2805: result: x86_64-pc-linux-gnu
configure:2825: checking host system type
configure:2838: result: mipsel-unknown-linux-gnu
configure:2879: checking how to print strings
configure:2906: result: printf
configure:2939: checking for style of include used by make
configure:2967: result: GNU
configure:2998: checking for mipsel-linux-gcc
configure:3025: result: mipsel-uclibc-gcc
configure:3294: checking for C compiler version
configure:3303: mipsel-uclibc-gcc --version >&5
mipsel-uclibc-gcc (GCC) 4.2.4
Copyright (C) 2007 Free Software Foundation, Inc.
This is free software; see the source for copying conditions.  There is NO
warranty; not even for MERCHANTABILITY or FITNESS FOR A PARTICULAR PURPOSE.

configure:3314: $? = 0
configure:3303: mipsel-uclibc-gcc -v >&5
Using built-in specs.
Target: mipsel-linux-uclibc
Configured with: /home/shibby/openwrt/tomato.toolchain/t/build_dir/toolchain-mipsel_gcc4.2.4/gcc-4.2.4/configure --prefix=/opt/brcm/hndtools-mipsel-uclibc-4.2.4 --build=x86_64-linux-gnu --host=x86_64-linux-gnu --target=mipsel-linux-uclibc --with-gnu-ld --enable-target-optspace --disable-libgomp --disable-libmudflap --disable-multilib --disable-nls --disable-__cxa_atexit --enable-libssp --enable-languages=c,c++ --enable-shared --enable-threads --enable-tls
Thread model: posix
gcc version 4.2.4
configure:3314: $? = 0
configure:3303: mipsel-uclibc-gcc -V >&5
mipsel-uclibc-gcc: '-V' option must have argument
configure:3314: $? = 1
configure:3303: mipsel-uclibc-gcc -qversion >&5
mipsel-uclibc-gcc: unrecognized option '-qversion'
mipsel-uclibc-gcc: no input files
configure:3314: $? = 1
configure:3334: checking whether the C compiler works
configure:3356: mipsel-uclibc-gcc -Os -Wall -DLINUX26 -DCONFIG_BCMWL5 -pipe -DBCMWPA2 -funit-at-a-time -Wno-pointer-sign -mtune=mips32 -mips32     conftest.c  >&5
configure:3360: $? = 0
configure:3408: result: yes
configure:3411: checking for C compiler default output file name
configure:3413: result: a.out
configure:3419: checking for suffix of executables
configure:3426: mipsel-uclibc-gcc -o conftest -Os -Wall -DLINUX26 -DCONFIG_BCMWL5 -pipe -DBCMWPA2 -funit-at-a-time -Wno-pointer-sign -mtune=mips32 -mips32     conftest.c  >&5
configure:3430: $? = 0
configure:3452: result: 
configure:3474: checking whether we are cross compiling
configure:3512: result: yes
configure:3517: checking for suffix of object files
configure:3539: mipsel-uclibc-gcc -c -Os -Wall -DLINUX26 -DCONFIG_BCMWL5 -pipe -DBCMWPA2 -funit-at-a-time -Wno-pointer-sign -mtune=mips32 -mips32    conftest.c >&5
configure:3543: $? = 0
configure:3564: result: o
configure:3568: checking whether we are using the GNU C compiler
configure:3587: mipsel-uclibc-gcc -c -Os -Wall -DLINUX26 -DCONFIG_BCMWL5 -pipe -DBCMWPA2 -funit-at-a-time -Wno-pointer-sign -mtune=mips32 -mips32    conftest.c >&5
configure:3587: $? = 0
configure:3596: result: yes
configure:3605: checking whether mipsel-uclibc-gcc accepts -g
configure:3625: mipsel-uclibc-gcc -c -g  conftest.c >&5
configure:3625: $? = 0
configure:3666: result: yes
configure:3683: checking for mipsel-uclibc-gcc option to accept ISO C89
configure:3746: mipsel-uclibc-gcc  -c -Os -Wall -DLINUX26 -DCONFIG_BCMWL5 -pipe -DBCMWPA2 -funit-at-a-time -Wno-pointer-sign -mtune=mips32 -mips32    conftest.c >&5
configure:3746: $? = 0
configure:3759: result: none needed
configure:3781: checking dependency style of mipsel-uclibc-gcc
configure:3892: result: gcc3
configure:3907: checking for a sed that does not truncate output
configure:3971: result: /bin/sed
configure:3989: checking for grep that handles long lines and -e
configure:4047: result: /bin/grep
configure:4052: checking for egrep
configure:4114: result: /bin/grep -E
configure:4119: checking for fgrep
configure:4181: result: /bin/grep -F
configure:4216: checking for ld used by mipsel-uclibc-gcc
configure:4283: result: mipsel-uclibc-ld
configure:4290: checking if the linker (mipsel-uclibc-ld) is GNU ld
configure:4305: result: yes
configure:4317: checking for BSD- or MS-compatible name lister (nm)
configure:4366: result: mipsel-uclibc-nm
configure:4496: checking the name lister (mipsel-uclibc-nm) interface
configure:4503: mipsel-uclibc-gcc -c -Os -Wall -DLINUX26 -DCONFIG_BCMWL5 -pipe -DBCMWPA2 -funit-at-a-time -Wno-pointer-sign -mtune=mips32 -mips32    conftest.c >&5
configure:4506: mipsel-uclibc-nm "conftest.o"
configure:4509: output
00000000 B some_variable
configure:4516: result: BSD nm
configure:4519: checking whether ln -s works
configure:4523: result: yes
configure:4531: checking the maximum length of command line arguments
configure:4656: result: 3458764513820540925
configure:4673: checking whether the shell understands some XSI constructs
configure:4683: result: yes
configure:4687: checking whether the shell understands "+="
configure:4693: result: yes
configure:4728: checking for mipsel-uclibc-ld option to reload object files
configure:4735: result: -r
configure:4764: checking for mipsel-linux-objdump
configure:4780: found /opt/brcm/hndtools-mipsel-linux/bin/mipsel-linux-objdump
configure:4791: result: mipsel-linux-objdump
configure:4863: checking how to recognize dependent libraries
configure:5065: result: pass_all
configure:5085: checking for mipsel-linux-ar
configure:5112: result: mipsel-uclibc-ar
configure:5190: checking for mipsel-linux-strip
configure:5217: result: mipsel-uclibc-strip -R .note -R .comment
configure:5289: checking for mipsel-linux-ranlib
configure:5316: result: mipsel-uclibc-ranlib
configure:5458: checking command to parse mipsel-uclibc-nm output from mipsel-uclibc-gcc object
configure:5576: mipsel-uclibc-gcc -c -Os -Wall -DLINUX26 -DCONFIG_BCMWL5 -pipe -DBCMWPA2 -funit-at-a-time -Wno-pointer-sign -mtune=mips32 -mips32    conftest.c >&5
configure:5579: $? = 0
configure:5583: mipsel-uclibc-nm conftest.o \| sed -n -e 's/^.*[ ]\([ABCDGIRSTW][ABCDGIRSTW]*\)[ ][ ]*\([_A-Za-z][_A-Za-z0-9]*\)$/\1 \2 \2/p' \> conftest.nm
configure:5586: $? = 0
configure:5640: mipsel-uclibc-gcc -o conftest -Os -Wall -DLINUX26 -DCONFIG_BCMWL5 -pipe -DBCMWPA2 -funit-at-a-time -Wno-pointer-sign -mtune=mips32 -mips32     conftest.c conftstm.o >&5
configure:5643: $? = 0
configure:5681: result: ok
configure:6522: checking how to run the C preprocessor
configure:6553: mipsel-uclibc-gcc -E  conftest.c
configure:6553: $? = 0
configure:6567: mipsel-uclibc-gcc -E  conftest.c
conftest.c:11:28: error: ac_nonexistent.h: No such file or directory
configure:6567: $? = 1
configure: failed program was:
| /* confdefs.h */
| #define PACKAGE_NAME "libnfsidmap"
| #define PACKAGE_TARNAME "libnfsidmap"
| #define PACKAGE_VERSION "0.24"
| #define PACKAGE_STRING "libnfsidmap 0.24"
| #define PACKAGE_BUGREPORT "linux-nfs@vger.kernel.org"
| #define PACKAGE_URL ""
| #define PACKAGE "libnfsidmap"
| #define VERSION "0.24"
| /* end confdefs.h.  */
| #include <ac_nonexistent.h>
configure:6592: result: mipsel-uclibc-gcc -E
configure:6612: mipsel-uclibc-gcc -E  conftest.c
configure:6612: $? = 0
configure:6626: mipsel-uclibc-gcc -E  conftest.c
conftest.c:11:28: error: ac_nonexistent.h: No such file or directory
configure:6626: $? = 1
configure: failed program was:
| /* confdefs.h */
| #define PACKAGE_NAME "libnfsidmap"
| #define PACKAGE_TARNAME "libnfsidmap"
| #define PACKAGE_VERSION "0.24"
| #define PACKAGE_STRING "libnfsidmap 0.24"
| #define PACKAGE_BUGREPORT "linux-nfs@vger.kernel.org"
| #define PACKAGE_URL ""
| #define PACKAGE "libnfsidmap"
| #define VERSION "0.24"
| /* end confdefs.h.  */
| #include <ac_nonexistent.h>
configure:6655: checking for ANSI C header files
configure:6675: mipsel-uclibc-gcc -c -Os -Wall -DLINUX26 -DCONFIG_BCMWL5 -pipe -DBCMWPA2 -funit-at-a-time -Wno-pointer-sign -mtune=mips32 -mips32    conftest.c >&5
configure:6675: $? = 0
configure:6759: result: yes
configure:6772: checking for sys/types.h
configure:6772: mipsel-uclibc-gcc -c -Os -Wall -DLINUX26 -DCONFIG_BCMWL5 -pipe -DBCMWPA2 -funit-at-a-time -Wno-pointer-sign -mtune=mips32 -mips32    conftest.c >&5
configure:6772: $? = 0
configure:6772: result: yes
configure:6772: checking for sys/stat.h
configure:6772: mipsel-uclibc-gcc -c -Os -Wall -DLINUX26 -DCONFIG_BCMWL5 -pipe -DBCMWPA2 -funit-at-a-time -Wno-pointer-sign -mtune=mips32 -mips32    conftest.c >&5
configure:6772: $? = 0
configure:6772: result: yes
configure:6772: checking for stdlib.h
configure:6772: mipsel-uclibc-gcc -c -Os -Wall -DLINUX26 -DCONFIG_BCMWL5 -pipe -DBCMWPA2 -funit-at-a-time -Wno-pointer-sign -mtune=mips32 -mips32    conftest.c >&5
configure:6772: $? = 0
configure:6772: result: yes
configure:6772: checking for string.h
configure:6772: mipsel-uclibc-gcc -c -Os -Wall -DLINUX26 -DCONFIG_BCMWL5 -pipe -DBCMWPA2 -funit-at-a-time -Wno-pointer-sign -mtune=mips32 -mips32    conftest.c >&5
configure:6772: $? = 0
configure:6772: result: yes
configure:6772: checking for memory.h
configure:6772: mipsel-uclibc-gcc -c -Os -Wall -DLINUX26 -DCONFIG_BCMWL5 -pipe -DBCMWPA2 -funit-at-a-time -Wno-pointer-sign -mtune=mips32 -mips32    conftest.c >&5
configure:6772: $? = 0
configure:6772: result: yes
configure:6772: checking for strings.h
configure:6772: mipsel-uclibc-gcc -c -Os -Wall -DLINUX26 -DCONFIG_BCMWL5 -pipe -DBCMWPA2 -funit-at-a-time -Wno-pointer-sign -mtune=mips32 -mips32    conftest.c >&5
configure:6772: $? = 0
configure:6772: result: yes
configure:6772: checking for inttypes.h
configure:6772: mipsel-uclibc-gcc -c -Os -Wall -DLINUX26 -DCONFIG_BCMWL5 -pipe -DBCMWPA2 -funit-at-a-time -Wno-pointer-sign -mtune=mips32 -mips32    conftest.c >&5
configure:6772: $? = 0
configure:6772: result: yes
configure:6772: checking for stdint.h
configure:6772: mipsel-uclibc-gcc -c -Os -Wall -DLINUX26 -DCONFIG_BCMWL5 -pipe -DBCMWPA2 -funit-at-a-time -Wno-pointer-sign -mtune=mips32 -mips32    conftest.c >&5
configure:6772: $? = 0
configure:6772: result: yes
configure:6772: checking for unistd.h
configure:6772: mipsel-uclibc-gcc -c -Os -Wall -DLINUX26 -DCONFIG_BCMWL5 -pipe -DBCMWPA2 -funit-at-a-time -Wno-pointer-sign -mtune=mips32 -mips32    conftest.c >&5
configure:6772: $? = 0
configure:6772: result: yes
configure:6786: checking for dlfcn.h
configure:6786: mipsel-uclibc-gcc -c -Os -Wall -DLINUX26 -DCONFIG_BCMWL5 -pipe -DBCMWPA2 -funit-at-a-time -Wno-pointer-sign -mtune=mips32 -mips32    conftest.c >&5
configure:6786: $? = 0
configure:6786: result: yes
configure:6973: checking for objdir
configure:6988: result: .libs
configure:7259: checking if mipsel-uclibc-gcc supports -fno-rtti -fno-exceptions
configure:7277: mipsel-uclibc-gcc -c -Os -Wall -DLINUX26 -DCONFIG_BCMWL5 -pipe -DBCMWPA2 -funit-at-a-time -Wno-pointer-sign -mtune=mips32 -mips32    -fno-rtti -fno-exceptions conftest.c >&5
cc1: warning: command line option "-fno-rtti" is valid for C++/ObjC++ but not for C
configure:7281: $? = 0
configure:7294: result: no
configure:7314: checking for mipsel-uclibc-gcc option to produce PIC
configure:7599: result: -fPIC -DPIC
configure:7611: checking if mipsel-uclibc-gcc PIC flag -fPIC -DPIC works
configure:7629: mipsel-uclibc-gcc -c -Os -Wall -DLINUX26 -DCONFIG_BCMWL5 -pipe -DBCMWPA2 -funit-at-a-time -Wno-pointer-sign -mtune=mips32 -mips32    -fPIC -DPIC -DPIC conftest.c >&5
configure:7633: $? = 0
configure:7646: result: yes
configure:7670: checking if mipsel-uclibc-gcc static flag -static works
configure:7698: result: yes
configure:7713: checking if mipsel-uclibc-gcc supports -c -o file.o
configure:7734: mipsel-uclibc-gcc -c -Os -Wall -DLINUX26 -DCONFIG_BCMWL5 -pipe -DBCMWPA2 -funit-at-a-time -Wno-pointer-sign -mtune=mips32 -mips32    -o out/conftest2.o conftest.c >&5
configure:7738: $? = 0
configure:7760: result: yes
configure:7768: checking if mipsel-uclibc-gcc supports -c -o file.o
configure:7815: result: yes
configure:7848: checking whether the mipsel-uclibc-gcc linker (mipsel-uclibc-ld) supports shared libraries
configure:8923: result: yes
configure:8960: checking whether -lc should be explicitly linked in
configure:8968: mipsel-uclibc-gcc -c -Os -Wall -DLINUX26 -DCONFIG_BCMWL5 -pipe -DBCMWPA2 -funit-at-a-time -Wno-pointer-sign -mtune=mips32 -mips32    conftest.c >&5
configure:8971: $? = 0
configure:8986: mipsel-uclibc-gcc -shared conftest.o  -v -Wl,-soname -Wl,conftest -o conftest 2\>\&1 \| /bin/grep  -lc  \>/dev/null 2\>\&1
configure:8989: $? = 0
configure:9003: result: no
configure:9168: checking dynamic linker characteristics
configure:9623: mipsel-uclibc-gcc -o conftest -Os -Wall -DLINUX26 -DCONFIG_BCMWL5 -pipe -DBCMWPA2 -funit-at-a-time -Wno-pointer-sign -mtune=mips32 -mips32     -Wl,-rpath -Wl,/foo conftest.c  >&5
configure:9623: $? = 0
configure:9849: result: GNU/Linux ld.so
configure:9956: checking how to hardcode library paths into programs
configure:9981: result: immediate
configure:10521: checking whether stripping libraries is possible
configure:10526: result: yes
configure:10561: checking if libtool supports shared libraries
configure:10563: result: yes
configure:10566: checking whether to build shared libraries
configure:10587: result: yes
configure:10590: checking whether to build static libraries
configure:10594: result: yes
configure:10639: checking for mipsel-linux-gcc
configure:10666: result: mipsel-uclibc-gcc
configure:10935: checking for C compiler version
configure:10944: mipsel-uclibc-gcc --version >&5
mipsel-uclibc-gcc (GCC) 4.2.4
Copyright (C) 2007 Free Software Foundation, Inc.
This is free software; see the source for copying conditions.  There is NO
warranty; not even for MERCHANTABILITY or FITNESS FOR A PARTICULAR PURPOSE.

configure:10955: $? = 0
configure:10944: mipsel-uclibc-gcc -v >&5
Using built-in specs.
Target: mipsel-linux-uclibc
Configured with: /home/shibby/openwrt/tomato.toolchain/t/build_dir/toolchain-mipsel_gcc4.2.4/gcc-4.2.4/configure --prefix=/opt/brcm/hndtools-mipsel-uclibc-4.2.4 --build=x86_64-linux-gnu --host=x86_64-linux-gnu --target=mipsel-linux-uclibc --with-gnu-ld --enable-target-optspace --disable-libgomp --disable-libmudflap --disable-multilib --disable-nls --disable-__cxa_atexit --enable-libssp --enable-languages=c,c++ --enable-shared --enable-threads --enable-tls
Thread model: posix
gcc version 4.2.4
configure:10955: $? = 0
configure:10944: mipsel-uclibc-gcc -V >&5
mipsel-uclibc-gcc: '-V' option must have argument
configure:10955: $? = 1
configure:10944: mipsel-uclibc-gcc -qversion >&5
mipsel-uclibc-gcc: unrecognized option '-qversion'
mipsel-uclibc-gcc: no input files
configure:10955: $? = 1
configure:10959: checking whether we are using the GNU C compiler
configure:10987: result: yes
configure:10996: checking whether mipsel-uclibc-gcc accepts -g
configure:11057: result: yes
configure:11074: checking for mipsel-uclibc-gcc option to accept ISO C89
configure:11150: result: none needed
configure:11172: checking dependency style of mipsel-uclibc-gcc
configure:11283: result: gcc3
configure:11307: checking ldap.h usability
configure:11307: mipsel-uclibc-gcc -c -Os -Wall -DLINUX26 -DCONFIG_BCMWL5 -pipe -DBCMWPA2 -funit-at-a-time -Wno-pointer-sign -mtune=mips32 -mips32    conftest.c >&5
conftest.c:56:18: error: ldap.h: No such file or directory
configure:11307: $? = 1
configure: failed program was:
| /* confdefs.h */
| #define PACKAGE_NAME "libnfsidmap"
| #define PACKAGE_TARNAME "libnfsidmap"
| #define PACKAGE_VERSION "0.24"
| #define PACKAGE_STRING "libnfsidmap 0.24"
| #define PACKAGE_BUGREPORT "linux-nfs@vger.kernel.org"
| #define PACKAGE_URL ""
| #define PACKAGE "libnfsidmap"
| #define VERSION "0.24"
| #define STDC_HEADERS 1
| #define HAVE_SYS_TYPES_H 1
| #define HAVE_SYS_STAT_H 1
| #define HAVE_STDLIB_H 1
| #define HAVE_STRING_H 1
| #define HAVE_MEMORY_H 1
| #define HAVE_STRINGS_H 1
| #define HAVE_INTTYPES_H 1
| #define HAVE_STDINT_H 1
| #define HAVE_UNISTD_H 1
| #define HAVE_DLFCN_H 1
| #define LT_OBJDIR ".libs/"
| /* end confdefs.h.  */
| #include <stdio.h>
| #ifdef HAVE_SYS_TYPES_H
| # include <sys/types.h>
| #endif
| #ifdef HAVE_SYS_STAT_H
| # include <sys/stat.h>
| #endif
| #ifdef STDC_HEADERS
| # include <stdlib.h>
| # include <stddef.h>
| #else
| # ifdef HAVE_STDLIB_H
| #  include <stdlib.h>
| # endif
| #endif
| #ifdef HAVE_STRING_H
| # if !defined STDC_HEADERS && defined HAVE_MEMORY_H
| #  include <memory.h>
| # endif
| # include <string.h>
| #endif
| #ifdef HAVE_STRINGS_H
| # include <strings.h>
| #endif
| #ifdef HAVE_INTTYPES_H
| # include <inttypes.h>
| #endif
| #ifdef HAVE_STDINT_H
| # include <stdint.h>
| #endif
| #ifdef HAVE_UNISTD_H
| # include <unistd.h>
| #endif
| #include <ldap.h>
configure:11307: result: no
configure:11307: checking ldap.h presence
configure:11307: mipsel-uclibc-gcc -E  conftest.c
conftest.c:23:18: error: ldap.h: No such file or directory
configure:11307: $? = 1
configure: failed program was:
| /* confdefs.h */
| #define PACKAGE_NAME "libnfsidmap"
| #define PACKAGE_TARNAME "libnfsidmap"
| #define PACKAGE_VERSION "0.24"
| #define PACKAGE_STRING "libnfsidmap 0.24"
| #define PACKAGE_BUGREPORT "linux-nfs@vger.kernel.org"
| #define PACKAGE_URL ""
| #define PACKAGE "libnfsidmap"
| #define VERSION "0.24"
| #define STDC_HEADERS 1
| #define HAVE_SYS_TYPES_H 1
| #define HAVE_SYS_STAT_H 1
| #define HAVE_STDLIB_H 1
| #define HAVE_STRING_H 1
| #define HAVE_MEMORY_H 1
| #define HAVE_STRINGS_H 1
| #define HAVE_INTTYPES_H 1
| #define HAVE_STDINT_H 1
| #define HAVE_UNISTD_H 1
| #define HAVE_DLFCN_H 1
| #define LT_OBJDIR ".libs/"
| /* end confdefs.h.  */
| #include <ldap.h>
configure:11307: result: no
configure:11307: checking for ldap.h
configure:11307: result: no
configure:11395: checking for ANSI C header files
configure:11499: result: yes
configure:11510: checking for stdlib.h
configure:11510: result: yes
configure:11510: checking for string.h
configure:11510: result: yes
configure:11510: checking for unistd.h
configure:11510: result: yes
configure:11510: checking errno.h usability
configure:11510: mipsel-uclibc-gcc -c -Os -Wall -DLINUX26 -DCONFIG_BCMWL5 -pipe -DBCMWPA2 -funit-at-a-time -Wno-pointer-sign -mtune=mips32 -mips32    conftest.c >&5
configure:11510: $? = 0
configure:11510: result: yes
configure:11510: checking errno.h presence
configure:11510: mipsel-uclibc-gcc -E  conftest.c
configure:11510: $? = 0
configure:11510: result: yes
configure:11510: checking for errno.h
configure:11510: result: yes
configure:11522: checking for uid_t in sys/types.h
configure:11541: result: yes
configure:11552: checking for size_t
configure:11552: mipsel-uclibc-gcc -c -Os -Wall -DLINUX26 -DCONFIG_BCMWL5 -pipe -DBCMWPA2 -funit-at-a-time -Wno-pointer-sign -mtune=mips32 -mips32    conftest.c >&5
configure:11552: $? = 0
configure:11552: mipsel-uclibc-gcc -c -Os -Wall -DLINUX26 -DCONFIG_BCMWL5 -pipe -DBCMWPA2 -funit-at-a-time -Wno-pointer-sign -mtune=mips32 -mips32    conftest.c >&5
conftest.c: In function 'main':
conftest.c:64: error: expected expression before ')' token
configure:11552: $? = 1
configure: failed program was:
| /* confdefs.h */
| #define PACKAGE_NAME "libnfsidmap"
| #define PACKAGE_TARNAME "libnfsidmap"
| #define PACKAGE_VERSION "0.24"
| #define PACKAGE_STRING "libnfsidmap 0.24"
| #define PACKAGE_BUGREPORT "linux-nfs@vger.kernel.org"
| #define PACKAGE_URL ""
| #define PACKAGE "libnfsidmap"
| #define VERSION "0.24"
| #define STDC_HEADERS 1
| #define HAVE_SYS_TYPES_H 1
| #define HAVE_SYS_STAT_H 1
| #define HAVE_STDLIB_H 1
| #define HAVE_STRING_H 1
| #define HAVE_MEMORY_H 1
| #define HAVE_STRINGS_H 1
| #define HAVE_INTTYPES_H 1
| #define HAVE_STDINT_H 1
| #define HAVE_UNISTD_H 1
| #define HAVE_DLFCN_H 1
| #define LT_OBJDIR ".libs/"
| #define STDC_HEADERS 1
| #define HAVE_STDLIB_H 1
| #define HAVE_STRING_H 1
| #define HAVE_UNISTD_H 1
| #define HAVE_ERRNO_H 1
| /* end confdefs.h.  */
| #include <stdio.h>
| #ifdef HAVE_SYS_TYPES_H
| # include <sys/types.h>
| #endif
| #ifdef HAVE_SYS_STAT_H
| # include <sys/stat.h>
| #endif
| #ifdef STDC_HEADERS
| # include <stdlib.h>
| # include <stddef.h>
| #else
| # ifdef HAVE_STDLIB_H
| #  include <stdlib.h>
| # endif
| #endif
| #ifdef HAVE_STRING_H
| # if !defined STDC_HEADERS && defined HAVE_MEMORY_H
| #  include <memory.h>
| # endif
| # include <string.h>
| #endif
| #ifdef HAVE_STRINGS_H
| # include <strings.h>
| #endif
| #ifdef HAVE_INTTYPES_H
| # include <inttypes.h>
| #endif
| #ifdef HAVE_STDINT_H
| # include <stdint.h>
| #endif
| #ifdef HAVE_UNISTD_H
| # include <unistd.h>
| #endif
| int
| main ()
| {
| if (sizeof ((size_t)))
| 	    return 0;
|   ;
|   return 0;
| }
configure:11552: result: yes
configure:11567: checking for stdlib.h
configure:11567: result: yes
configure:11577: checking for GNU libc compatible malloc
configure:11611: result: yes
configure:11635: checking for strchr
configure:11635: mipsel-uclibc-gcc -o conftest -Os -Wall -DLINUX26 -DCONFIG_BCMWL5 -pipe -DBCMWPA2 -funit-at-a-time -Wno-pointer-sign -mtune=mips32 -mips32     conftest.c  >&5
conftest.c:53: warning: conflicting types for built-in function 'strchr'
configure:11635: $? = 0
configure:11635: result: yes
configure:11635: checking for strdup
configure:11635: mipsel-uclibc-gcc -o conftest -Os -Wall -DLINUX26 -DCONFIG_BCMWL5 -pipe -DBCMWPA2 -funit-at-a-time -Wno-pointer-sign -mtune=mips32 -mips32     conftest.c  >&5
conftest.c:54: warning: conflicting types for built-in function 'strdup'
configure:11635: $? = 0
configure:11635: result: yes
configure:11827: creating ./config.status

## ---------------- ##
## Cache variables. ##
## ---------------- ##

ac_cv_build=x86_64-pc-linux-gnu
ac_cv_c_compiler_gnu=yes
ac_cv_env_CC_set=set
ac_cv_env_CC_value=mipsel-uclibc-gcc
ac_cv_env_CFLAGS_set=set
ac_cv_env_CFLAGS_value='-Os -Wall -DLINUX26 -DCONFIG_BCMWL5 -pipe -DBCMWPA2 -funit-at-a-time -Wno-pointer-sign -mtune=mips32 -mips32  '
ac_cv_env_CPPFLAGS_set=
ac_cv_env_CPPFLAGS_value=
ac_cv_env_CPP_set=
ac_cv_env_CPP_value=
ac_cv_env_LDFLAGS_set=
ac_cv_env_LDFLAGS_value=
ac_cv_env_LIBS_set=
ac_cv_env_LIBS_value=
ac_cv_env_build_alias_set=set
ac_cv_env_build_alias_value=x86_64-linux-gnu
ac_cv_env_host_alias_set=set
ac_cv_env_host_alias_value=mipsel-linux
ac_cv_env_target_alias_set=
ac_cv_env_target_alias_value=
ac_cv_func_malloc_0_nonnull=yes
ac_cv_func_strchr=yes
ac_cv_func_strdup=yes
ac_cv_header_dlfcn_h=yes
ac_cv_header_errno_h=yes
ac_cv_header_inttypes_h=yes
ac_cv_header_ldap_h=no
ac_cv_header_memory_h=yes
ac_cv_header_stdc=yes
ac_cv_header_stdint_h=yes
ac_cv_header_stdlib_h=yes
ac_cv_header_string_h=yes
ac_cv_header_strings_h=yes
ac_cv_header_sys_stat_h=yes
ac_cv_header_sys_types_h=yes
ac_cv_header_unistd_h=yes
ac_cv_host=mipsel-unknown-linux-gnu
ac_cv_objext=o
ac_cv_path_EGREP='/bin/grep -E'
ac_cv_path_FGREP='/bin/grep -F'
ac_cv_path_GREP=/bin/grep
ac_cv_path_SED=/bin/sed
ac_cv_path_install='/usr/bin/install -c'
ac_cv_path_mkdir=/bin/mkdir
ac_cv_prog_AR=mipsel-uclibc-ar
ac_cv_prog_AWK=gawk
ac_cv_prog_CC=mipsel-uclibc-gcc
ac_cv_prog_CPP='mipsel-uclibc-gcc -E'
ac_cv_prog_OBJDUMP=mipsel-linux-objdump
ac_cv_prog_RANLIB=mipsel-uclibc-ranlib
ac_cv_prog_STRIP='mipsel-uclibc-strip -R .note -R .comment'
ac_cv_prog_cc_c89=
ac_cv_prog_cc_g=yes
ac_cv_prog_make_make_set=yes
ac_cv_type_size_t=yes
ac_cv_type_uid_t=yes
am_cv_CC_dependencies_compiler_type=gcc3
lt_cv_archive_cmds_need_lc=no
lt_cv_deplibs_check_method=pass_all
lt_cv_file_magic_cmd='$MAGIC_CMD'
lt_cv_file_magic_test_file=
lt_cv_ld_reload_flag=-r
lt_cv_nm_interface='BSD nm'
lt_cv_objdir=.libs
lt_cv_path_LD=mipsel-uclibc-ld
lt_cv_path_NM=mipsel-uclibc-nm
lt_cv_prog_compiler_c_o=yes
lt_cv_prog_compiler_pic_works=yes
lt_cv_prog_compiler_rtti_exceptions=no
lt_cv_prog_compiler_static_works=yes
lt_cv_prog_gnu_ld=yes
lt_cv_shlibpath_overrides_runpath=no
lt_cv_sys_global_symbol_pipe='sed -n -e '\''s/^.*[	 ]\([ABCDGIRSTW][ABCDGIRSTW]*\)[	 ][	 ]*\([_A-Za-z][_A-Za-z0-9]*\)$/\1 \2 \2/p'\'''
lt_cv_sys_global_symbol_to_c_name_address='sed -n -e '\''s/^: \([^ ]*\) $/  {\"\1\", (void *) 0},/p'\'' -e '\''s/^[ABCDGIRSTW]* \([^ ]*\) \([^ ]*\)$/  {"\2", (void *) \&\2},/p'\'''
lt_cv_sys_global_symbol_to_c_name_address_lib_prefix='sed -n -e '\''s/^: \([^ ]*\) $/  {\"\1\", (void *) 0},/p'\'' -e '\''s/^[ABCDGIRSTW]* \([^ ]*\) \(lib[^ ]*\)$/  {"\2", (void *) \&\2},/p'\'' -e '\''s/^[ABCDGIRSTW]* \([^ ]*\) \([^ ]*\)$/  {"lib\2", (void *) \&\2},/p'\'''
lt_cv_sys_global_symbol_to_cdecl='sed -n -e '\''s/^T .* \(.*\)$/extern int \1();/p'\'' -e '\''s/^[ABCDGIRSTW]* .* \(.*\)$/extern char \1;/p'\'''
lt_cv_sys_max_cmd_len=3458764513820540925

## ----------------- ##
## Output variables. ##
## ----------------- ##

ACLOCAL='${SHELL} /home/forgotfun/project/NewStageCode/shibby_110/release/src/router/libnfsidmap/missing --run aclocal-1.11'
AMDEPBACKSLASH='\'
AMDEP_FALSE='#'
AMDEP_TRUE=''
AMTAR='$${TAR-tar}'
AR='mipsel-uclibc-ar'
AUTOCONF='${SHELL} /home/forgotfun/project/NewStageCode/shibby_110/release/src/router/libnfsidmap/missing --run autoconf'
AUTOHEADER='${SHELL} /home/forgotfun/project/NewStageCode/shibby_110/release/src/router/libnfsidmap/missing --run autoheader'
AUTOMAKE='${SHELL} /home/forgotfun/project/NewStageCode/shibby_110/release/src/router/libnfsidmap/missing --run automake-1.11'
AWK='gawk'
CC='mipsel-uclibc-gcc'
CCDEPMODE='depmode=gcc3'
CFLAGS='-Os -Wall -DLINUX26 -DCONFIG_BCMWL5 -pipe -DBCMWPA2 -funit-at-a-time -Wno-pointer-sign -mtune=mips32 -mips32  '
CPP='mipsel-uclibc-gcc -E'
CPPFLAGS=''
CYGPATH_W='echo'
DEFS='-DPACKAGE_NAME=\"libnfsidmap\" -DPACKAGE_TARNAME=\"libnfsidmap\" -DPACKAGE_VERSION=\"0.24\" -DPACKAGE_STRING=\"libnfsidmap\ 0.24\" -DPACKAGE_BUGREPORT=\"linux-nfs@vger.kernel.org\" -DPACKAGE_URL=\"\" -DPACKAGE=\"libnfsidmap\" -DVERSION=\"0.24\" -DSTDC_HEADERS=1 -DHAVE_SYS_TYPES_H=1 -DHAVE_SYS_STAT_H=1 -DHAVE_STDLIB_H=1 -DHAVE_STRING_H=1 -DHAVE_MEMORY_H=1 -DHAVE_STRINGS_H=1 -DHAVE_INTTYPES_H=1 -DHAVE_STDINT_H=1 -DHAVE_UNISTD_H=1 -DHAVE_DLFCN_H=1 -DLT_OBJDIR=\".libs/\" -DSTDC_HEADERS=1 -DHAVE_STDLIB_H=1 -DHAVE_STRING_H=1 -DHAVE_UNISTD_H=1 -DHAVE_ERRNO_H=1 -DHAVE_STDLIB_H=1 -DHAVE_MALLOC=1 -DHAVE_STRCHR=1 -DHAVE_STRDUP=1'
DEPDIR='.deps'
DSYMUTIL=''
DUMPBIN=''
ECHO_C=''
ECHO_N='-n'
ECHO_T=''
EGREP='/bin/grep -E'
ENABLE_GUMS_FALSE=''
ENABLE_GUMS_TRUE='#'
ENABLE_LDAP_FALSE=''
ENABLE_LDAP_TRUE='#'
EXEEXT=''
FGREP='/bin/grep -F'
GREP='/bin/grep'
INSTALL_DATA='${INSTALL} -m 644'
INSTALL_PROGRAM='${INSTALL}'
INSTALL_SCRIPT='${INSTALL}'
INSTALL_STRIP_PROGRAM='$(install_sh) -c -s'
LD='mipsel-uclibc-ld'
LDFLAGS=''
LIBOBJS=''
LIBS=''
LIBTOOL='$(SHELL) $(top_builddir)/libtool'
LIPO=''
LN_S='ln -s'
LTLIBOBJS=''
MAKEINFO='${SHELL} /home/forgotfun/project/NewStageCode/shibby_110/release/src/router/libnfsidmap/missing --run makeinfo'
MKDIR_P='/bin/mkdir -p'
NM='mipsel-uclibc-nm'
NMEDIT=''
OBJDUMP='mipsel-linux-objdump'
OBJEXT='o'
OTOOL64=''
OTOOL=''
PACKAGE='libnfsidmap'
PACKAGE_BUGREPORT='linux-nfs@vger.kernel.org'
PACKAGE_NAME='libnfsidmap'
PACKAGE_STRING='libnfsidmap 0.24'
PACKAGE_TARNAME='libnfsidmap'
PACKAGE_URL=''
PACKAGE_VERSION='0.24'
PATH_SEPARATOR=':'
RANLIB='mipsel-uclibc-ranlib'
SED='/bin/sed'
SET_MAKE=''
SHELL='/bin/sh'
STRIP='mipsel-uclibc-strip -R .note -R .comment'
VERSION='0.24'
ac_ct_CC=''
ac_ct_DUMPBIN=''
am__EXEEXT_FALSE=''
am__EXEEXT_TRUE='#'
am__fastdepCC_FALSE='#'
am__fastdepCC_TRUE=''
am__include='include'
am__isrc=''
am__leading_dot='.'
am__nodep='_no'
am__quote=''
am__tar='$${TAR-tar} chof - "$$tardir"'
am__untar='$${TAR-tar} xf -'
bindir='${exec_prefix}/bin'
build='x86_64-pc-linux-gnu'
build_alias='x86_64-linux-gnu'
build_cpu='x86_64'
build_os='linux-gnu'
build_vendor='pc'
datadir='${datarootdir}'
datarootdir='${prefix}/share'
docdir='${datarootdir}/doc/${PACKAGE_TARNAME}'
dvidir='${docdir}'
exec_prefix='${prefix}'
host='mipsel-unknown-linux-gnu'
host_alias='mipsel-linux'
host_cpu='mipsel'
host_os='linux-gnu'
host_vendor='unknown'
htmldir='${docdir}'
includedir='${prefix}/include'
infodir='${datarootdir}/info'
install_sh='${SHELL} /home/forgotfun/project/NewStageCode/shibby_110/release/src/router/libnfsidmap/install-sh'
libdir='${exec_prefix}/lib'
libexecdir='${exec_prefix}/libexec'
localedir='${datarootdir}/locale'
localstatedir='${prefix}/var'
mandir='${datarootdir}/man'
mkdir_p='/bin/mkdir -p'
oldincludedir='/usr/include'
pdfdir='${docdir}'
prefix='/usr'
program_transform_name='s,x,x,'
psdir='${docdir}'
sbindir='${exec_prefix}/sbin'
sharedstatedir='${prefix}/com'
sysconfdir='${prefix}/etc'
target_alias=''

## ----------- ##
## confdefs.h. ##
## ----------- ##

/* confdefs.h */
#define PACKAGE_NAME "libnfsidmap"
#define PACKAGE_TARNAME "libnfsidmap"
#define PACKAGE_VERSION "0.24"
#define PACKAGE_STRING "libnfsidmap 0.24"
#define PACKAGE_BUGREPORT "linux-nfs@vger.kernel.org"
#define PACKAGE_URL ""
#define PACKAGE "libnfsidmap"
#define VERSION "0.24"
#define STDC_HEADERS 1
#define HAVE_SYS_TYPES_H 1
#define HAVE_SYS_STAT_H 1
#define HAVE_STDLIB_H 1
#define HAVE_STRING_H 1
#define HAVE_MEMORY_H 1
#define HAVE_STRINGS_H 1
#define HAVE_INTTYPES_H 1
#define HAVE_STDINT_H 1
#define HAVE_UNISTD_H 1
#define HAVE_DLFCN_H 1
#define LT_OBJDIR ".libs/"
#define STDC_HEADERS 1
#define HAVE_STDLIB_H 1
#define HAVE_STRING_H 1
#define HAVE_UNISTD_H 1
#define HAVE_ERRNO_H 1
#define HAVE_STDLIB_H 1
#define HAVE_MALLOC 1
#define HAVE_STRCHR 1
#define HAVE_STRDUP 1

configure: exit 0

## ---------------------- ##
## Running config.status. ##
## ---------------------- ##

This file was extended by libnfsidmap config.status 0.24, which was
generated by GNU Autoconf 2.69.  Invocation command line was

  CONFIG_FILES    = 
  CONFIG_HEADERS  = 
  CONFIG_LINKS    = 
  CONFIG_COMMANDS = 
  $ ./config.status 

on ThinkPad-X230

config.status:992: creating Makefile
config.status:992: creating libnfsidmap.pc
config.status:1164: executing depfiles commands
config.status:1164: executing libtool commands
