This file contains any messages produced by compilers while
running configure, to aid debugging if configure makes a mistake.

It was created by linux nfs-utils configure 1.1.5, which was
generated by GNU Autoconf 2.63.  Invocation command line was

  $ ./configure --host=mipsel-linux --build=x86_64-linux-gnu --disable-gss --without-tcp-wrappers --enable-static --enable-shared --enable-nfsv4 --enable-nfsv3 build_alias=x86_64-linux-gnu host_alias=mipsel-linux CC=mipsel-uclibc-gcc CFLAGS=-Os -Wall -fno-delete-null-pointer-checks -funit-at-a-time -I/home/forgotfun/project/Rainbow/shibby_110/release/src-rt/router/libevent/staged/usr/local/include -I/home/forgotfun/project/Rainbow/shibby_110/release/src-rt/router/e2fsprogs/lib -I/home/forgotfun/project/Rainbow/shibby_110/release/src-rt/router/libnfsidmap/staged/usr/include -ffunction-sections -fdata-sections LDFLAGS=-L/home/forgotfun/project/Rainbow/shibby_110/release/src-rt/router/libevent/staged/usr/local/lib -L/home/forgotfun/project/Rainbow/shibby_110/release/src-rt/router/e2fsprogs/lib -L/home/forgotfun/project/Rainbow/shibby_110/release/src-rt/router/libnfsidmap/staged/usr/lib -ffunction-sections -fdata-sections -Wl,--gc-sections -fPIC --no-create --no-recursion

## --------- ##
## Platform. ##
## --------- ##

hostname = rainkid
uname -m = x86_64
uname -r = 3.13.0-32-generic
uname -s = Linux
uname -v = #57-Ubuntu SMP Tue Jul 15 03:51:08 UTC 2014

/usr/bin/uname -p = unknown
/bin/uname -X     = unknown

/bin/arch              = unknown
/usr/bin/arch -k       = unknown
/usr/convex/getsysinfo = unknown
/usr/bin/hostinfo      = unknown
/bin/machine           = unknown
/usr/bin/oslevel       = unknown
/bin/universe          = unknown

PATH: /home/rainkid/workspace/bcwifi/release/tools
PATH: /opt/brcm/hndtools-mipsel-uclibc/bin
PATH: /opt/brcm/hndtools-mipsel-linux/bin
PATH: /usr/local/sbin
PATH: /usr/local/bin
PATH: /usr/sbin
PATH: /usr/bin
PATH: /sbin
PATH: /bin
PATH: /usr/games
PATH: /usr/local/games


## ----------- ##
## Core tests. ##
## ----------- ##

configure:2185: checking build system type
configure:2203: result: x86_64-pc-linux-gnu
configure:2225: checking host system type
configure:2240: result: mipsel-unknown-linux-gnu
configure:2279: checking for a BSD-compatible install
configure:2347: result: /usr/bin/install -c
configure:2358: checking whether build environment is sane
configure:2401: result: yes
configure:2426: checking for a thread-safe mkdir -p
configure:2465: result: /bin/mkdir -p
configure:2478: checking for gawk
configure:2508: result: no
configure:2478: checking for mawk
configure:2494: found /usr/bin/mawk
configure:2505: result: mawk
configure:2516: checking whether make sets $(MAKE)
configure:2538: result: yes
configure:2618: checking for mipsel-linux-strip
configure:2645: result: mipsel-uclibc-strip
configure:2724: checking whether to enable maintainer-specific portions of Makefiles
configure:2733: result: no
configure:2983: checking for style of include used by make
configure:3011: result: GNU
configure:3041: checking for mipsel-linux-gcc
configure:3068: result: mipsel-uclibc-gcc
configure:3340: checking for C compiler version
configure:3348: mipsel-uclibc-gcc --version >&5
mipsel-uclibc-gcc (GCC) 4.2.4
Copyright (C) 2007 Free Software Foundation, Inc.
This is free software; see the source for copying conditions.  There is NO
warranty; not even for MERCHANTABILITY or FITNESS FOR A PARTICULAR PURPOSE.

configure:3352: $? = 0
configure:3359: mipsel-uclibc-gcc -v >&5
Using built-in specs.
Target: mipsel-linux-uclibc
Configured with: /home/fedork/tomato/toolchain/build_dir/toolchain-mipsel_gcc4.2.4/gcc-4.2.4/configure --prefix=/opt/brcm/hndtools-mipsel-uclibc-4.2.4 --build=i486-linux-gnu --host=i486-linux-gnu --target=mipsel-linux-uclibc --with-gnu-ld --enable-target-optspace --disable-libgomp --disable-libmudflap --disable-multilib --disable-nls --disable-__cxa_atexit --enable-libssp --enable-languages=c,c++ --enable-shared --enable-threads --enable-tls
Thread model: posix
gcc version 4.2.4
configure:3363: $? = 0
configure:3370: mipsel-uclibc-gcc -V >&5
mipsel-uclibc-gcc: '-V' option must have argument
configure:3374: $? = 1
configure:3397: checking for C compiler default output file name
configure:3419: mipsel-uclibc-gcc -Os -Wall -fno-delete-null-pointer-checks -funit-at-a-time -I/home/forgotfun/project/Rainbow/shibby_110/release/src-rt/router/libevent/staged/usr/local/include -I/home/forgotfun/project/Rainbow/shibby_110/release/src-rt/router/e2fsprogs/lib -I/home/forgotfun/project/Rainbow/shibby_110/release/src-rt/router/libnfsidmap/staged/usr/include -ffunction-sections -fdata-sections  -L/home/forgotfun/project/Rainbow/shibby_110/release/src-rt/router/libevent/staged/usr/local/lib -L/home/forgotfun/project/Rainbow/shibby_110/release/src-rt/router/e2fsprogs/lib -L/home/forgotfun/project/Rainbow/shibby_110/release/src-rt/router/libnfsidmap/staged/usr/lib -ffunction-sections -fdata-sections -Wl,--gc-sections -fPIC conftest.c  >&5
configure:3423: $? = 0
configure:3461: result: a.out
configure:3480: checking whether the C compiler works
configure:3513: result: yes
configure:3520: checking whether we are cross compiling
configure:3522: result: yes
configure:3525: checking for suffix of executables
configure:3532: mipsel-uclibc-gcc -o conftest -Os -Wall -fno-delete-null-pointer-checks -funit-at-a-time -I/home/forgotfun/project/Rainbow/shibby_110/release/src-rt/router/libevent/staged/usr/local/include -I/home/forgotfun/project/Rainbow/shibby_110/release/src-rt/router/e2fsprogs/lib -I/home/forgotfun/project/Rainbow/shibby_110/release/src-rt/router/libnfsidmap/staged/usr/include -ffunction-sections -fdata-sections  -L/home/forgotfun/project/Rainbow/shibby_110/release/src-rt/router/libevent/staged/usr/local/lib -L/home/forgotfun/project/Rainbow/shibby_110/release/src-rt/router/e2fsprogs/lib -L/home/forgotfun/project/Rainbow/shibby_110/release/src-rt/router/libnfsidmap/staged/usr/lib -ffunction-sections -fdata-sections -Wl,--gc-sections -fPIC conftest.c  >&5
configure:3536: $? = 0
configure:3562: result: 
configure:3568: checking for suffix of object files
configure:3594: mipsel-uclibc-gcc -c -Os -Wall -fno-delete-null-pointer-checks -funit-at-a-time -I/home/forgotfun/project/Rainbow/shibby_110/release/src-rt/router/libevent/staged/usr/local/include -I/home/forgotfun/project/Rainbow/shibby_110/release/src-rt/router/e2fsprogs/lib -I/home/forgotfun/project/Rainbow/shibby_110/release/src-rt/router/libnfsidmap/staged/usr/include -ffunction-sections -fdata-sections  conftest.c >&5
configure:3598: $? = 0
configure:3623: result: o
configure:3627: checking whether we are using the GNU C compiler
configure:3656: mipsel-uclibc-gcc -c -Os -Wall -fno-delete-null-pointer-checks -funit-at-a-time -I/home/forgotfun/project/Rainbow/shibby_110/release/src-rt/router/libevent/staged/usr/local/include -I/home/forgotfun/project/Rainbow/shibby_110/release/src-rt/router/e2fsprogs/lib -I/home/forgotfun/project/Rainbow/shibby_110/release/src-rt/router/libnfsidmap/staged/usr/include -ffunction-sections -fdata-sections  conftest.c >&5
configure:3663: $? = 0
configure:3680: result: yes
configure:3689: checking whether mipsel-uclibc-gcc accepts -g
configure:3719: mipsel-uclibc-gcc -c -g  conftest.c >&5
configure:3726: $? = 0
configure:3827: result: yes
configure:3844: checking for mipsel-uclibc-gcc option to accept ISO C89
configure:3918: mipsel-uclibc-gcc  -c -Os -Wall -fno-delete-null-pointer-checks -funit-at-a-time -I/home/forgotfun/project/Rainbow/shibby_110/release/src-rt/router/libevent/staged/usr/local/include -I/home/forgotfun/project/Rainbow/shibby_110/release/src-rt/router/e2fsprogs/lib -I/home/forgotfun/project/Rainbow/shibby_110/release/src-rt/router/libnfsidmap/staged/usr/include -ffunction-sections -fdata-sections  conftest.c >&5
configure:3925: $? = 0
configure:3948: result: none needed
configure:3968: checking dependency style of mipsel-uclibc-gcc
configure:4059: result: gcc3
configure:4203: checking for special C compiler options needed for large files
configure:4298: result: no
configure:4304: checking for _FILE_OFFSET_BITS value needed for large files
configure:4339: mipsel-uclibc-gcc -c -Os -Wall -fno-delete-null-pointer-checks -funit-at-a-time -I/home/forgotfun/project/Rainbow/shibby_110/release/src-rt/router/libevent/staged/usr/local/include -I/home/forgotfun/project/Rainbow/shibby_110/release/src-rt/router/e2fsprogs/lib -I/home/forgotfun/project/Rainbow/shibby_110/release/src-rt/router/libnfsidmap/staged/usr/include -ffunction-sections -fdata-sections  conftest.c >&5
conftest.c:19: warning: left shift count >= width of type
conftest.c:19: warning: left shift count >= width of type
conftest.c:21: error: size of array 'off_t_is_large' is negative
configure:4346: $? = 1
configure: failed program was:
| /* confdefs.h.  */
| #define PACKAGE_NAME "linux nfs-utils"
| #define PACKAGE_TARNAME "nfs-utils"
| #define PACKAGE_VERSION "1.1.5"
| #define PACKAGE_STRING "linux nfs-utils 1.1.5"
| #define PACKAGE_BUGREPORT "linux-nfs@vger.kernel.org"
| #define PACKAGE "nfs-utils"
| #define VERSION "1.1.5"
| #define START_STATD "/usr/sbin/start-statd"
| #define NFS3_SUPPORTED 1
| #define NFS4_SUPPORTED 1
| /* end confdefs.h.  */
| #include <sys/types.h>
|  /* Check that off_t can represent 2**63 - 1 correctly.
|     We can't simply define LARGE_OFF_T to be 9223372036854775807,
|     since some C++ compilers masquerading as C compilers
|     incorrectly reject 9223372036854775807.  */
| #define LARGE_OFF_T (((off_t) 1 << 62) - 1 + ((off_t) 1 << 62))
|   int off_t_is_large[(LARGE_OFF_T % 2147483629 == 721
| 		       && LARGE_OFF_T % 2147483647 == 1)
| 		      ? 1 : -1];
| int
| main ()
| {
| 
|   ;
|   return 0;
| }
configure:4390: mipsel-uclibc-gcc -c -Os -Wall -fno-delete-null-pointer-checks -funit-at-a-time -I/home/forgotfun/project/Rainbow/shibby_110/release/src-rt/router/libevent/staged/usr/local/include -I/home/forgotfun/project/Rainbow/shibby_110/release/src-rt/router/e2fsprogs/lib -I/home/forgotfun/project/Rainbow/shibby_110/release/src-rt/router/libnfsidmap/staged/usr/include -ffunction-sections -fdata-sections  conftest.c >&5
configure:4397: $? = 0
configure:4415: result: 64
configure:4572: checking for mipsel-linux-g++
configure:4588: found /opt/brcm/hndtools-mipsel-uclibc/bin/mipsel-linux-g++
configure:4599: result: mipsel-linux-g++
configure:4670: checking for C++ compiler version
configure:4678: mipsel-linux-g++ --version >&5
mipsel-linux-g++ (GCC) 4.2.4
Copyright (C) 2007 Free Software Foundation, Inc.
This is free software; see the source for copying conditions.  There is NO
warranty; not even for MERCHANTABILITY or FITNESS FOR A PARTICULAR PURPOSE.

configure:4682: $? = 0
configure:4689: mipsel-linux-g++ -v >&5
Using built-in specs.
Target: mipsel-linux-uclibc
Configured with: /home/fedork/tomato/toolchain/build_dir/toolchain-mipsel_gcc4.2.4/gcc-4.2.4/configure --prefix=/opt/brcm/hndtools-mipsel-uclibc-4.2.4 --build=i486-linux-gnu --host=i486-linux-gnu --target=mipsel-linux-uclibc --with-gnu-ld --enable-target-optspace --disable-libgomp --disable-libmudflap --disable-multilib --disable-nls --disable-__cxa_atexit --enable-libssp --enable-languages=c,c++ --enable-shared --enable-threads --enable-tls
Thread model: posix
gcc version 4.2.4
configure:4693: $? = 0
configure:4700: mipsel-linux-g++ -V >&5
mipsel-linux-g++: '-V' option must have argument
configure:4704: $? = 1
configure:4707: checking whether we are using the GNU C++ compiler
configure:4736: mipsel-linux-g++ -c   conftest.cpp >&5
configure:4743: $? = 0
configure:4760: result: yes
configure:4769: checking whether mipsel-linux-g++ accepts -g
configure:4799: mipsel-linux-g++ -c -g  conftest.cpp >&5
configure:4806: $? = 0
configure:4907: result: yes
configure:4932: checking dependency style of mipsel-linux-g++
configure:5023: result: gcc3
configure:5046: checking for mipsel-linux-gcc
configure:5073: result: mipsel-uclibc-gcc
configure:5345: checking for C compiler version
configure:5353: mipsel-uclibc-gcc --version >&5
mipsel-uclibc-gcc (GCC) 4.2.4
Copyright (C) 2007 Free Software Foundation, Inc.
This is free software; see the source for copying conditions.  There is NO
warranty; not even for MERCHANTABILITY or FITNESS FOR A PARTICULAR PURPOSE.

configure:5357: $? = 0
configure:5364: mipsel-uclibc-gcc -v >&5
Using built-in specs.
Target: mipsel-linux-uclibc
Configured with: /home/fedork/tomato/toolchain/build_dir/toolchain-mipsel_gcc4.2.4/gcc-4.2.4/configure --prefix=/opt/brcm/hndtools-mipsel-uclibc-4.2.4 --build=i486-linux-gnu --host=i486-linux-gnu --target=mipsel-linux-uclibc --with-gnu-ld --enable-target-optspace --disable-libgomp --disable-libmudflap --disable-multilib --disable-nls --disable-__cxa_atexit --enable-libssp --enable-languages=c,c++ --enable-shared --enable-threads --enable-tls
Thread model: posix
gcc version 4.2.4
configure:5368: $? = 0
configure:5375: mipsel-uclibc-gcc -V >&5
mipsel-uclibc-gcc: '-V' option must have argument
configure:5379: $? = 1
configure:5382: checking whether we are using the GNU C compiler
configure:5435: result: yes
configure:5444: checking whether mipsel-uclibc-gcc accepts -g
configure:5582: result: yes
configure:5599: checking for mipsel-uclibc-gcc option to accept ISO C89
configure:5703: result: none needed
configure:5723: checking dependency style of mipsel-uclibc-gcc
configure:5814: result: gcc3
configure:5834: checking how to run the C preprocessor
configure:5874: mipsel-uclibc-gcc -E  conftest.c
configure:5881: $? = 0
configure:5912: mipsel-uclibc-gcc -E  conftest.c
conftest.c:14:28: error: ac_nonexistent.h: No such file or directory
configure:5919: $? = 1
configure: failed program was:
| /* confdefs.h.  */
| #define PACKAGE_NAME "linux nfs-utils"
| #define PACKAGE_TARNAME "nfs-utils"
| #define PACKAGE_VERSION "1.1.5"
| #define PACKAGE_STRING "linux nfs-utils 1.1.5"
| #define PACKAGE_BUGREPORT "linux-nfs@vger.kernel.org"
| #define PACKAGE "nfs-utils"
| #define VERSION "1.1.5"
| #define START_STATD "/usr/sbin/start-statd"
| #define NFS3_SUPPORTED 1
| #define NFS4_SUPPORTED 1
| #define _FILE_OFFSET_BITS 64
| /* end confdefs.h.  */
| #include <ac_nonexistent.h>
configure:5952: result: mipsel-uclibc-gcc -E
configure:5981: mipsel-uclibc-gcc -E  conftest.c
configure:5988: $? = 0
configure:6019: mipsel-uclibc-gcc -E  conftest.c
conftest.c:14:28: error: ac_nonexistent.h: No such file or directory
configure:6026: $? = 1
configure: failed program was:
| /* confdefs.h.  */
| #define PACKAGE_NAME "linux nfs-utils"
| #define PACKAGE_TARNAME "nfs-utils"
| #define PACKAGE_VERSION "1.1.5"
| #define PACKAGE_STRING "linux nfs-utils 1.1.5"
| #define PACKAGE_BUGREPORT "linux-nfs@vger.kernel.org"
| #define PACKAGE "nfs-utils"
| #define VERSION "1.1.5"
| #define START_STATD "/usr/sbin/start-statd"
| #define NFS3_SUPPORTED 1
| #define NFS4_SUPPORTED 1
| #define _FILE_OFFSET_BITS 64
| /* end confdefs.h.  */
| #include <ac_nonexistent.h>
configure:6079: checking for a BSD-compatible install
configure:6147: result: /usr/bin/install -c
configure:6158: checking whether ln -s works
configure:6162: result: yes
configure:6169: checking whether make sets $(MAKE)
configure:6191: result: yes
configure:6272: checking for a sed that does not truncate output
configure:6328: result: /bin/sed
configure:6331: checking for grep that handles long lines and -e
configure:6391: result: /bin/grep
configure:6396: checking for egrep
configure:6460: result: /bin/grep -E
configure:6476: checking for ld used by mipsel-uclibc-gcc
configure:6543: result: mipsel-uclibc-ld
configure:6552: checking if the linker (mipsel-uclibc-ld) is GNU ld
configure:6567: result: yes
configure:6572: checking for mipsel-uclibc-ld option to reload object files
configure:6579: result: -r
configure:6597: checking for BSD-compatible nm
configure:6646: result: mipsel-uclibc-nm
configure:6650: checking how to recognize dependent libraries
configure:6836: result: pass_all
configure:7081: checking for ANSI C header files
configure:7111: mipsel-uclibc-gcc -c -Os -Wall -fno-delete-null-pointer-checks -funit-at-a-time -I/home/forgotfun/project/Rainbow/shibby_110/release/src-rt/router/libevent/staged/usr/local/include -I/home/forgotfun/project/Rainbow/shibby_110/release/src-rt/router/e2fsprogs/lib -I/home/forgotfun/project/Rainbow/shibby_110/release/src-rt/router/libnfsidmap/staged/usr/include -ffunction-sections -fdata-sections  conftest.c >&5
configure:7118: $? = 0
configure:7249: result: yes
configure:7273: checking for sys/types.h
configure:7294: mipsel-uclibc-gcc -c -Os -Wall -fno-delete-null-pointer-checks -funit-at-a-time -I/home/forgotfun/project/Rainbow/shibby_110/release/src-rt/router/libevent/staged/usr/local/include -I/home/forgotfun/project/Rainbow/shibby_110/release/src-rt/router/e2fsprogs/lib -I/home/forgotfun/project/Rainbow/shibby_110/release/src-rt/router/libnfsidmap/staged/usr/include -ffunction-sections -fdata-sections  conftest.c >&5
configure:7301: $? = 0
configure:7318: result: yes
configure:7273: checking for sys/stat.h
configure:7294: mipsel-uclibc-gcc -c -Os -Wall -fno-delete-null-pointer-checks -funit-at-a-time -I/home/forgotfun/project/Rainbow/shibby_110/release/src-rt/router/libevent/staged/usr/local/include -I/home/forgotfun/project/Rainbow/shibby_110/release/src-rt/router/e2fsprogs/lib -I/home/forgotfun/project/Rainbow/shibby_110/release/src-rt/router/libnfsidmap/staged/usr/include -ffunction-sections -fdata-sections  conftest.c >&5
configure:7301: $? = 0
configure:7318: result: yes
configure:7273: checking for stdlib.h
configure:7294: mipsel-uclibc-gcc -c -Os -Wall -fno-delete-null-pointer-checks -funit-at-a-time -I/home/forgotfun/project/Rainbow/shibby_110/release/src-rt/router/libevent/staged/usr/local/include -I/home/forgotfun/project/Rainbow/shibby_110/release/src-rt/router/e2fsprogs/lib -I/home/forgotfun/project/Rainbow/shibby_110/release/src-rt/router/libnfsidmap/staged/usr/include -ffunction-sections -fdata-sections  conftest.c >&5
configure:7301: $? = 0
configure:7318: result: yes
configure:7273: checking for string.h
configure:7294: mipsel-uclibc-gcc -c -Os -Wall -fno-delete-null-pointer-checks -funit-at-a-time -I/home/forgotfun/project/Rainbow/shibby_110/release/src-rt/router/libevent/staged/usr/local/include -I/home/forgotfun/project/Rainbow/shibby_110/release/src-rt/router/e2fsprogs/lib -I/home/forgotfun/project/Rainbow/shibby_110/release/src-rt/router/libnfsidmap/staged/usr/include -ffunction-sections -fdata-sections  conftest.c >&5
configure:7301: $? = 0
configure:7318: result: yes
configure:7273: checking for memory.h
configure:7294: mipsel-uclibc-gcc -c -Os -Wall -fno-delete-null-pointer-checks -funit-at-a-time -I/home/forgotfun/project/Rainbow/shibby_110/release/src-rt/router/libevent/staged/usr/local/include -I/home/forgotfun/project/Rainbow/shibby_110/release/src-rt/router/e2fsprogs/lib -I/home/forgotfun/project/Rainbow/shibby_110/release/src-rt/router/libnfsidmap/staged/usr/include -ffunction-sections -fdata-sections  conftest.c >&5
configure:7301: $? = 0
configure:7318: result: yes
configure:7273: checking for strings.h
configure:7294: mipsel-uclibc-gcc -c -Os -Wall -fno-delete-null-pointer-checks -funit-at-a-time -I/home/forgotfun/project/Rainbow/shibby_110/release/src-rt/router/libevent/staged/usr/local/include -I/home/forgotfun/project/Rainbow/shibby_110/release/src-rt/router/e2fsprogs/lib -I/home/forgotfun/project/Rainbow/shibby_110/release/src-rt/router/libnfsidmap/staged/usr/include -ffunction-sections -fdata-sections  conftest.c >&5
configure:7301: $? = 0
configure:7318: result: yes
configure:7273: checking for inttypes.h
configure:7294: mipsel-uclibc-gcc -c -Os -Wall -fno-delete-null-pointer-checks -funit-at-a-time -I/home/forgotfun/project/Rainbow/shibby_110/release/src-rt/router/libevent/staged/usr/local/include -I/home/forgotfun/project/Rainbow/shibby_110/release/src-rt/router/e2fsprogs/lib -I/home/forgotfun/project/Rainbow/shibby_110/release/src-rt/router/libnfsidmap/staged/usr/include -ffunction-sections -fdata-sections  conftest.c >&5
configure:7301: $? = 0
configure:7318: result: yes
configure:7273: checking for stdint.h
configure:7294: mipsel-uclibc-gcc -c -Os -Wall -fno-delete-null-pointer-checks -funit-at-a-time -I/home/forgotfun/project/Rainbow/shibby_110/release/src-rt/router/libevent/staged/usr/local/include -I/home/forgotfun/project/Rainbow/shibby_110/release/src-rt/router/e2fsprogs/lib -I/home/forgotfun/project/Rainbow/shibby_110/release/src-rt/router/libnfsidmap/staged/usr/include -ffunction-sections -fdata-sections  conftest.c >&5
configure:7301: $? = 0
configure:7318: result: yes
configure:7273: checking for unistd.h
configure:7294: mipsel-uclibc-gcc -c -Os -Wall -fno-delete-null-pointer-checks -funit-at-a-time -I/home/forgotfun/project/Rainbow/shibby_110/release/src-rt/router/libevent/staged/usr/local/include -I/home/forgotfun/project/Rainbow/shibby_110/release/src-rt/router/e2fsprogs/lib -I/home/forgotfun/project/Rainbow/shibby_110/release/src-rt/router/libnfsidmap/staged/usr/include -ffunction-sections -fdata-sections  conftest.c >&5
configure:7301: $? = 0
configure:7318: result: yes
configure:7348: checking dlfcn.h usability
configure:7365: mipsel-uclibc-gcc -c -Os -Wall -fno-delete-null-pointer-checks -funit-at-a-time -I/home/forgotfun/project/Rainbow/shibby_110/release/src-rt/router/libevent/staged/usr/local/include -I/home/forgotfun/project/Rainbow/shibby_110/release/src-rt/router/e2fsprogs/lib -I/home/forgotfun/project/Rainbow/shibby_110/release/src-rt/router/libnfsidmap/staged/usr/include -ffunction-sections -fdata-sections  conftest.c >&5
configure:7372: $? = 0
configure:7386: result: yes
configure:7390: checking dlfcn.h presence
configure:7405: mipsel-uclibc-gcc -E  conftest.c
configure:7412: $? = 0
configure:7426: result: yes
configure:7459: checking for dlfcn.h
configure:7468: result: yes
configure:7493: checking how to run the C++ preprocessor
configure:7529: mipsel-linux-g++ -E  conftest.cpp
configure:7536: $? = 0
configure:7567: mipsel-linux-g++ -E  conftest.cpp
conftest.cpp:25:28: error: ac_nonexistent.h: No such file or directory
configure:7574: $? = 1
configure: failed program was:
| /* confdefs.h.  */
| #define PACKAGE_NAME "linux nfs-utils"
| #define PACKAGE_TARNAME "nfs-utils"
| #define PACKAGE_VERSION "1.1.5"
| #define PACKAGE_STRING "linux nfs-utils 1.1.5"
| #define PACKAGE_BUGREPORT "linux-nfs@vger.kernel.org"
| #define PACKAGE "nfs-utils"
| #define VERSION "1.1.5"
| #define START_STATD "/usr/sbin/start-statd"
| #define NFS3_SUPPORTED 1
| #define NFS4_SUPPORTED 1
| #define _FILE_OFFSET_BITS 64
| #define STDC_HEADERS 1
| #define HAVE_SYS_TYPES_H 1
| #define HAVE_SYS_STAT_H 1
| #define HAVE_STDLIB_H 1
| #define HAVE_STRING_H 1
| #define HAVE_MEMORY_H 1
| #define HAVE_STRINGS_H 1
| #define HAVE_INTTYPES_H 1
| #define HAVE_STDINT_H 1
| #define HAVE_UNISTD_H 1
| #define HAVE_DLFCN_H 1
| /* end confdefs.h.  */
| #include <ac_nonexistent.h>
configure:7607: result: mipsel-linux-g++ -E
configure:7636: mipsel-linux-g++ -E  conftest.cpp
configure:7643: $? = 0
configure:7674: mipsel-linux-g++ -E  conftest.cpp
conftest.cpp:25:28: error: ac_nonexistent.h: No such file or directory
configure:7681: $? = 1
configure: failed program was:
| /* confdefs.h.  */
| #define PACKAGE_NAME "linux nfs-utils"
| #define PACKAGE_TARNAME "nfs-utils"
| #define PACKAGE_VERSION "1.1.5"
| #define PACKAGE_STRING "linux nfs-utils 1.1.5"
| #define PACKAGE_BUGREPORT "linux-nfs@vger.kernel.org"
| #define PACKAGE "nfs-utils"
| #define VERSION "1.1.5"
| #define START_STATD "/usr/sbin/start-statd"
| #define NFS3_SUPPORTED 1
| #define NFS4_SUPPORTED 1
| #define _FILE_OFFSET_BITS 64
| #define STDC_HEADERS 1
| #define HAVE_SYS_TYPES_H 1
| #define HAVE_SYS_STAT_H 1
| #define HAVE_STDLIB_H 1
| #define HAVE_STRING_H 1
| #define HAVE_MEMORY_H 1
| #define HAVE_STRINGS_H 1
| #define HAVE_INTTYPES_H 1
| #define HAVE_STDINT_H 1
| #define HAVE_UNISTD_H 1
| #define HAVE_DLFCN_H 1
| /* end confdefs.h.  */
| #include <ac_nonexistent.h>
configure:7732: checking for mipsel-linux-g77
configure:7762: result: no
configure:7732: checking for mipsel-linux-xlf
configure:7762: result: no
configure:7732: checking for mipsel-linux-f77
configure:7762: result: no
configure:7732: checking for mipsel-linux-frt
configure:7762: result: no
configure:7732: checking for mipsel-linux-pgf77
configure:7762: result: no
configure:7732: checking for mipsel-linux-cf77
configure:7762: result: no
configure:7732: checking for mipsel-linux-fort77
configure:7762: result: no
configure:7732: checking for mipsel-linux-fl32
configure:7762: result: no
configure:7732: checking for mipsel-linux-af77
configure:7762: result: no
configure:7732: checking for mipsel-linux-xlf90
configure:7762: result: no
configure:7732: checking for mipsel-linux-f90
configure:7762: result: no
configure:7732: checking for mipsel-linux-pgf90
configure:7762: result: no
configure:7732: checking for mipsel-linux-pghpf
configure:7762: result: no
configure:7732: checking for mipsel-linux-epcf90
configure:7762: result: no
configure:7732: checking for mipsel-linux-gfortran
configure:7762: result: no
configure:7732: checking for mipsel-linux-g95
configure:7762: result: no
configure:7732: checking for mipsel-linux-xlf95
configure:7762: result: no
configure:7732: checking for mipsel-linux-f95
configure:7762: result: no
configure:7732: checking for mipsel-linux-fort
configure:7762: result: no
configure:7732: checking for mipsel-linux-ifort
configure:7762: result: no
configure:7732: checking for mipsel-linux-ifc
configure:7762: result: no
configure:7732: checking for mipsel-linux-efc
configure:7762: result: no
configure:7732: checking for mipsel-linux-pgf95
configure:7762: result: no
configure:7732: checking for mipsel-linux-lf95
configure:7762: result: no
configure:7732: checking for mipsel-linux-ftn
configure:7762: result: no
configure:7776: checking for g77
configure:7806: result: no
configure:7776: checking for xlf
configure:7806: result: no
configure:7776: checking for f77
configure:7806: result: no
configure:7776: checking for frt
configure:7806: result: no
configure:7776: checking for pgf77
configure:7806: result: no
configure:7776: checking for cf77
configure:7806: result: no
configure:7776: checking for fort77
configure:7806: result: no
configure:7776: checking for fl32
configure:7806: result: no
configure:7776: checking for af77
configure:7806: result: no
configure:7776: checking for xlf90
configure:7806: result: no
configure:7776: checking for f90
configure:7806: result: no
configure:7776: checking for pgf90
configure:7806: result: no
configure:7776: checking for pghpf
configure:7806: result: no
configure:7776: checking for epcf90
configure:7806: result: no
configure:7776: checking for gfortran
configure:7806: result: no
configure:7776: checking for g95
configure:7806: result: no
configure:7776: checking for xlf95
configure:7806: result: no
configure:7776: checking for f95
configure:7806: result: no
configure:7776: checking for fort
configure:7806: result: no
configure:7776: checking for ifort
configure:7806: result: no
configure:7776: checking for ifc
configure:7806: result: no
configure:7776: checking for efc
configure:7806: result: no
configure:7776: checking for pgf95
configure:7806: result: no
configure:7776: checking for lf95
configure:7806: result: no
configure:7776: checking for ftn
configure:7806: result: no
configure:7829: checking for Fortran 77 compiler version
configure:7837:  --version >&5
./configure: 1: eval: --version: not found
configure:7841: $? = 127
configure:7848:  -v >&5
./configure: 1: eval: -v: not found
configure:7852: $? = 127
configure:7859:  -V >&5
./configure: 1: eval: -V: not found
configure:7863: $? = 127
configure:7871: checking whether we are using the GNU Fortran 77 compiler
configure:7890:  -c  conftest.F >&5
./configure: 1: eval: -c: not found
configure:7897: $? = 127
configure: failed program was:
|       program main
| #ifndef __GNUC__
|        choke me
| #endif
| 
|       end
configure:7914: result: no
configure:7920: checking whether  accepts -g
configure:7937:  -c -g conftest.f >&5
./configure: 1: eval: -c: not found
configure:7944: $? = 127
configure: failed program was:
|       program main
| 
|       end
configure:7960: result: no
configure:7993: checking the maximum length of command line arguments
configure:8105: result: 3458764513820540925
configure:8117: checking command to parse mipsel-uclibc-nm output from mipsel-uclibc-gcc object
configure:8222: mipsel-uclibc-gcc -c -Os -Wall -fno-delete-null-pointer-checks -funit-at-a-time -I/home/forgotfun/project/Rainbow/shibby_110/release/src-rt/router/libevent/staged/usr/local/include -I/home/forgotfun/project/Rainbow/shibby_110/release/src-rt/router/e2fsprogs/lib -I/home/forgotfun/project/Rainbow/shibby_110/release/src-rt/router/libnfsidmap/staged/usr/include -ffunction-sections -fdata-sections  conftest.c >&5
configure:8225: $? = 0
configure:8229: mipsel-uclibc-nm conftest.o \| sed -n -e 's/^.*[ 	]\([ABCDGIRSTW][ABCDGIRSTW]*\)[ 	][ 	]*\([_A-Za-z][_A-Za-z0-9]*\)$/  /p' \> conftest.nm
configure:8232: $? = 0
configure:8284: mipsel-uclibc-gcc -o conftest -Os -Wall -fno-delete-null-pointer-checks -funit-at-a-time -I/home/forgotfun/project/Rainbow/shibby_110/release/src-rt/router/libevent/staged/usr/local/include -I/home/forgotfun/project/Rainbow/shibby_110/release/src-rt/router/e2fsprogs/lib -I/home/forgotfun/project/Rainbow/shibby_110/release/src-rt/router/libnfsidmap/staged/usr/include -ffunction-sections -fdata-sections  -L/home/forgotfun/project/Rainbow/shibby_110/release/src-rt/router/libevent/staged/usr/local/lib -L/home/forgotfun/project/Rainbow/shibby_110/release/src-rt/router/e2fsprogs/lib -L/home/forgotfun/project/Rainbow/shibby_110/release/src-rt/router/libnfsidmap/staged/usr/lib -ffunction-sections -fdata-sections -Wl,--gc-sections -fPIC conftest.c conftstm.o >&5
configure:8287: $? = 0
configure:8325: result: ok
configure:8329: checking for objdir
configure:8344: result: .libs
configure:8396: checking for mipsel-linux-ar
configure:8423: result: mipsel-uclibc-ar
configure:8488: checking for mipsel-linux-ranlib
configure:8515: result: mipsel-uclibc-ranlib
configure:8580: checking for mipsel-linux-strip
configure:8607: result: mipsel-uclibc-strip
configure:9237: checking if mipsel-uclibc-gcc supports -fno-rtti -fno-exceptions
configure:9255: mipsel-uclibc-gcc -c -Os -Wall -fno-delete-null-pointer-checks -funit-at-a-time -I/home/forgotfun/project/Rainbow/shibby_110/release/src-rt/router/libevent/staged/usr/local/include -I/home/forgotfun/project/Rainbow/shibby_110/release/src-rt/router/e2fsprogs/lib -I/home/forgotfun/project/Rainbow/shibby_110/release/src-rt/router/libnfsidmap/staged/usr/include -ffunction-sections -fdata-sections  -fno-rtti -fno-exceptions conftest.c >&5
cc1: warning: command line option "-fno-rtti" is valid for C++/ObjC++ but not for C
configure:9259: $? = 0
configure:9272: result: no
configure:9287: checking for mipsel-uclibc-gcc option to produce PIC
configure:9519: result: -fPIC
configure:9527: checking if mipsel-uclibc-gcc PIC flag -fPIC works
configure:9545: mipsel-uclibc-gcc -c -Os -Wall -fno-delete-null-pointer-checks -funit-at-a-time -I/home/forgotfun/project/Rainbow/shibby_110/release/src-rt/router/libevent/staged/usr/local/include -I/home/forgotfun/project/Rainbow/shibby_110/release/src-rt/router/e2fsprogs/lib -I/home/forgotfun/project/Rainbow/shibby_110/release/src-rt/router/libnfsidmap/staged/usr/include -ffunction-sections -fdata-sections  -fPIC -DPIC conftest.c >&5
configure:9549: $? = 0
configure:9562: result: yes
configure:9590: checking if mipsel-uclibc-gcc static flag -static works
configure:9618: result: yes
configure:9628: checking if mipsel-uclibc-gcc supports -c -o file.o
configure:9649: mipsel-uclibc-gcc -c -Os -Wall -fno-delete-null-pointer-checks -funit-at-a-time -I/home/forgotfun/project/Rainbow/shibby_110/release/src-rt/router/libevent/staged/usr/local/include -I/home/forgotfun/project/Rainbow/shibby_110/release/src-rt/router/e2fsprogs/lib -I/home/forgotfun/project/Rainbow/shibby_110/release/src-rt/router/libnfsidmap/staged/usr/include -ffunction-sections -fdata-sections  -o out/conftest2.o conftest.c >&5
configure:9653: $? = 0
configure:9675: result: yes
configure:9701: checking whether the mipsel-uclibc-gcc linker (mipsel-uclibc-ld) supports shared libraries
configure:10689: result: yes
configure:10710: checking whether -lc should be explicitly linked in
configure:10715: mipsel-uclibc-gcc -c -Os -Wall -fno-delete-null-pointer-checks -funit-at-a-time -I/home/forgotfun/project/Rainbow/shibby_110/release/src-rt/router/libevent/staged/usr/local/include -I/home/forgotfun/project/Rainbow/shibby_110/release/src-rt/router/e2fsprogs/lib -I/home/forgotfun/project/Rainbow/shibby_110/release/src-rt/router/libnfsidmap/staged/usr/include -ffunction-sections -fdata-sections  conftest.c >&5
configure:10718: $? = 0
configure:10733: mipsel-uclibc-gcc -shared conftest.o  -v -Wl,-soname -Wl,conftest -o conftest 2\>\&1 \| grep  -lc  \>/dev/null 2\>\&1
configure:10736: $? = 0
configure:10748: result: no
configure:10756: checking dynamic linker characteristics
configure:11360: result: GNU/Linux ld.so
configure:11384: checking how to hardcode library paths into programs
configure:11409: result: immediate
configure:11423: checking whether stripping libraries is possible
configure:11428: result: yes
configure:12258: checking if libtool supports shared libraries
configure:12260: result: yes
configure:12263: checking whether to build shared libraries
configure:12284: result: yes
configure:12287: checking whether to build static libraries
configure:12291: result: yes
configure:12385: creating libtool
configure:12978: checking for ld used by mipsel-linux-g++
configure:13045: result: mipsel-uclibc-ld
configure:13054: checking if the linker (mipsel-uclibc-ld) is GNU ld
configure:13069: result: yes
configure:13120: checking whether the mipsel-linux-g++ linker (mipsel-uclibc-ld) supports shared libraries
configure:14074: result: yes
configure:14091: mipsel-linux-g++ -c -g -O2  conftest.cpp >&5
configure:14094: $? = 0
configure:14250: checking for mipsel-linux-g++ option to produce PIC
configure:14534: result: -fPIC
configure:14542: checking if mipsel-linux-g++ PIC flag -fPIC works
configure:14560: mipsel-linux-g++ -c -g -O2  -fPIC -DPIC conftest.cpp >&5
configure:14564: $? = 0
configure:14577: result: yes
configure:14605: checking if mipsel-linux-g++ static flag -static works
configure:14633: result: yes
configure:14643: checking if mipsel-linux-g++ supports -c -o file.o
configure:14664: mipsel-linux-g++ -c -g -O2  -o out/conftest2.o conftest.cpp >&5
configure:14668: $? = 0
configure:14690: result: yes
configure:14716: checking whether the mipsel-linux-g++ linker (mipsel-uclibc-ld) supports shared libraries
configure:14742: result: yes
configure:14809: checking dynamic linker characteristics
configure:15361: result: GNU/Linux ld.so
configure:15385: checking how to hardcode library paths into programs
configure:15410: result: immediate
configure:21652: checking whether mipsel-uclibc-gcc and cc understand -c and -o together
configure:21687: mipsel-uclibc-gcc -c conftest.c -o conftest2.o >&5
configure:21691: $? = 0
configure:21697: mipsel-uclibc-gcc -c conftest.c -o conftest2.o >&5
configure:21701: $? = 0
configure:21712: cc -c conftest.c >&5
configure:21716: $? = 0
configure:21724: cc -c conftest.c -o conftest2.o >&5
configure:21728: $? = 0
configure:21734: cc -c conftest.c -o conftest2.o >&5
configure:21738: $? = 0
configure:21756: result: yes
configure:21794: checking for mipsel-linux-ar
configure:21821: result: mipsel-uclibc-ar
configure:21886: checking for mipsel-linux-ld
configure:21913: result: mipsel-uclibc-ld
configure:21976: checking for ANSI C header files
configure:22144: result: yes
configure:22155: checking for GNU libc2
configure:22178: mipsel-uclibc-gcc -E  conftest.c
configure:22185: $? = 0
configure:22201: result: yes
configure:22209: checking for BSD signal semantics
configure:22291: result: no
configure:22300: checking for gethostbyname
configure:22356: mipsel-uclibc-gcc -o conftest -Os -Wall -fno-delete-null-pointer-checks -funit-at-a-time -I/home/forgotfun/project/Rainbow/shibby_110/release/src-rt/router/libevent/staged/usr/local/include -I/home/forgotfun/project/Rainbow/shibby_110/release/src-rt/router/e2fsprogs/lib -I/home/forgotfun/project/Rainbow/shibby_110/release/src-rt/router/libnfsidmap/staged/usr/include -ffunction-sections -fdata-sections  -D_GNU_SOURCE -L/home/forgotfun/project/Rainbow/shibby_110/release/src-rt/router/libevent/staged/usr/local/lib -L/home/forgotfun/project/Rainbow/shibby_110/release/src-rt/router/e2fsprogs/lib -L/home/forgotfun/project/Rainbow/shibby_110/release/src-rt/router/libnfsidmap/staged/usr/lib -ffunction-sections -fdata-sections -Wl,--gc-sections -fPIC conftest.c  >&5
configure:22363: $? = 0
configure:22383: result: yes
configure:22461: checking for connect
configure:22517: mipsel-uclibc-gcc -o conftest -Os -Wall -fno-delete-null-pointer-checks -funit-at-a-time -I/home/forgotfun/project/Rainbow/shibby_110/release/src-rt/router/libevent/staged/usr/local/include -I/home/forgotfun/project/Rainbow/shibby_110/release/src-rt/router/e2fsprogs/lib -I/home/forgotfun/project/Rainbow/shibby_110/release/src-rt/router/libnfsidmap/staged/usr/include -ffunction-sections -fdata-sections  -D_GNU_SOURCE -L/home/forgotfun/project/Rainbow/shibby_110/release/src-rt/router/libevent/staged/usr/local/lib -L/home/forgotfun/project/Rainbow/shibby_110/release/src-rt/router/e2fsprogs/lib -L/home/forgotfun/project/Rainbow/shibby_110/release/src-rt/router/libnfsidmap/staged/usr/lib -ffunction-sections -fdata-sections -Wl,--gc-sections -fPIC conftest.c  >&5
configure:22524: $? = 0
configure:22544: result: yes
configure:22625: checking for getaddrinfo
configure:22681: mipsel-uclibc-gcc -o conftest -Os -Wall -fno-delete-null-pointer-checks -funit-at-a-time -I/home/forgotfun/project/Rainbow/shibby_110/release/src-rt/router/libevent/staged/usr/local/include -I/home/forgotfun/project/Rainbow/shibby_110/release/src-rt/router/e2fsprogs/lib -I/home/forgotfun/project/Rainbow/shibby_110/release/src-rt/router/libnfsidmap/staged/usr/include -ffunction-sections -fdata-sections  -D_GNU_SOURCE -L/home/forgotfun/project/Rainbow/shibby_110/release/src-rt/router/libevent/staged/usr/local/lib -L/home/forgotfun/project/Rainbow/shibby_110/release/src-rt/router/e2fsprogs/lib -L/home/forgotfun/project/Rainbow/shibby_110/release/src-rt/router/libnfsidmap/staged/usr/lib -ffunction-sections -fdata-sections -Wl,--gc-sections -fPIC conftest.c  >&5
configure:22688: $? = 0
configure:22708: result: yes
configure:22712: checking for getrpcbynumber
configure:22768: mipsel-uclibc-gcc -o conftest -Os -Wall -fno-delete-null-pointer-checks -funit-at-a-time -I/home/forgotfun/project/Rainbow/shibby_110/release/src-rt/router/libevent/staged/usr/local/include -I/home/forgotfun/project/Rainbow/shibby_110/release/src-rt/router/e2fsprogs/lib -I/home/forgotfun/project/Rainbow/shibby_110/release/src-rt/router/libnfsidmap/staged/usr/include -ffunction-sections -fdata-sections  -D_GNU_SOURCE -L/home/forgotfun/project/Rainbow/shibby_110/release/src-rt/router/libevent/staged/usr/local/lib -L/home/forgotfun/project/Rainbow/shibby_110/release/src-rt/router/e2fsprogs/lib -L/home/forgotfun/project/Rainbow/shibby_110/release/src-rt/router/libnfsidmap/staged/usr/lib -ffunction-sections -fdata-sections -Wl,--gc-sections -fPIC conftest.c  >&5
configure:22775: $? = 0
configure:22795: result: yes
configure:22799: checking for getservbyname
configure:22855: mipsel-uclibc-gcc -o conftest -Os -Wall -fno-delete-null-pointer-checks -funit-at-a-time -I/home/forgotfun/project/Rainbow/shibby_110/release/src-rt/router/libevent/staged/usr/local/include -I/home/forgotfun/project/Rainbow/shibby_110/release/src-rt/router/e2fsprogs/lib -I/home/forgotfun/project/Rainbow/shibby_110/release/src-rt/router/libnfsidmap/staged/usr/include -ffunction-sections -fdata-sections  -D_GNU_SOURCE -L/home/forgotfun/project/Rainbow/shibby_110/release/src-rt/router/libevent/staged/usr/local/lib -L/home/forgotfun/project/Rainbow/shibby_110/release/src-rt/router/e2fsprogs/lib -L/home/forgotfun/project/Rainbow/shibby_110/release/src-rt/router/libnfsidmap/staged/usr/lib -ffunction-sections -fdata-sections -Wl,--gc-sections -fPIC conftest.c  >&5
configure:22862: $? = 0
configure:22882: result: yes
configure:22886: checking for crypt in -lcrypt
configure:22921: mipsel-uclibc-gcc -o conftest -Os -Wall -fno-delete-null-pointer-checks -funit-at-a-time -I/home/forgotfun/project/Rainbow/shibby_110/release/src-rt/router/libevent/staged/usr/local/include -I/home/forgotfun/project/Rainbow/shibby_110/release/src-rt/router/e2fsprogs/lib -I/home/forgotfun/project/Rainbow/shibby_110/release/src-rt/router/libnfsidmap/staged/usr/include -ffunction-sections -fdata-sections  -D_GNU_SOURCE -L/home/forgotfun/project/Rainbow/shibby_110/release/src-rt/router/libevent/staged/usr/local/lib -L/home/forgotfun/project/Rainbow/shibby_110/release/src-rt/router/e2fsprogs/lib -L/home/forgotfun/project/Rainbow/shibby_110/release/src-rt/router/libnfsidmap/staged/usr/lib -ffunction-sections -fdata-sections -Wl,--gc-sections -fPIC conftest.c -lcrypt   >&5
configure:22928: $? = 0
configure:22949: result: yes
configure:22956: checking for event_dispatch in -levent
configure:22991: mipsel-uclibc-gcc -o conftest -Os -Wall -fno-delete-null-pointer-checks -funit-at-a-time -I/home/forgotfun/project/Rainbow/shibby_110/release/src-rt/router/libevent/staged/usr/local/include -I/home/forgotfun/project/Rainbow/shibby_110/release/src-rt/router/e2fsprogs/lib -I/home/forgotfun/project/Rainbow/shibby_110/release/src-rt/router/libnfsidmap/staged/usr/include -ffunction-sections -fdata-sections  -D_GNU_SOURCE -L/home/forgotfun/project/Rainbow/shibby_110/release/src-rt/router/libevent/staged/usr/local/lib -L/home/forgotfun/project/Rainbow/shibby_110/release/src-rt/router/e2fsprogs/lib -L/home/forgotfun/project/Rainbow/shibby_110/release/src-rt/router/libnfsidmap/staged/usr/lib -ffunction-sections -fdata-sections -Wl,--gc-sections -fPIC conftest.c -levent   >&5
/opt/brcm/K26/hndtools-mipsel-uclibc-4.2.4/bin/../lib/gcc/mipsel-linux-uclibc/4.2.4/../../../../mipsel-linux-uclibc/bin/ld: cannot find -levent
collect2: ld returned 1 exit status
configure:22998: $? = 1
configure: failed program was:
| /* confdefs.h.  */
| #define PACKAGE_NAME "linux nfs-utils"
| #define PACKAGE_TARNAME "nfs-utils"
| #define PACKAGE_VERSION "1.1.5"
| #define PACKAGE_STRING "linux nfs-utils 1.1.5"
| #define PACKAGE_BUGREPORT "linux-nfs@vger.kernel.org"
| #define PACKAGE "nfs-utils"
| #define VERSION "1.1.5"
| #define START_STATD "/usr/sbin/start-statd"
| #define NFS3_SUPPORTED 1
| #define NFS4_SUPPORTED 1
| #define _FILE_OFFSET_BITS 64
| #define STDC_HEADERS 1
| #define HAVE_SYS_TYPES_H 1
| #define HAVE_SYS_STAT_H 1
| #define HAVE_STDLIB_H 1
| #define HAVE_STRING_H 1
| #define HAVE_MEMORY_H 1
| #define HAVE_STRINGS_H 1
| #define HAVE_INTTYPES_H 1
| #define HAVE_STDINT_H 1
| #define HAVE_UNISTD_H 1
| #define HAVE_DLFCN_H 1
| #define STDC_HEADERS 1
| /* end confdefs.h.  */
| 
| /* Override any GCC internal prototype to avoid an error.
|    Use char because int might match the return type of a GCC
|    builtin and then its argument prototype would still apply.  */
| #ifdef __cplusplus
| extern "C"
| #endif
| char event_dispatch ();
| int
| main ()
| {
| return event_dispatch ();
|   ;
|   return 0;
| }
configure:23019: result: no
configure:23024: error: libevent needed for nfsv4 support

## ---------------- ##
## Cache variables. ##
## ---------------- ##

ac_cv_build='x86_64-pc-linux-gnu'
ac_cv_c_compiler_gnu='yes'
ac_cv_cxx_compiler_gnu='yes'
ac_cv_env_CCC_set=''
ac_cv_env_CCC_value=''
ac_cv_env_CC_set='set'
ac_cv_env_CC_value='mipsel-uclibc-gcc'
ac_cv_env_CFLAGS_set='set'
ac_cv_env_CFLAGS_value='-Os -Wall -fno-delete-null-pointer-checks -funit-at-a-time -I/home/forgotfun/project/Rainbow/shibby_110/release/src-rt/router/libevent/staged/usr/local/include -I/home/forgotfun/project/Rainbow/shibby_110/release/src-rt/router/e2fsprogs/lib -I/home/forgotfun/project/Rainbow/shibby_110/release/src-rt/router/libnfsidmap/staged/usr/include -ffunction-sections -fdata-sections'
ac_cv_env_CPPFLAGS_set=''
ac_cv_env_CPPFLAGS_value=''
ac_cv_env_CPP_set=''
ac_cv_env_CPP_value=''
ac_cv_env_CXXCPP_set=''
ac_cv_env_CXXCPP_value=''
ac_cv_env_CXXFLAGS_set=''
ac_cv_env_CXXFLAGS_value=''
ac_cv_env_CXX_set=''
ac_cv_env_CXX_value=''
ac_cv_env_F77_set=''
ac_cv_env_F77_value=''
ac_cv_env_FFLAGS_set=''
ac_cv_env_FFLAGS_value=''
ac_cv_env_GSSGLUE_CFLAGS_set=''
ac_cv_env_GSSGLUE_CFLAGS_value=''
ac_cv_env_GSSGLUE_LIBS_set=''
ac_cv_env_GSSGLUE_LIBS_value=''
ac_cv_env_LDFLAGS_set='set'
ac_cv_env_LDFLAGS_value='-L/home/forgotfun/project/Rainbow/shibby_110/release/src-rt/router/libevent/staged/usr/local/lib -L/home/forgotfun/project/Rainbow/shibby_110/release/src-rt/router/e2fsprogs/lib -L/home/forgotfun/project/Rainbow/shibby_110/release/src-rt/router/libnfsidmap/staged/usr/lib -ffunction-sections -fdata-sections -Wl,--gc-sections -fPIC'
ac_cv_env_LIBS_set=''
ac_cv_env_LIBS_value=''
ac_cv_env_PKG_CONFIG_set=''
ac_cv_env_PKG_CONFIG_value=''
ac_cv_env_RPCSECGSS_CFLAGS_set=''
ac_cv_env_RPCSECGSS_CFLAGS_value=''
ac_cv_env_RPCSECGSS_LIBS_set=''
ac_cv_env_RPCSECGSS_LIBS_value=''
ac_cv_env_build_alias_set='set'
ac_cv_env_build_alias_value='x86_64-linux-gnu'
ac_cv_env_host_alias_set='set'
ac_cv_env_host_alias_value='mipsel-linux'
ac_cv_env_target_alias_set=''
ac_cv_env_target_alias_value=''
ac_cv_f77_compiler_gnu='no'
ac_cv_func_connect='yes'
ac_cv_func_getaddrinfo='yes'
ac_cv_func_gethostbyname='yes'
ac_cv_func_getrpcbynumber='yes'
ac_cv_func_getservbyname='yes'
ac_cv_func_malloc_0_nonnull='yes'
ac_cv_header_dlfcn_h='yes'
ac_cv_header_inttypes_h='yes'
ac_cv_header_memory_h='yes'
ac_cv_header_stdc='yes'
ac_cv_header_stdint_h='yes'
ac_cv_header_stdlib_h='yes'
ac_cv_header_string_h='yes'
ac_cv_header_strings_h='yes'
ac_cv_header_sys_stat_h='yes'
ac_cv_header_sys_types_h='yes'
ac_cv_header_unistd_h='yes'
ac_cv_host='mipsel-unknown-linux-gnu'
ac_cv_lib_crypt_crypt='yes'
ac_cv_lib_event_event_dispatch='no'
ac_cv_objext='o'
ac_cv_path_EGREP='/bin/grep -E'
ac_cv_path_GREP='/bin/grep'
ac_cv_path_install='/usr/bin/install -c'
ac_cv_path_mkdir='/bin/mkdir'
ac_cv_prog_AR='mipsel-uclibc-ar'
ac_cv_prog_AWK='mawk'
ac_cv_prog_CC='mipsel-uclibc-gcc'
ac_cv_prog_CPP='mipsel-uclibc-gcc -E'
ac_cv_prog_CXX='mipsel-linux-g++'
ac_cv_prog_CXXCPP='mipsel-linux-g++ -E'
ac_cv_prog_LD='mipsel-uclibc-ld'
ac_cv_prog_RANLIB='mipsel-uclibc-ranlib'
ac_cv_prog_STRIP='mipsel-uclibc-strip'
ac_cv_prog_cc_c89=''
ac_cv_prog_cc_g='yes'
ac_cv_prog_cc_mipsel_uclibc_gcc_c_o='yes'
ac_cv_prog_cxx_g='yes'
ac_cv_prog_f77_g='no'
ac_cv_prog_make_make_set='yes'
ac_cv_sys_file_offset_bits='64'
ac_cv_sys_largefile_CC='no'
am_cv_CC_dependencies_compiler_type='gcc3'
am_cv_CXX_dependencies_compiler_type='gcc3'
knfsd_cv_bsd_signals='no'
knfsd_cv_glibc2='yes'
lt_cv_deplibs_check_method='pass_all'
lt_cv_file_magic_cmd='$MAGIC_CMD'
lt_cv_file_magic_test_file=''
lt_cv_ld_reload_flag='-r'
lt_cv_objdir='.libs'
lt_cv_path_LD='mipsel-uclibc-ld'
lt_cv_path_LDCXX='mipsel-uclibc-ld'
lt_cv_path_NM='mipsel-uclibc-nm'
lt_cv_path_SED='/bin/sed'
lt_cv_prog_compiler_c_o='yes'
lt_cv_prog_compiler_c_o_CXX='yes'
lt_cv_prog_compiler_pic_works='yes'
lt_cv_prog_compiler_pic_works_CXX='yes'
lt_cv_prog_compiler_rtti_exceptions='no'
lt_cv_prog_compiler_static_works='yes'
lt_cv_prog_compiler_static_works_CXX='yes'
lt_cv_prog_gnu_ld='yes'
lt_cv_prog_gnu_ldcxx='yes'
lt_cv_sys_global_symbol_pipe='sed -n -e '"'"'s/^.*[ 	]\([ABCDGIRSTW][ABCDGIRSTW]*\)[ 	][ 	]*\([_A-Za-z][_A-Za-z0-9]*\)$/\1 \2 \2/p'"'"
lt_cv_sys_global_symbol_to_c_name_address='sed -n -e '"'"'s/^: \([^ ]*\) $/  {\"\1\", (lt_ptr) 0},/p'"'"' -e '"'"'s/^[BCDEGRST] \([^ ]*\) \([^ ]*\)$/  {"\2", (lt_ptr) \&\2},/p'"'"
lt_cv_sys_global_symbol_to_cdecl='sed -n -e '"'"'s/^. .* \(.*\)$/extern int \1;/p'"'"
lt_cv_sys_lib_dlsearch_path_spec='/usr/lib /lib /usr/lib/x86_64-linux-gnu/libfakeroot /usr/lib/i386-linux-gnu/mesa /lib/i386-linux-gnu /usr/lib/i386-linux-gnu /lib/i686-linux-gnu /usr/lib/i686-linux-gnu /usr/local/lib /lib/x86_64-linux-gnu /usr/lib/x86_64-linux-gnu /usr/lib/x86_64-linux-gnu/mesa-egl /usr/lib/x86_64-linux-gnu/mesa /lib32 /usr/lib32 /libx32 /usr/libx32 '
lt_cv_sys_lib_search_path_spec='/usr/lib /lib /usr/local/lib'
lt_cv_sys_max_cmd_len='3458764513820540925'
lt_lt_cv_prog_compiler_c_o='"yes"'
lt_lt_cv_prog_compiler_c_o_CXX='"yes"'
lt_lt_cv_sys_global_symbol_pipe='"sed -n -e '"'"'s/^.*[ 	]\\([ABCDGIRSTW][ABCDGIRSTW]*\\)[ 	][ 	]*\\([_A-Za-z][_A-Za-z0-9]*\\)\$/\\1 \\2 \\2/p'"'"'"'
lt_lt_cv_sys_global_symbol_to_c_name_address='"sed -n -e '"'"'s/^: \\([^ ]*\\) \$/  {\\\"\\1\\\", (lt_ptr) 0},/p'"'"' -e '"'"'s/^[BCDEGRST] \\([^ ]*\\) \\([^ ]*\\)\$/  {\"\\2\", (lt_ptr) \\&\\2},/p'"'"'"'
lt_lt_cv_sys_global_symbol_to_cdecl='"sed -n -e '"'"'s/^. .* \\(.*\\)\$/extern int \\1;/p'"'"'"'

## ----------------- ##
## Output variables. ##
## ----------------- ##

ACLOCAL='${SHELL} /home/rainkid/workspace/bcwifi/release/src/router/nfs-utils/missing --run aclocal-1.10'
ACLOCAL_AMFLAGS=''
ALLOCA=''
AMDEPBACKSLASH='\'
AMDEP_FALSE='#'
AMDEP_TRUE=''
AMTAR='${SHELL} /home/rainkid/workspace/bcwifi/release/src/router/nfs-utils/missing --run tar'
AM_CFLAGS=''
AR='mipsel-uclibc-ar'
AUTOCONF='${SHELL} /home/rainkid/workspace/bcwifi/release/src/router/nfs-utils/missing --run autoconf'
AUTOHEADER='${SHELL} /home/rainkid/workspace/bcwifi/release/src/router/nfs-utils/missing --run autoheader'
AUTOMAKE='${SHELL} /home/rainkid/workspace/bcwifi/release/src/router/nfs-utils/missing --run automake-1.10'
AWK='mawk'
CC='mipsel-uclibc-gcc'
CCDEPMODE='depmode=gcc3'
CC_FOR_BUILD='gcc'
CFLAGS='-Os -Wall -fno-delete-null-pointer-checks -funit-at-a-time -I/home/forgotfun/project/Rainbow/shibby_110/release/src-rt/router/libevent/staged/usr/local/include -I/home/forgotfun/project/Rainbow/shibby_110/release/src-rt/router/e2fsprogs/lib -I/home/forgotfun/project/Rainbow/shibby_110/release/src-rt/router/libnfsidmap/staged/usr/include -ffunction-sections -fdata-sections'
CFLAGS_FOR_BUILD=''
CONFIG_GSS_FALSE=''
CONFIG_GSS_TRUE='#'
CONFIG_IPV6_FALSE=''
CONFIG_IPV6_TRUE='#'
CONFIG_MOUNT_FALSE='#'
CONFIG_MOUNT_TRUE=''
CONFIG_NFSV4_FALSE='#'
CONFIG_NFSV4_TRUE=''
CONFIG_RPCGEN_FALSE=''
CONFIG_RPCGEN_TRUE='#'
CONFIG_TIRPC_FALSE=''
CONFIG_TIRPC_TRUE='#'
CPP='mipsel-uclibc-gcc -E'
CPPFLAGS=' -D_GNU_SOURCE'
CPPFLAGS_FOR_BUILD=' -D_GNU_SOURCE'
CXX='mipsel-linux-g++'
CXXCPP='mipsel-linux-g++ -E'
CXXDEPMODE='depmode=gcc3'
CXXFLAGS='-g -O2'
CXXFLAGS_FOR_BUILD=''
CYGPATH_W='echo'
DEFS=''
DEPDIR='.deps'
DSYMUTIL=''
ECHO='/bin/echo'
ECHO_C=''
ECHO_N='-n'
ECHO_T=''
EGREP='/bin/grep -E'
EXEEXT=''
F77=''
FFLAGS=''
GREP='/bin/grep'
GSSD=''
GSSGLUE_CFLAGS=''
GSSGLUE_LIBS=''
HAVE_LIBWRAP=''
HAVE_TCP_WRAPPER=''
IDMAPD='idmapd'
INSTALL_DATA='${INSTALL} -m 644'
INSTALL_PROGRAM='${INSTALL}'
INSTALL_SCRIPT='${INSTALL}'
INSTALL_STRIP_PROGRAM='$(install_sh) -c -s'
K5VERS=''
KRBCFLAGS=''
KRBDIR=''
KRBLDFLAGS=''
KRBLIBS=''
LD='mipsel-uclibc-ld'
LDFLAGS='-L/home/forgotfun/project/Rainbow/shibby_110/release/src-rt/router/libevent/staged/usr/local/lib -L/home/forgotfun/project/Rainbow/shibby_110/release/src-rt/router/e2fsprogs/lib -L/home/forgotfun/project/Rainbow/shibby_110/release/src-rt/router/libnfsidmap/staged/usr/lib -ffunction-sections -fdata-sections -Wl,--gc-sections -fPIC'
LDFLAGS_FOR_BUILD=''
LIBBLKID=''
LIBBSD=''
LIBCRYPT='-lcrypt'
LIBNSL=''
LIBOBJS=''
LIBS=''
LIBSOCKET=''
LIBTOOL='$(SHELL) $(top_builddir)/libtool'
LIBWRAP=''
LN_S='ln -s'
LTLIBOBJS=''
MAINT='#'
MAINTAINER_MODE_FALSE=''
MAINTAINER_MODE_TRUE='#'
MAKEINFO='${SHELL} /home/rainkid/workspace/bcwifi/release/src/router/nfs-utils/missing --run makeinfo'
MKDIR_P='/bin/mkdir -p'
NMEDIT=''
OBJEXT='o'
PACKAGE='nfs-utils'
PACKAGE_BUGREPORT='linux-nfs@vger.kernel.org'
PACKAGE_NAME='linux nfs-utils'
PACKAGE_STRING='linux nfs-utils 1.1.5'
PACKAGE_TARNAME='nfs-utils'
PACKAGE_VERSION='1.1.5'
PATH_SEPARATOR=':'
PKG_CONFIG=''
RANLIB='mipsel-uclibc-ranlib'
RELEASE='1'
RPCGEN_PATH='yes'
RPCSECGSS_CFLAGS=''
RPCSECGSS_LIBS=''
SED='/bin/sed'
SET_MAKE=''
SHELL='/bin/sh'
STRIP='mipsel-uclibc-strip'
SVCGSSD=''
VERSION='1.1.5'
ac_ct_CC=''
ac_ct_CXX=''
ac_ct_F77=''
am__fastdepCC_FALSE='#'
am__fastdepCC_TRUE=''
am__fastdepCXX_FALSE='#'
am__fastdepCXX_TRUE=''
am__include='include'
am__isrc=''
am__leading_dot='.'
am__quote=''
am__tar='${AMTAR} chof - "$$tardir"'
am__untar='${AMTAR} xf -'
bindir='${exec_prefix}/bin'
build='x86_64-pc-linux-gnu'
build_alias='x86_64-linux-gnu'
build_cpu='x86_64'
build_os='linux-gnu'
build_vendor='pc'
datadir='${datarootdir}'
datarootdir='${prefix}/share'
docdir='${datarootdir}/doc/${PACKAGE_TARNAME}'
dvidir='${docdir}'
enable_gss=''
enable_ipv6=''
enable_nfsv3='yes'
enable_nfsv4='yes'
enable_tirpc='no'
exec_prefix='NONE'
host='mipsel-unknown-linux-gnu'
host_alias='mipsel-linux'
host_cpu='mipsel'
host_os='linux-gnu'
host_vendor='unknown'
htmldir='${docdir}'
includedir='${prefix}/include'
infodir='${datarootdir}/info'
install_sh='$(SHELL) /home/rainkid/workspace/bcwifi/release/src/router/nfs-utils/install-sh'
kprefix=''
libdir='${exec_prefix}/lib'
libexecdir='${exec_prefix}/libexec'
localedir='${datarootdir}/locale'
localstatedir='${prefix}/var'
mandir='${datarootdir}/man'
mkdir_p='/bin/mkdir -p'
oldincludedir='/usr/include'
pdfdir='${docdir}'
prefix='NONE'
program_transform_name='s,x,x,'
psdir='${docdir}'
sbindir='${exec_prefix}/sbin'
sharedstatedir='${prefix}/com'
startstatd='/usr/sbin/start-statd'
statduser='nobody'
statedir='/var/lib/nfs'
sysconfdir='${prefix}/etc'
target_alias=''

## ----------- ##
## confdefs.h. ##
## ----------- ##

#define PACKAGE_NAME "linux nfs-utils"
#define PACKAGE_TARNAME "nfs-utils"
#define PACKAGE_VERSION "1.1.5"
#define PACKAGE_STRING "linux nfs-utils 1.1.5"
#define PACKAGE_BUGREPORT "linux-nfs@vger.kernel.org"
#define PACKAGE "nfs-utils"
#define VERSION "1.1.5"
#define START_STATD "/usr/sbin/start-statd"
#define NFS3_SUPPORTED 1
#define NFS4_SUPPORTED 1
#define _FILE_OFFSET_BITS 64
#define STDC_HEADERS 1
#define HAVE_SYS_TYPES_H 1
#define HAVE_SYS_STAT_H 1
#define HAVE_STDLIB_H 1
#define HAVE_STRING_H 1
#define HAVE_MEMORY_H 1
#define HAVE_STRINGS_H 1
#define HAVE_INTTYPES_H 1
#define HAVE_STDINT_H 1
#define HAVE_UNISTD_H 1
#define HAVE_DLFCN_H 1
#define STDC_HEADERS 1

configure: exit 1
